2026-03-15 19:03:21.396 [info] Reading sessions from keychain...
2026-03-15 19:03:21.396 [info] Getting sessions for all scopes...
2026-03-15 19:03:21.396 [info] Got 0 sessions for ...
2026-03-15 19:03:21.396 [info] Getting sessions for all scopes...
2026-03-15 19:03:21.396 [info] Got 0 sessions for ...
2026-03-15 19:03:21.396 [info] Getting sessions for all scopes...
2026-03-15 19:03:21.396 [info] Got 0 sessions for ...
2026-03-15 19:03:21.396 [info] Getting sessions for all scopes...
2026-03-15 19:03:21.396 [info] Got 0 sessions for ...
2026-03-15 19:03:21.396 [info] Getting sessions for all scopes...
2026-03-15 19:03:21.396 [info] Got 0 sessions for ...
2026-03-15 19:03:21.396 [info] Getting sessions for all scopes...
2026-03-15 19:03:21.396 [info] Got 0 sessions for ...
2026-03-15 19:03:21.396 [info] Getting sessions for all scopes...
2026-03-15 19:03:21.396 [info] Got 0 sessions for ...
2026-03-15 19:03:21.441 [info] Getting sessions for user:email...
2026-03-15 19:03:21.441 [info] Got 0 sessions for user:email...
2026-03-15 19:03:21.441 [info] Getting sessions for read:user,repo,user:email,workflow...
2026-03-15 19:03:21.441 [info] Got 0 sessions for read:user,repo,user:email,workflow...
2026-03-15 19:03:21.450 [info] Getting sessions for all scopes...
2026-03-15 19:03:21.452 [info] Got 0 sessions for ...
2026-03-15 19:03:21.461 [info] Getting sessions for user:email...
2026-03-15 19:03:21.461 [info] Got 0 sessions for user:email...
2026-03-15 19:03:22.035 [info] Getting sessions for read:user,repo,user:email,workflow...
2026-03-15 19:03:22.035 [info] Got 0 sessions for read:user,repo,user:email,workflow...
2026-03-15 19:03:22.276 [info] Getting sessions for all scopes...
2026-03-15 19:03:22.276 [info] Got 0 sessions for ...
2026-03-15 19:03:22.276 [info] Getting sessions for all scopes...
2026-03-15 19:03:22.276 [info] Got 0 sessions for ...
2026-03-15 19:03:22.474 [info] Getting sessions for all scopes...
2026-03-15 19:03:22.474 [info] Got 0 sessions for ...
2026-03-15 19:03:22.480 [info] Getting sessions for all scopes...
2026-03-15 19:03:22.480 [info] Got 0 sessions for ...
2026-03-15 19:03:22.694 [info] Getting sessions for user:email...
2026-03-15 19:03:22.694 [info] Got 0 sessions for user:email...
2026-03-15 19:03:22.694 [info] Getting sessions for read:user,repo,user:email,workflow...
2026-03-15 19:03:22.694 [info] Got 0 sessions for read:user,repo,user:email,workflow...
2026-03-15 19:03:22.709 [info] Getting sessions for read:user,repo,user:email...
2026-03-15 19:03:22.709 [info] Got 0 sessions for read:user,repo,user:email...
2026-03-15 19:03:22.715 [info] Getting sessions for all scopes...
2026-03-15 19:03:22.715 [info] Got 0 sessions for ...
2026-03-15 19:03:22.722 [info] Getting sessions for read:user,repo,user:email,workflow...
2026-03-15 19:03:22.722 [info] Got 0 sessions for read:user,repo,user:email,workflow...
2026-03-15 19:03:22.729 [info] Getting sessions for read:user,repo,user:email...
2026-03-15 19:03:22.729 [info] Got 0 sessions for read:user,repo,user:email...
2026-03-15 19:04:56.511 [info] Getting sessions for all scopes...
2026-03-15 19:04:56.512 [info] Got 0 sessions for ...
2026-03-15 19:04:56.512 [info] Getting sessions for user:email...
2026-03-15 19:04:56.512 [info] Got 0 sessions for user:email...
2026-03-15 19:04:56.612 [info] Getting sessions for all scopes...
2026-03-15 19:04:56.612 [info] Got 0 sessions for ...
2026-03-15 19:04:56.612 [info] Getting sessions for all scopes...
2026-03-15 19:04:56.612 [info] Got 0 sessions for ...
2026-03-15 19:04:56.956 [info] Getting sessions for all scopes...
2026-03-15 19:04:56.956 [info] Got 0 sessions for ...
2026-03-15 19:04:56.957 [info] Getting sessions for user:email...
2026-03-15 19:04:56.957 [info] Got 0 sessions for user:email...
2026-03-15 19:04:57.095 [info] Getting sessions for all scopes...
2026-03-15 19:04:57.095 [info] Got 0 sessions for ...
2026-03-15 19:04:57.105 [info] Getting sessions for user:email...
2026-03-15 19:04:57.105 [info] Got 0 sessions for user:email...
2026-03-15 19:04:57.239 [info] Getting sessions for all scopes...
2026-03-15 19:04:57.239 [info] Got 0 sessions for ...
2026-03-15 19:04:57.240 [info] Getting sessions for user:email...
2026-03-15 19:04:57.240 [info] Got 0 sessions for user:email...
2026-03-15 19:05:02.239 [info] Getting sessions for all scopes...
2026-03-15 19:05:02.239 [info] Got 0 sessions for ...
2026-03-15 19:05:02.240 [info] Getting sessions for user:email...
2026-03-15 19:05:02.240 [info] Got 0 sessions for user:email...
2026-03-15 19:05:12.490 [info] Getting sessions for all scopes...
2026-03-15 19:05:12.491 [info] Got 0 sessions for ...
2026-03-15 19:05:12.492 [info] Getting sessions for user:email...
2026-03-15 19:05:12.492 [info] Got 0 sessions for user:email...
2026-03-15 19:05:12.975 [info] Getting sessions for all scopes...
2026-03-15 19:05:12.975 [info] Got 0 sessions for ...
2026-03-15 19:05:12.975 [info] Getting sessions for user:email...
2026-03-15 19:05:12.976 [info] Got 0 sessions for user:email...
2026-03-15 19:05:13.615 [info] Getting sessions for all scopes...
2026-03-15 19:05:13.615 [info] Got 0 sessions for ...
2026-03-15 19:05:13.616 [info] Getting sessions for user:email...
2026-03-15 19:05:13.616 [info] Got 0 sessions for user:email...
2026-03-15 19:05:13.735 [info] Getting sessions for all scopes...
2026-03-15 19:05:13.735 [info] Got 0 sessions for ...
2026-03-15 19:05:13.738 [info] Getting sessions for user:email...
2026-03-15 19:05:13.738 [info] Got 0 sessions for user:email...
2026-03-15 19:05:13.891 [info] Getting sessions for all scopes...
2026-03-15 19:05:13.891 [info] Got 0 sessions for ...
2026-03-15 19:05:13.892 [info] Getting sessions for user:email...
2026-03-15 19:05:13.892 [info] Got 0 sessions for user:email...
2026-03-15 19:05:18.897 [info] Getting sessions for all scopes...
2026-03-15 19:05:18.897 [info] Got 0 sessions for ...
2026-03-15 19:05:18.897 [info] Getting sessions for user:email...
2026-03-15 19:05:18.897 [info] Got 0 sessions for user:email...
2026-03-15 19:05:23.699 [info] Getting sessions for all scopes...
2026-03-15 19:05:23.699 [info] Got 0 sessions for ...
2026-03-15 19:05:23.700 [info] Getting sessions for user:email...
2026-03-15 19:05:23.700 [info] Got 0 sessions for user:email...
2026-03-15 19:05:23.808 [info] Getting sessions for all scopes...
2026-03-15 19:05:23.808 [info] Got 0 sessions for ...
2026-03-15 19:05:23.809 [info] Getting sessions for user:email...
2026-03-15 19:05:23.809 [info] Got 0 sessions for user:email...
2026-03-15 19:05:23.911 [info] Getting sessions for all scopes...
2026-03-15 19:05:23.911 [info] Got 0 sessions for ...
2026-03-15 19:05:23.912 [info] Getting sessions for user:email...
2026-03-15 19:05:23.912 [info] Got 0 sessions for user:email...
2026-03-15 19:05:24.098 [info] Getting sessions for all scopes...
2026-03-15 19:05:24.098 [info] Got 0 sessions for ...
2026-03-15 19:05:24.099 [info] Getting sessions for user:email...
2026-03-15 19:05:24.099 [info] Got 0 sessions for user:email...
2026-03-15 19:05:24.181 [info] Getting sessions for all scopes...
2026-03-15 19:05:24.181 [info] Got 0 sessions for ...
2026-03-15 19:05:24.181 [info] Getting sessions for user:email...
2026-03-15 19:05:24.181 [info] Got 0 sessions for user:email...
2026-03-15 19:05:24.224 [info] Getting sessions for all scopes...
2026-03-15 19:05:24.224 [info] Got 0 sessions for ...
2026-03-15 19:05:24.225 [info] Getting sessions for user:email...
2026-03-15 19:05:24.225 [info] Got 0 sessions for user:email...
2026-03-15 19:05:24.426 [info] Getting sessions for all scopes...
2026-03-15 19:05:24.426 [info] Got 0 sessions for ...
2026-03-15 19:05:24.427 [info] Getting sessions for user:email...
2026-03-15 19:05:24.427 [info] Got 0 sessions for user:email...
2026-03-15 19:05:24.608 [info] Getting sessions for all scopes...
2026-03-15 19:05:24.608 [info] Got 0 sessions for ...
2026-03-15 19:05:24.608 [info] Getting sessions for user:email...
2026-03-15 19:05:24.608 [info] Got 0 sessions for user:email...
2026-03-15 19:05:24.683 [info] Getting sessions for all scopes...
2026-03-15 19:05:24.683 [info] Got 0 sessions for ...
2026-03-15 19:05:24.683 [info] Getting sessions for user:email...
2026-03-15 19:05:24.683 [info] Got 0 sessions for user:email...
2026-03-15 19:05:24.869 [info] Getting sessions for all scopes...
2026-03-15 19:05:24.869 [info] Got 0 sessions for ...
2026-03-15 19:05:24.869 [info] Getting sessions for user:email...
2026-03-15 19:05:24.869 [info] Got 0 sessions for user:email...
2026-03-15 19:05:24.940 [info] Getting sessions for all scopes...
2026-03-15 19:05:24.940 [info] Got 0 sessions for ...
2026-03-15 19:05:24.941 [info] Getting sessions for user:email...
2026-03-15 19:05:24.941 [info] Got 0 sessions for user:email...
2026-03-15 19:05:25.004 [info] Getting sessions for all scopes...
2026-03-15 19:05:25.004 [info] Got 0 sessions for ...
2026-03-15 19:05:25.004 [info] Getting sessions for user:email...
2026-03-15 19:05:25.004 [info] Got 0 sessions for user:email...
2026-03-15 19:05:25.319 [info] Getting sessions for all scopes...
2026-03-15 19:05:25.319 [info] Got 0 sessions for ...
2026-03-15 19:05:25.320 [info] Getting sessions for user:email...
2026-03-15 19:05:25.320 [info] Got 0 sessions for user:email...
2026-03-15 19:05:25.482 [info] Getting sessions for all scopes...
2026-03-15 19:05:25.482 [info] Got 0 sessions for ...
2026-03-15 19:05:25.482 [info] Getting sessions for user:email...
2026-03-15 19:05:25.482 [info] Got 0 sessions for user:email...
2026-03-15 19:05:25.978 [info] Getting sessions for all scopes...
2026-03-15 19:05:25.978 [info] Got 0 sessions for ...
2026-03-15 19:05:25.978 [info] Getting sessions for user:email...
2026-03-15 19:05:25.978 [info] Got 0 sessions for user:email...
2026-03-15 19:05:26.165 [info] Getting sessions for all scopes...
2026-03-15 19:05:26.165 [info] Got 0 sessions for ...
2026-03-15 19:05:26.166 [info] Getting sessions for user:email...
2026-03-15 19:05:26.166 [info] Got 0 sessions for user:email...
2026-03-15 19:05:26.856 [info] Getting sessions for all scopes...
2026-03-15 19:05:26.856 [info] Got 0 sessions for ...
2026-03-15 19:05:26.858 [info] Getting sessions for user:email...
2026-03-15 19:05:26.858 [info] Got 0 sessions for user:email...
2026-03-15 19:05:26.923 [info] Getting sessions for all scopes...
2026-03-15 19:05:26.923 [info] Got 0 sessions for ...
2026-03-15 19:05:26.923 [info] Getting sessions for user:email...
2026-03-15 19:05:26.923 [info] Got 0 sessions for user:email...
2026-03-15 19:05:27.111 [info] Getting sessions for all scopes...
2026-03-15 19:05:27.111 [info] Got 0 sessions for ...
2026-03-15 19:05:27.111 [info] Getting sessions for user:email...
2026-03-15 19:05:27.111 [info] Got 0 sessions for user:email...
2026-03-15 19:05:27.256 [info] Getting sessions for all scopes...
2026-03-15 19:05:27.256 [info] Got 0 sessions for ...
2026-03-15 19:05:27.256 [info] Getting sessions for user:email...
2026-03-15 19:05:27.256 [info] Got 0 sessions for user:email...
2026-03-15 19:05:27.347 [info] Getting sessions for all scopes...
2026-03-15 19:05:27.347 [info] Got 0 sessions for ...
2026-03-15 19:05:27.348 [info] Getting sessions for user:email...
2026-03-15 19:05:27.348 [info] Got 0 sessions for user:email...
2026-03-15 19:05:27.458 [info] Getting sessions for all scopes...
2026-03-15 19:05:27.458 [info] Got 0 sessions for ...
2026-03-15 19:05:27.459 [info] Getting sessions for user:email...
2026-03-15 19:05:27.459 [info] Got 0 sessions for user:email...
2026-03-15 19:05:27.615 [info] Getting sessions for all scopes...
2026-03-15 19:05:27.615 [info] Got 0 sessions for ...
2026-03-15 19:05:27.616 [info] Getting sessions for user:email...
2026-03-15 19:05:27.616 [info] Got 0 sessions for user:email...
2026-03-15 19:05:27.700 [info] Getting sessions for all scopes...
2026-03-15 19:05:27.700 [info] Got 0 sessions for ...
2026-03-15 19:05:27.701 [info] Getting sessions for user:email...
2026-03-15 19:05:27.701 [info] Got 0 sessions for user:email...
2026-03-15 19:05:27.939 [info] Getting sessions for all scopes...
2026-03-15 19:05:27.939 [info] Got 0 sessions for ...
2026-03-15 19:05:27.940 [info] Getting sessions for user:email...
2026-03-15 19:05:27.940 [info] Got 0 sessions for user:email...
2026-03-15 19:05:28.056 [info] Getting sessions for all scopes...
2026-03-15 19:05:28.056 [info] Got 0 sessions for ...
2026-03-15 19:05:28.057 [info] Getting sessions for user:email...
2026-03-15 19:05:28.057 [info] Got 0 sessions for user:email...
2026-03-15 19:05:28.408 [info] Getting sessions for all scopes...
2026-03-15 19:05:28.408 [info] Got 0 sessions for ...
2026-03-15 19:05:28.409 [info] Getting sessions for user:email...
2026-03-15 19:05:28.409 [info] Got 0 sessions for user:email...
2026-03-15 19:05:28.541 [info] Getting sessions for all scopes...
2026-03-15 19:05:28.541 [info] Got 0 sessions for ...
2026-03-15 19:05:28.542 [info] Getting sessions for user:email...
2026-03-15 19:05:28.542 [info] Got 0 sessions for user:email...
2026-03-15 19:05:28.998 [info] Getting sessions for all scopes...
2026-03-15 19:05:28.999 [info] Got 0 sessions for ...
2026-03-15 19:05:28.999 [info] Getting sessions for user:email...
2026-03-15 19:05:28.999 [info] Got 0 sessions for user:email...
2026-03-15 19:05:29.081 [info] Getting sessions for all scopes...
2026-03-15 19:05:29.081 [info] Got 0 sessions for ...
2026-03-15 19:05:29.082 [info] Getting sessions for user:email...
2026-03-15 19:05:29.082 [info] Got 0 sessions for user:email...
2026-03-15 19:05:29.231 [info] Getting sessions for all scopes...
2026-03-15 19:05:29.231 [info] Got 0 sessions for ...
2026-03-15 19:05:29.232 [info] Getting sessions for user:email...
2026-03-15 19:05:29.232 [info] Got 0 sessions for user:email...
2026-03-15 19:05:29.445 [info] Getting sessions for all scopes...
2026-03-15 19:05:29.446 [info] Got 0 sessions for ...
2026-03-15 19:05:29.450 [info] Getting sessions for user:email...
2026-03-15 19:05:29.450 [info] Got 0 sessions for user:email...
2026-03-15 19:05:29.516 [info] Getting sessions for all scopes...
2026-03-15 19:05:29.516 [info] Got 0 sessions for ...
2026-03-15 19:05:29.517 [info] Getting sessions for user:email...
2026-03-15 19:05:29.517 [info] Got 0 sessions for user:email...
2026-03-15 19:05:29.561 [info] Getting sessions for all scopes...
2026-03-15 19:05:29.561 [info] Got 0 sessions for ...
2026-03-15 19:05:29.562 [info] Getting sessions for user:email...
2026-03-15 19:05:29.562 [info] Got 0 sessions for user:email...
2026-03-15 19:05:29.740 [info] Getting sessions for all scopes...
2026-03-15 19:05:29.741 [info] Got 0 sessions for ...
2026-03-15 19:05:29.741 [info] Getting sessions for user:email...
2026-03-15 19:05:29.741 [info] Got 0 sessions for user:email...
2026-03-15 19:05:29.975 [info] Getting sessions for all scopes...
2026-03-15 19:05:29.975 [info] Got 0 sessions for ...
2026-03-15 19:05:29.976 [info] Getting sessions for user:email...
2026-03-15 19:05:29.976 [info] Got 0 sessions for user:email...
2026-03-15 19:05:30.074 [info] Getting sessions for all scopes...
2026-03-15 19:05:30.074 [info] Got 0 sessions for ...
2026-03-15 19:05:30.075 [info] Getting sessions for user:email...
2026-03-15 19:05:30.075 [info] Got 0 sessions for user:email...
2026-03-15 19:05:30.315 [info] Getting sessions for all scopes...
2026-03-15 19:05:30.315 [info] Got 0 sessions for ...
2026-03-15 19:05:30.316 [info] Getting sessions for user:email...
2026-03-15 19:05:30.316 [info] Got 0 sessions for user:email...
2026-03-15 19:05:30.508 [info] Getting sessions for all scopes...
2026-03-15 19:05:30.508 [info] Got 0 sessions for ...
2026-03-15 19:05:30.508 [info] Getting sessions for user:email...
2026-03-15 19:05:30.509 [info] Got 0 sessions for user:email...
2026-03-15 19:05:30.584 [info] Getting sessions for all scopes...
2026-03-15 19:05:30.584 [info] Got 0 sessions for ...
2026-03-15 19:05:30.584 [info] Getting sessions for user:email...
2026-03-15 19:05:30.584 [info] Got 0 sessions for user:email...
2026-03-15 19:05:30.784 [info] Getting sessions for all scopes...
2026-03-15 19:05:30.784 [info] Got 0 sessions for ...
2026-03-15 19:05:30.785 [info] Getting sessions for user:email...
2026-03-15 19:05:30.785 [info] Got 0 sessions for user:email...
2026-03-15 19:05:30.977 [info] Getting sessions for all scopes...
2026-03-15 19:05:30.977 [info] Got 0 sessions for ...
2026-03-15 19:05:30.978 [info] Getting sessions for user:email...
2026-03-15 19:05:30.978 [info] Got 0 sessions for user:email...
2026-03-15 19:05:31.000 [info] Getting sessions for all scopes...
2026-03-15 19:05:31.000 [info] Got 0 sessions for ...
2026-03-15 19:05:31.000 [info] Getting sessions for user:email...
2026-03-15 19:05:31.000 [info] Got 0 sessions for user:email...
2026-03-15 19:05:31.084 [info] Getting sessions for all scopes...
2026-03-15 19:05:31.084 [info] Got 0 sessions for ...
2026-03-15 19:05:31.085 [info] Getting sessions for user:email...
2026-03-15 19:05:31.085 [info] Got 0 sessions for user:email...
2026-03-15 19:05:31.965 [info] Getting sessions for all scopes...
2026-03-15 19:05:31.965 [info] Got 0 sessions for ...
2026-03-15 19:05:31.966 [info] Getting sessions for user:email...
2026-03-15 19:05:31.966 [info] Got 0 sessions for user:email...
2026-03-15 19:05:32.221 [info] Getting sessions for all scopes...
2026-03-15 19:05:32.221 [info] Got 0 sessions for ...
2026-03-15 19:05:32.225 [info] Getting sessions for user:email...
2026-03-15 19:05:32.225 [info] Got 0 sessions for user:email...
2026-03-15 19:05:32.239 [info] Getting sessions for all scopes...
2026-03-15 19:05:32.239 [info] Got 0 sessions for ...
2026-03-15 19:05:32.239 [info] Getting sessions for user:email...
2026-03-15 19:05:32.239 [info] Got 0 sessions for user:email...
2026-03-15 19:05:32.347 [info] Getting sessions for all scopes...
2026-03-15 19:05:32.347 [info] Got 0 sessions for ...
2026-03-15 19:05:32.348 [info] Getting sessions for user:email...
2026-03-15 19:05:32.348 [info] Got 0 sessions for user:email...
2026-03-15 19:05:33.007 [info] Getting sessions for all scopes...
2026-03-15 19:05:33.007 [info] Got 0 sessions for ...
2026-03-15 19:05:33.007 [info] Getting sessions for user:email...
2026-03-15 19:05:33.007 [info] Got 0 sessions for user:email...
2026-03-15 19:05:33.173 [info] Getting sessions for all scopes...
2026-03-15 19:05:33.173 [info] Got 0 sessions for ...
2026-03-15 19:05:33.173 [info] Getting sessions for user:email...
2026-03-15 19:05:33.173 [info] Got 0 sessions for user:email...
2026-03-15 19:05:33.276 [info] Getting sessions for all scopes...
2026-03-15 19:05:33.276 [info] Got 0 sessions for ...
2026-03-15 19:05:33.277 [info] Getting sessions for user:email...
2026-03-15 19:05:33.277 [info] Got 0 sessions for user:email...
2026-03-15 19:05:38.281 [info] Getting sessions for all scopes...
2026-03-15 19:05:38.281 [info] Got 0 sessions for ...
2026-03-15 19:05:38.282 [info] Getting sessions for user:email...
2026-03-15 19:05:38.282 [info] Got 0 sessions for user:email...
2026-03-15 19:05:40.438 [info] Getting sessions for all scopes...
2026-03-15 19:05:40.438 [info] Got 0 sessions for ...
2026-03-15 19:05:40.438 [info] Getting sessions for user:email...
2026-03-15 19:05:40.438 [info] Got 0 sessions for user:email...
2026-03-15 19:05:40.490 [info] Getting sessions for all scopes...
2026-03-15 19:05:40.490 [info] Got 0 sessions for ...
2026-03-15 19:05:40.490 [info] Getting sessions for user:email...
2026-03-15 19:05:40.490 [info] Got 0 sessions for user:email...
2026-03-15 19:05:40.628 [info] Getting sessions for all scopes...
2026-03-15 19:05:40.628 [info] Got 0 sessions for ...
2026-03-15 19:05:40.628 [info] Getting sessions for user:email...
2026-03-15 19:05:40.628 [info] Got 0 sessions for user:email...
2026-03-15 19:05:40.798 [info] Getting sessions for all scopes...
2026-03-15 19:05:40.798 [info] Got 0 sessions for ...
2026-03-15 19:05:40.799 [info] Getting sessions for user:email...
2026-03-15 19:05:40.799 [info] Got 0 sessions for user:email...
2026-03-15 19:05:40.823 [info] Getting sessions for all scopes...
2026-03-15 19:05:40.823 [info] Got 0 sessions for ...
2026-03-15 19:05:40.823 [info] Getting sessions for user:email...
2026-03-15 19:05:40.823 [info] Got 0 sessions for user:email...
2026-03-15 19:05:40.923 [info] Getting sessions for all scopes...
2026-03-15 19:05:40.923 [info] Got 0 sessions for ...
2026-03-15 19:05:40.923 [info] Getting sessions for user:email...
2026-03-15 19:05:40.923 [info] Got 0 sessions for user:email...
2026-03-15 19:05:41.108 [info] Getting sessions for all scopes...
2026-03-15 19:05:41.108 [info] Got 0 sessions for ...
2026-03-15 19:05:41.111 [info] Getting sessions for user:email...
2026-03-15 19:05:41.111 [info] Got 0 sessions for user:email...
2026-03-15 19:05:41.323 [info] Getting sessions for all scopes...
2026-03-15 19:05:41.323 [info] Got 0 sessions for ...
2026-03-15 19:05:41.323 [info] Getting sessions for user:email...
2026-03-15 19:05:41.323 [info] Got 0 sessions for user:email...
2026-03-15 19:05:41.379 [info] Getting sessions for all scopes...
2026-03-15 19:05:41.379 [info] Got 0 sessions for ...
2026-03-15 19:05:41.380 [info] Getting sessions for user:email...
2026-03-15 19:05:41.380 [info] Got 0 sessions for user:email...
2026-03-15 19:05:41.584 [info] Getting sessions for all scopes...
2026-03-15 19:05:41.584 [info] Got 0 sessions for ...
2026-03-15 19:05:41.585 [info] Getting sessions for user:email...
2026-03-15 19:05:41.585 [info] Got 0 sessions for user:email...
2026-03-15 19:05:41.793 [info] Getting sessions for all scopes...
2026-03-15 19:05:41.793 [info] Got 0 sessions for ...
2026-03-15 19:05:41.794 [info] Getting sessions for user:email...
2026-03-15 19:05:41.794 [info] Got 0 sessions for user:email...
2026-03-15 19:05:41.958 [info] Getting sessions for all scopes...
2026-03-15 19:05:41.958 [info] Got 0 sessions for ...
2026-03-15 19:05:41.958 [info] Getting sessions for user:email...
2026-03-15 19:05:41.958 [info] Got 0 sessions for user:email...
2026-03-15 19:05:42.176 [info] Getting sessions for all scopes...
2026-03-15 19:05:42.176 [info] Got 0 sessions for ...
2026-03-15 19:05:42.177 [info] Getting sessions for user:email...
2026-03-15 19:05:42.177 [info] Got 0 sessions for user:email...
2026-03-15 19:05:42.318 [info] Getting sessions for all scopes...
2026-03-15 19:05:42.318 [info] Got 0 sessions for ...
2026-03-15 19:05:42.319 [info] Getting sessions for user:email...
2026-03-15 19:05:42.319 [info] Got 0 sessions for user:email...
2026-03-15 19:05:42.360 [info] Getting sessions for all scopes...
2026-03-15 19:05:42.360 [info] Got 0 sessions for ...
2026-03-15 19:05:42.360 [info] Getting sessions for user:email...
2026-03-15 19:05:42.360 [info] Got 0 sessions for user:email...
2026-03-15 19:05:42.540 [info] Getting sessions for all scopes...
2026-03-15 19:05:42.540 [info] Got 0 sessions for ...
2026-03-15 19:05:42.541 [info] Getting sessions for user:email...
2026-03-15 19:05:42.541 [info] Got 0 sessions for user:email...
2026-03-15 19:05:42.606 [info] Getting sessions for all scopes...
2026-03-15 19:05:42.606 [info] Got 0 sessions for ...
2026-03-15 19:05:42.606 [info] Getting sessions for user:email...
2026-03-15 19:05:42.606 [info] Got 0 sessions for user:email...
2026-03-15 19:05:42.809 [info] Getting sessions for all scopes...
2026-03-15 19:05:42.809 [info] Got 0 sessions for ...
2026-03-15 19:05:42.809 [info] Getting sessions for user:email...
2026-03-15 19:05:42.809 [info] Got 0 sessions for user:email...
2026-03-15 19:05:43.158 [info] Getting sessions for all scopes...
2026-03-15 19:05:43.158 [info] Got 0 sessions for ...
2026-03-15 19:05:43.158 [info] Getting sessions for user:email...
2026-03-15 19:05:43.159 [info] Got 0 sessions for user:email...
2026-03-15 19:05:43.246 [info] Getting sessions for all scopes...
2026-03-15 19:05:43.246 [info] Got 0 sessions for ...
2026-03-15 19:05:43.248 [info] Getting sessions for user:email...
2026-03-15 19:05:43.248 [info] Got 0 sessions for user:email...
2026-03-15 19:05:43.333 [info] Getting sessions for all scopes...
2026-03-15 19:05:43.333 [info] Got 0 sessions for ...
2026-03-15 19:05:43.333 [info] Getting sessions for user:email...
2026-03-15 19:05:43.333 [info] Got 0 sessions for user:email...
2026-03-15 19:05:43.474 [info] Getting sessions for all scopes...
2026-03-15 19:05:43.474 [info] Got 0 sessions for ...
2026-03-15 19:05:43.474 [info] Getting sessions for user:email...
2026-03-15 19:05:43.474 [info] Got 0 sessions for user:email...
2026-03-15 19:05:43.556 [info] Getting sessions for all scopes...
2026-03-15 19:05:43.556 [info] Got 0 sessions for ...
2026-03-15 19:05:43.556 [info] Getting sessions for user:email...
2026-03-15 19:05:43.556 [info] Got 0 sessions for user:email...
2026-03-15 19:05:44.591 [info] Getting sessions for all scopes...
2026-03-15 19:05:44.591 [info] Got 0 sessions for ...
2026-03-15 19:05:44.591 [info] Getting sessions for user:email...
2026-03-15 19:05:44.591 [info] Got 0 sessions for user:email...
2026-03-15 19:05:44.670 [info] Getting sessions for all scopes...
2026-03-15 19:05:44.671 [info] Got 0 sessions for ...
2026-03-15 19:05:44.672 [info] Getting sessions for user:email...
2026-03-15 19:05:44.672 [info] Got 0 sessions for user:email...
2026-03-15 19:05:44.765 [info] Getting sessions for all scopes...
2026-03-15 19:05:44.765 [info] Got 0 sessions for ...
2026-03-15 19:05:44.765 [info] Getting sessions for user:email...
2026-03-15 19:05:44.765 [info] Got 0 sessions for user:email...
2026-03-15 19:05:44.950 [info] Getting sessions for all scopes...
2026-03-15 19:05:44.950 [info] Got 0 sessions for ...
2026-03-15 19:05:44.950 [info] Getting sessions for user:email...
2026-03-15 19:05:44.950 [info] Got 0 sessions for user:email...
2026-03-15 19:05:44.989 [info] Getting sessions for all scopes...
2026-03-15 19:05:44.989 [info] Got 0 sessions for ...
2026-03-15 19:05:44.990 [info] Getting sessions for user:email...
2026-03-15 19:05:44.990 [info] Got 0 sessions for user:email...
2026-03-15 19:05:45.225 [info] Getting sessions for all scopes...
2026-03-15 19:05:45.225 [info] Got 0 sessions for ...
2026-03-15 19:05:45.226 [info] Getting sessions for user:email...
2026-03-15 19:05:45.226 [info] Got 0 sessions for user:email...
2026-03-15 19:05:45.393 [info] Getting sessions for all scopes...
2026-03-15 19:05:45.393 [info] Got 0 sessions for ...
2026-03-15 19:05:45.394 [info] Getting sessions for user:email...
2026-03-15 19:05:45.394 [info] Got 0 sessions for user:email...
2026-03-15 19:05:45.453 [info] Getting sessions for all scopes...
2026-03-15 19:05:45.453 [info] Got 0 sessions for ...
2026-03-15 19:05:45.454 [info] Getting sessions for user:email...
2026-03-15 19:05:45.454 [info] Got 0 sessions for user:email...
2026-03-15 19:05:45.578 [info] Getting sessions for all scopes...
2026-03-15 19:05:45.578 [info] Got 0 sessions for ...
2026-03-15 19:05:45.579 [info] Getting sessions for user:email...
2026-03-15 19:05:45.579 [info] Got 0 sessions for user:email...
2026-03-15 19:05:45.646 [info] Getting sessions for all scopes...
2026-03-15 19:05:45.646 [info] Got 0 sessions for ...
2026-03-15 19:05:45.648 [info] Getting sessions for user:email...
2026-03-15 19:05:45.648 [info] Got 0 sessions for user:email...
2026-03-15 19:05:45.844 [info] Getting sessions for all scopes...
2026-03-15 19:05:45.844 [info] Got 0 sessions for ...
2026-03-15 19:05:45.845 [info] Getting sessions for user:email...
2026-03-15 19:05:45.845 [info] Got 0 sessions for user:email...
2026-03-15 19:05:45.986 [info] Getting sessions for all scopes...
2026-03-15 19:05:45.986 [info] Got 0 sessions for ...
2026-03-15 19:05:45.986 [info] Getting sessions for user:email...
2026-03-15 19:05:45.986 [info] Got 0 sessions for user:email...
2026-03-15 19:05:46.027 [info] Getting sessions for all scopes...
2026-03-15 19:05:46.028 [info] Got 0 sessions for ...
2026-03-15 19:05:46.028 [info] Getting sessions for user:email...
2026-03-15 19:05:46.028 [info] Got 0 sessions for user:email...
2026-03-15 19:05:46.108 [info] Getting sessions for all scopes...
2026-03-15 19:05:46.108 [info] Got 0 sessions for ...
2026-03-15 19:05:46.108 [info] Getting sessions for user:email...
2026-03-15 19:05:46.108 [info] Got 0 sessions for user:email...
2026-03-15 19:05:46.273 [info] Getting sessions for all scopes...
2026-03-15 19:05:46.273 [info] Got 0 sessions for ...
2026-03-15 19:05:46.273 [info] Getting sessions for user:email...
2026-03-15 19:05:46.273 [info] Got 0 sessions for user:email...
2026-03-15 19:05:46.359 [info] Getting sessions for all scopes...
2026-03-15 19:05:46.359 [info] Got 0 sessions for ...
2026-03-15 19:05:46.360 [info] Getting sessions for user:email...
2026-03-15 19:05:46.360 [info] Got 0 sessions for user:email...
2026-03-15 19:05:46.682 [info] Getting sessions for all scopes...
2026-03-15 19:05:46.682 [info] Got 0 sessions for ...
2026-03-15 19:05:46.682 [info] Getting sessions for user:email...
2026-03-15 19:05:46.682 [info] Got 0 sessions for user:email...
2026-03-15 19:05:46.811 [info] Getting sessions for all scopes...
2026-03-15 19:05:46.811 [info] Got 0 sessions for ...
2026-03-15 19:05:46.812 [info] Getting sessions for user:email...
2026-03-15 19:05:46.812 [info] Got 0 sessions for user:email...
2026-03-15 19:05:46.981 [info] Getting sessions for all scopes...
2026-03-15 19:05:46.981 [info] Got 0 sessions for ...
2026-03-15 19:05:46.982 [info] Getting sessions for user:email...
2026-03-15 19:05:46.982 [info] Got 0 sessions for user:email...
2026-03-15 19:05:47.067 [info] Getting sessions for all scopes...
2026-03-15 19:05:47.067 [info] Got 0 sessions for ...
2026-03-15 19:05:47.068 [info] Getting sessions for user:email...
2026-03-15 19:05:47.068 [info] Got 0 sessions for user:email...
2026-03-15 19:05:47.084 [info] Getting sessions for all scopes...
2026-03-15 19:05:47.084 [info] Got 0 sessions for ...
2026-03-15 19:05:47.084 [info] Getting sessions for user:email...
2026-03-15 19:05:47.084 [info] Got 0 sessions for user:email...
2026-03-15 19:05:47.267 [info] Getting sessions for all scopes...
2026-03-15 19:05:47.267 [info] Got 0 sessions for ...
2026-03-15 19:05:47.267 [info] Getting sessions for user:email...
2026-03-15 19:05:47.267 [info] Got 0 sessions for user:email...
2026-03-15 19:05:47.393 [info] Getting sessions for all scopes...
2026-03-15 19:05:47.393 [info] Got 0 sessions for ...
2026-03-15 19:05:47.393 [info] Getting sessions for user:email...
2026-03-15 19:05:47.393 [info] Got 0 sessions for user:email...
2026-03-15 19:05:47.488 [info] Getting sessions for all scopes...
2026-03-15 19:05:47.489 [info] Got 0 sessions for ...
2026-03-15 19:05:47.489 [info] Getting sessions for user:email...
2026-03-15 19:05:47.489 [info] Got 0 sessions for user:email...
2026-03-15 19:05:47.681 [info] Getting sessions for all scopes...
2026-03-15 19:05:47.681 [info] Got 0 sessions for ...
2026-03-15 19:05:47.682 [info] Getting sessions for user:email...
2026-03-15 19:05:47.682 [info] Got 0 sessions for user:email...
2026-03-15 19:05:47.849 [info] Getting sessions for all scopes...
2026-03-15 19:05:47.849 [info] Got 0 sessions for ...
2026-03-15 19:05:47.850 [info] Getting sessions for user:email...
2026-03-15 19:05:47.850 [info] Got 0 sessions for user:email...
2026-03-15 19:05:47.947 [info] Getting sessions for all scopes...
2026-03-15 19:05:47.947 [info] Got 0 sessions for ...
2026-03-15 19:05:47.948 [info] Getting sessions for user:email...
2026-03-15 19:05:47.948 [info] Got 0 sessions for user:email...
2026-03-15 19:05:48.046 [info] Getting sessions for all scopes...
2026-03-15 19:05:48.046 [info] Got 0 sessions for ...
2026-03-15 19:05:48.047 [info] Getting sessions for user:email...
2026-03-15 19:05:48.047 [info] Got 0 sessions for user:email...
2026-03-15 19:05:48.251 [info] Getting sessions for all scopes...
2026-03-15 19:05:48.251 [info] Got 0 sessions for ...
2026-03-15 19:05:48.252 [info] Getting sessions for user:email...
2026-03-15 19:05:48.252 [info] Got 0 sessions for user:email...
2026-03-15 19:05:48.324 [info] Getting sessions for all scopes...
2026-03-15 19:05:48.324 [info] Got 0 sessions for ...
2026-03-15 19:05:48.325 [info] Getting sessions for user:email...
2026-03-15 19:05:48.325 [info] Got 0 sessions for user:email...
2026-03-15 19:05:48.460 [info] Getting sessions for all scopes...
2026-03-15 19:05:48.460 [info] Got 0 sessions for ...
2026-03-15 19:05:48.460 [info] Getting sessions for user:email...
2026-03-15 19:05:48.460 [info] Got 0 sessions for user:email...
2026-03-15 19:05:48.531 [info] Getting sessions for all scopes...
2026-03-15 19:05:48.531 [info] Got 0 sessions for ...
2026-03-15 19:05:48.532 [info] Getting sessions for user:email...
2026-03-15 19:05:48.532 [info] Got 0 sessions for user:email...
2026-03-15 19:05:48.700 [info] Getting sessions for all scopes...
2026-03-15 19:05:48.700 [info] Got 0 sessions for ...
2026-03-15 19:05:48.703 [info] Getting sessions for user:email...
2026-03-15 19:05:48.703 [info] Got 0 sessions for user:email...
2026-03-15 19:05:48.926 [info] Getting sessions for all scopes...
2026-03-15 19:05:48.926 [info] Got 0 sessions for ...
2026-03-15 19:05:48.926 [info] Getting sessions for user:email...
2026-03-15 19:05:48.926 [info] Got 0 sessions for user:email...
2026-03-15 19:05:49.053 [info] Getting sessions for all scopes...
2026-03-15 19:05:49.053 [info] Got 0 sessions for ...
2026-03-15 19:05:49.054 [info] Getting sessions for user:email...
2026-03-15 19:05:49.054 [info] Got 0 sessions for user:email...
2026-03-15 19:05:49.128 [info] Getting sessions for all scopes...
2026-03-15 19:05:49.128 [info] Got 0 sessions for ...
2026-03-15 19:05:49.129 [info] Getting sessions for user:email...
2026-03-15 19:05:49.129 [info] Got 0 sessions for user:email...
2026-03-15 19:05:49.340 [info] Getting sessions for all scopes...
2026-03-15 19:05:49.340 [info] Got 0 sessions for ...
2026-03-15 19:05:49.341 [info] Getting sessions for user:email...
2026-03-15 19:05:49.341 [info] Got 0 sessions for user:email...
2026-03-15 19:05:49.358 [info] Getting sessions for all scopes...
2026-03-15 19:05:49.358 [info] Got 0 sessions for ...
2026-03-15 19:05:49.359 [info] Getting sessions for user:email...
2026-03-15 19:05:49.359 [info] Got 0 sessions for user:email...
2026-03-15 19:05:49.391 [info] Getting sessions for all scopes...
2026-03-15 19:05:49.391 [info] Got 0 sessions for ...
2026-03-15 19:05:49.392 [info] Getting sessions for user:email...
2026-03-15 19:05:49.392 [info] Got 0 sessions for user:email...
2026-03-15 19:05:49.624 [info] Getting sessions for all scopes...
2026-03-15 19:05:49.624 [info] Got 0 sessions for ...
2026-03-15 19:05:49.627 [info] Getting sessions for user:email...
2026-03-15 19:05:49.627 [info] Got 0 sessions for user:email...
2026-03-15 19:05:50.784 [info] Getting sessions for all scopes...
2026-03-15 19:05:50.784 [info] Got 0 sessions for ...
2026-03-15 19:05:50.784 [info] Getting sessions for user:email...
2026-03-15 19:05:50.784 [info] Got 0 sessions for user:email...
2026-03-15 19:05:51.611 [info] Getting sessions for all scopes...
2026-03-15 19:05:51.611 [info] Got 0 sessions for ...
2026-03-15 19:05:51.612 [info] Getting sessions for user:email...
2026-03-15 19:05:51.612 [info] Got 0 sessions for user:email...
2026-03-15 19:05:52.198 [info] Getting sessions for all scopes...
2026-03-15 19:05:52.198 [info] Got 0 sessions for ...
2026-03-15 19:05:52.198 [info] Getting sessions for user:email...
2026-03-15 19:05:52.199 [info] Got 0 sessions for user:email...
2026-03-15 19:05:52.304 [info] Getting sessions for all scopes...
2026-03-15 19:05:52.304 [info] Got 0 sessions for ...
2026-03-15 19:05:52.306 [info] Getting sessions for user:email...
2026-03-15 19:05:52.306 [info] Got 0 sessions for user:email...
2026-03-15 19:05:52.488 [info] Getting sessions for all scopes...
2026-03-15 19:05:52.488 [info] Got 0 sessions for ...
2026-03-15 19:05:52.489 [info] Getting sessions for user:email...
2026-03-15 19:05:52.489 [info] Got 0 sessions for user:email...
2026-03-15 19:05:52.674 [info] Getting sessions for all scopes...
2026-03-15 19:05:52.674 [info] Got 0 sessions for ...
2026-03-15 19:05:52.675 [info] Getting sessions for user:email...
2026-03-15 19:05:52.675 [info] Got 0 sessions for user:email...
2026-03-15 19:05:52.710 [info] Getting sessions for all scopes...
2026-03-15 19:05:52.710 [info] Got 0 sessions for ...
2026-03-15 19:05:52.710 [info] Getting sessions for user:email...
2026-03-15 19:05:52.710 [info] Got 0 sessions for user:email...
2026-03-15 19:05:52.923 [info] Getting sessions for all scopes...
2026-03-15 19:05:52.924 [info] Got 0 sessions for ...
2026-03-15 19:05:52.924 [info] Getting sessions for user:email...
2026-03-15 19:05:52.924 [info] Got 0 sessions for user:email...
2026-03-15 19:05:53.123 [info] Getting sessions for all scopes...
2026-03-15 19:05:53.123 [info] Got 0 sessions for ...
2026-03-15 19:05:53.124 [info] Getting sessions for user:email...
2026-03-15 19:05:53.124 [info] Got 0 sessions for user:email...
2026-03-15 19:05:53.161 [info] Getting sessions for all scopes...
2026-03-15 19:05:53.161 [info] Got 0 sessions for ...
2026-03-15 19:05:53.161 [info] Getting sessions for user:email...
2026-03-15 19:05:53.161 [info] Got 0 sessions for user:email...
2026-03-15 19:05:53.244 [info] Getting sessions for all scopes...
2026-03-15 19:05:53.244 [info] Got 0 sessions for ...
2026-03-15 19:05:53.244 [info] Getting sessions for user:email...
2026-03-15 19:05:53.244 [info] Got 0 sessions for user:email...
2026-03-15 19:05:53.536 [info] Getting sessions for all scopes...
2026-03-15 19:05:53.536 [info] Got 0 sessions for ...
2026-03-15 19:05:53.539 [info] Getting sessions for user:email...
2026-03-15 19:05:53.539 [info] Got 0 sessions for user:email...
2026-03-15 19:05:53.724 [info] Getting sessions for all scopes...
2026-03-15 19:05:53.725 [info] Got 0 sessions for ...
2026-03-15 19:05:53.725 [info] Getting sessions for user:email...
2026-03-15 19:05:53.725 [info] Got 0 sessions for user:email...
2026-03-15 19:05:53.770 [info] Getting sessions for all scopes...
2026-03-15 19:05:53.770 [info] Got 0 sessions for ...
2026-03-15 19:05:53.772 [info] Getting sessions for user:email...
2026-03-15 19:05:53.772 [info] Got 0 sessions for user:email...
2026-03-15 19:05:53.831 [info] Getting sessions for all scopes...
2026-03-15 19:05:53.831 [info] Got 0 sessions for ...
2026-03-15 19:05:53.831 [info] Getting sessions for user:email...
2026-03-15 19:05:53.831 [info] Got 0 sessions for user:email...
2026-03-15 19:05:54.514 [info] Getting sessions for all scopes...
2026-03-15 19:05:54.514 [info] Got 0 sessions for ...
2026-03-15 19:05:54.515 [info] Getting sessions for user:email...
2026-03-15 19:05:54.515 [info] Got 0 sessions for user:email...
2026-03-15 19:05:54.689 [info] Getting sessions for all scopes...
2026-03-15 19:05:54.689 [info] Got 0 sessions for ...
2026-03-15 19:05:54.690 [info] Getting sessions for user:email...
2026-03-15 19:05:54.690 [info] Got 0 sessions for user:email...
2026-03-15 19:05:54.823 [info] Getting sessions for all scopes...
2026-03-15 19:05:54.823 [info] Got 0 sessions for ...
2026-03-15 19:05:54.823 [info] Getting sessions for user:email...
2026-03-15 19:05:54.823 [info] Got 0 sessions for user:email...
2026-03-15 19:05:55.218 [info] Getting sessions for all scopes...
2026-03-15 19:05:55.218 [info] Got 0 sessions for ...
2026-03-15 19:05:55.219 [info] Getting sessions for user:email...
2026-03-15 19:05:55.219 [info] Got 0 sessions for user:email...
2026-03-15 19:05:55.311 [info] Getting sessions for all scopes...
2026-03-15 19:05:55.311 [info] Got 0 sessions for ...
2026-03-15 19:05:55.312 [info] Getting sessions for user:email...
2026-03-15 19:05:55.312 [info] Got 0 sessions for user:email...
2026-03-15 19:05:55.420 [info] Getting sessions for all scopes...
2026-03-15 19:05:55.420 [info] Got 0 sessions for ...
2026-03-15 19:05:55.421 [info] Getting sessions for user:email...
2026-03-15 19:05:55.421 [info] Got 0 sessions for user:email...
2026-03-15 19:05:55.517 [info] Getting sessions for all scopes...
2026-03-15 19:05:55.517 [info] Got 0 sessions for ...
2026-03-15 19:05:55.518 [info] Getting sessions for user:email...
2026-03-15 19:05:55.518 [info] Got 0 sessions for user:email...
2026-03-15 19:05:55.670 [info] Getting sessions for all scopes...
2026-03-15 19:05:55.670 [info] Got 0 sessions for ...
2026-03-15 19:05:55.670 [info] Getting sessions for user:email...
2026-03-15 19:05:55.671 [info] Got 0 sessions for user:email...
2026-03-15 19:05:55.786 [info] Getting sessions for all scopes...
2026-03-15 19:05:55.786 [info] Got 0 sessions for ...
2026-03-15 19:05:55.786 [info] Getting sessions for user:email...
2026-03-15 19:05:55.787 [info] Got 0 sessions for user:email...
2026-03-15 19:05:55.905 [info] Getting sessions for all scopes...
2026-03-15 19:05:55.905 [info] Got 0 sessions for ...
2026-03-15 19:05:55.905 [info] Getting sessions for user:email...
2026-03-15 19:05:55.905 [info] Got 0 sessions for user:email...
2026-03-15 19:05:55.986 [info] Getting sessions for all scopes...
2026-03-15 19:05:55.986 [info] Got 0 sessions for ...
2026-03-15 19:05:55.987 [info] Getting sessions for user:email...
2026-03-15 19:05:55.987 [info] Got 0 sessions for user:email...
2026-03-15 19:05:58.285 [info] Getting sessions for all scopes...
2026-03-15 19:05:58.285 [info] Got 0 sessions for ...
2026-03-15 19:05:58.286 [info] Getting sessions for user:email...
2026-03-15 19:05:58.286 [info] Got 0 sessions for user:email...
2026-03-15 19:06:02.623 [info] Getting sessions for all scopes...
2026-03-15 19:06:02.623 [info] Got 0 sessions for ...
2026-03-15 19:06:02.624 [info] Getting sessions for user:email...
2026-03-15 19:06:02.624 [info] Got 0 sessions for user:email...
2026-03-15 19:06:02.801 [info] Getting sessions for all scopes...
2026-03-15 19:06:02.801 [info] Got 0 sessions for ...
2026-03-15 19:06:02.802 [info] Getting sessions for user:email...
2026-03-15 19:06:02.802 [info] Got 0 sessions for user:email...
2026-03-15 19:06:05.208 [info] Getting sessions for all scopes...
2026-03-15 19:06:05.208 [info] Got 0 sessions for ...
2026-03-15 19:06:05.208 [info] Getting sessions for user:email...
2026-03-15 19:06:05.208 [info] Got 0 sessions for user:email...
2026-03-15 19:06:05.387 [info] Getting sessions for all scopes...
2026-03-15 19:06:05.387 [info] Got 0 sessions for ...
2026-03-15 19:06:05.387 [info] Getting sessions for user:email...
2026-03-15 19:06:05.387 [info] Got 0 sessions for user:email...
2026-03-15 19:06:05.656 [info] Getting sessions for all scopes...
2026-03-15 19:06:05.656 [info] Got 0 sessions for ...
2026-03-15 19:06:05.656 [info] Getting sessions for user:email...
2026-03-15 19:06:05.656 [info] Got 0 sessions for user:email...
2026-03-15 19:06:06.524 [info] Getting sessions for all scopes...
2026-03-15 19:06:06.524 [info] Got 0 sessions for ...
2026-03-15 19:06:06.524 [info] Getting sessions for user:email...
2026-03-15 19:06:06.524 [info] Got 0 sessions for user:email...
2026-03-15 19:06:07.756 [info] Getting sessions for all scopes...
2026-03-15 19:06:07.756 [info] Got 0 sessions for ...
2026-03-15 19:06:07.757 [info] Getting sessions for user:email...
2026-03-15 19:06:07.757 [info] Got 0 sessions for user:email...
2026-03-15 19:06:08.090 [info] Getting sessions for all scopes...
2026-03-15 19:06:08.090 [info] Got 0 sessions for ...
2026-03-15 19:06:08.090 [info] Getting sessions for user:email...
2026-03-15 19:06:08.090 [info] Got 0 sessions for user:email...
2026-03-15 19:06:08.428 [info] Getting sessions for all scopes...
2026-03-15 19:06:08.428 [info] Got 0 sessions for ...
2026-03-15 19:06:08.430 [info] Getting sessions for user:email...
2026-03-15 19:06:08.430 [info] Got 0 sessions for user:email...
2026-03-15 19:06:09.040 [info] Getting sessions for all scopes...
2026-03-15 19:06:09.040 [info] Got 0 sessions for ...
2026-03-15 19:06:09.040 [info] Getting sessions for user:email...
2026-03-15 19:06:09.040 [info] Got 0 sessions for user:email...
2026-03-15 19:06:14.043 [info] Getting sessions for all scopes...
2026-03-15 19:06:14.043 [info] Got 0 sessions for ...
2026-03-15 19:06:14.043 [info] Getting sessions for user:email...
2026-03-15 19:06:14.043 [info] Got 0 sessions for user:email...
2026-03-15 19:06:14.652 [info] Getting sessions for all scopes...
2026-03-15 19:06:14.652 [info] Got 0 sessions for ...
2026-03-15 19:06:14.653 [info] Getting sessions for user:email...
2026-03-15 19:06:14.653 [info] Got 0 sessions for user:email...
2026-03-15 19:06:15.810 [info] Getting sessions for all scopes...
2026-03-15 19:06:15.810 [info] Got 0 sessions for ...
2026-03-15 19:06:15.811 [info] Getting sessions for user:email...
2026-03-15 19:06:15.811 [info] Got 0 sessions for user:email...
2026-03-15 19:06:16.092 [info] Getting sessions for all scopes...
2026-03-15 19:06:16.092 [info] Got 0 sessions for ...
2026-03-15 19:06:16.092 [info] Getting sessions for user:email...
2026-03-15 19:06:16.092 [info] Got 0 sessions for user:email...
2026-03-15 19:06:16.217 [info] Getting sessions for all scopes...
2026-03-15 19:06:16.217 [info] Got 0 sessions for ...
2026-03-15 19:06:16.218 [info] Getting sessions for user:email...
2026-03-15 19:06:16.218 [info] Got 0 sessions for user:email...
2026-03-15 19:06:17.807 [info] Getting sessions for all scopes...
2026-03-15 19:06:17.808 [info] Got 0 sessions for ...
2026-03-15 19:06:17.808 [info] Getting sessions for user:email...
2026-03-15 19:06:17.808 [info] Got 0 sessions for user:email...
2026-03-15 19:06:17.925 [info] Getting sessions for all scopes...
2026-03-15 19:06:17.925 [info] Got 0 sessions for ...
2026-03-15 19:06:17.925 [info] Getting sessions for user:email...
2026-03-15 19:06:17.925 [info] Got 0 sessions for user:email...
2026-03-15 19:06:18.075 [info] Getting sessions for all scopes...
2026-03-15 19:06:18.075 [info] Got 0 sessions for ...
2026-03-15 19:06:18.077 [info] Getting sessions for user:email...
2026-03-15 19:06:18.077 [info] Got 0 sessions for user:email...
2026-03-15 19:06:18.212 [info] Getting sessions for all scopes...
2026-03-15 19:06:18.212 [info] Got 0 sessions for ...
2026-03-15 19:06:18.212 [info] Getting sessions for user:email...
2026-03-15 19:06:18.212 [info] Got 0 sessions for user:email...
2026-03-15 19:06:18.366 [info] Getting sessions for all scopes...
2026-03-15 19:06:18.366 [info] Got 0 sessions for ...
2026-03-15 19:06:18.366 [info] Getting sessions for user:email...
2026-03-15 19:06:18.366 [info] Got 0 sessions for user:email...
2026-03-15 19:06:18.909 [info] Getting sessions for all scopes...
2026-03-15 19:06:18.909 [info] Got 0 sessions for ...
2026-03-15 19:06:18.909 [info] Getting sessions for user:email...
2026-03-15 19:06:18.909 [info] Got 0 sessions for user:email...
2026-03-15 19:06:18.945 [info] Getting sessions for all scopes...
2026-03-15 19:06:18.945 [info] Got 0 sessions for ...
2026-03-15 19:06:18.945 [info] Getting sessions for user:email...
2026-03-15 19:06:18.945 [info] Got 0 sessions for user:email...
2026-03-15 19:06:18.983 [info] Getting sessions for all scopes...
2026-03-15 19:06:18.983 [info] Got 0 sessions for ...
2026-03-15 19:06:18.984 [info] Getting sessions for user:email...
2026-03-15 19:06:18.984 [info] Got 0 sessions for user:email...
2026-03-15 19:06:19.131 [info] Getting sessions for all scopes...
2026-03-15 19:06:19.131 [info] Got 0 sessions for ...
2026-03-15 19:06:19.131 [info] Getting sessions for user:email...
2026-03-15 19:06:19.131 [info] Got 0 sessions for user:email...
2026-03-15 19:06:19.269 [info] Getting sessions for all scopes...
2026-03-15 19:06:19.269 [info] Got 0 sessions for ...
2026-03-15 19:06:19.269 [info] Getting sessions for user:email...
2026-03-15 19:06:19.269 [info] Got 0 sessions for user:email...
2026-03-15 19:06:24.275 [info] Getting sessions for all scopes...
2026-03-15 19:06:24.275 [info] Got 0 sessions for ...
2026-03-15 19:06:24.276 [info] Getting sessions for user:email...
2026-03-15 19:06:24.276 [info] Got 0 sessions for user:email...
2026-03-15 19:07:54.894 [info] Getting sessions for all scopes...
2026-03-15 19:07:54.897 [info] Got 0 sessions for ...
2026-03-15 19:07:54.897 [info] Getting sessions for read:user,repo,user:email,workflow...
2026-03-15 19:07:54.897 [info] Got 0 sessions for read:user,repo,user:email,workflow...
2026-03-15 19:12:05.878 [info] Getting sessions for all scopes...
2026-03-15 19:12:05.881 [info] Got 0 sessions for ...
2026-03-15 19:12:05.881 [info] Getting sessions for user:email...
2026-03-15 19:12:05.881 [info] Got 0 sessions for user:email...
2026-03-15 19:12:10.876 [info] Getting sessions for all scopes...
2026-03-15 19:12:10.876 [info] Got 0 sessions for ...
2026-03-15 19:12:10.877 [info] Getting sessions for user:email...
2026-03-15 19:12:10.877 [info] Got 0 sessions for user:email...
2026-03-15 19:12:44.420 [info] Getting sessions for all scopes...
2026-03-15 19:12:44.423 [info] Got 0 sessions for ...
2026-03-15 19:12:44.424 [info] Getting sessions for user:email...
2026-03-15 19:12:44.424 [info] Got 0 sessions for user:email...
2026-03-15 19:12:44.860 [info] Getting sessions for all scopes...
2026-03-15 19:12:44.861 [info] Got 0 sessions for ...
2026-03-15 19:12:44.861 [info] Getting sessions for user:email...
2026-03-15 19:12:44.861 [info] Got 0 sessions for user:email...
2026-03-15 19:12:45.048 [info] Getting sessions for all scopes...
2026-03-15 19:12:45.048 [info] Got 0 sessions for ...
2026-03-15 19:12:45.049 [info] Getting sessions for user:email...
2026-03-15 19:12:45.049 [info] Got 0 sessions for user:email...
2026-03-15 19:12:45.239 [info] Getting sessions for all scopes...
2026-03-15 19:12:45.239 [info] Got 0 sessions for ...
2026-03-15 19:12:45.240 [info] Getting sessions for user:email...
2026-03-15 19:12:45.240 [info] Got 0 sessions for user:email...
2026-03-15 19:12:45.333 [info] Getting sessions for all scopes...
2026-03-15 19:12:45.333 [info] Got 0 sessions for ...
2026-03-15 19:12:45.334 [info] Getting sessions for user:email...
2026-03-15 19:12:45.334 [info] Got 0 sessions for user:email...
2026-03-15 19:12:45.907 [info] Getting sessions for all scopes...
2026-03-15 19:12:45.907 [info] Got 0 sessions for ...
2026-03-15 19:12:45.908 [info] Getting sessions for user:email...
2026-03-15 19:12:45.908 [info] Got 0 sessions for user:email...
2026-03-15 19:12:46.511 [info] Getting sessions for all scopes...
2026-03-15 19:12:46.511 [info] Got 0 sessions for ...
2026-03-15 19:12:46.511 [info] Getting sessions for user:email...
2026-03-15 19:12:46.511 [info] Got 0 sessions for user:email...
2026-03-15 19:12:47.018 [info] Getting sessions for all scopes...
2026-03-15 19:12:47.018 [info] Got 0 sessions for ...
2026-03-15 19:12:47.019 [info] Getting sessions for user:email...
2026-03-15 19:12:47.019 [info] Got 0 sessions for user:email...
2026-03-15 19:12:52.022 [info] Getting sessions for all scopes...
2026-03-15 19:12:52.022 [info] Got 0 sessions for ...
2026-03-15 19:12:52.023 [info] Getting sessions for user:email...
2026-03-15 19:12:52.023 [info] Got 0 sessions for user:email...
2026-03-15 19:14:22.300 [info] Getting sessions for all scopes...
2026-03-15 19:14:22.300 [info] Got 0 sessions for ...
2026-03-15 19:14:22.300 [info] Getting sessions for user:email...
2026-03-15 19:14:22.300 [info] Got 0 sessions for user:email...
2026-03-15 19:14:23.033 [info] Getting sessions for all scopes...
2026-03-15 19:14:23.033 [info] Got 0 sessions for ...
2026-03-15 19:14:23.033 [info] Getting sessions for user:email...
2026-03-15 19:14:23.033 [info] Got 0 sessions for user:email...
2026-03-15 19:14:23.907 [info] Getting sessions for all scopes...
2026-03-15 19:14:23.908 [info] Got 0 sessions for ...
2026-03-15 19:14:23.908 [info] Getting sessions for user:email...
2026-03-15 19:14:23.908 [info] Got 0 sessions for user:email...
2026-03-15 19:14:28.911 [info] Getting sessions for all scopes...
2026-03-15 19:14:28.911 [info] Got 0 sessions for ...
2026-03-15 19:14:28.911 [info] Getting sessions for user:email...
2026-03-15 19:14:28.912 [info] Got 0 sessions for user:email...
2026-03-15 19:14:33.493 [info] Reading sessions from keychain...
2026-03-15 19:14:33.493 [info] Getting sessions for all scopes...
2026-03-15 19:14:33.493 [info] Got 0 sessions for ...
2026-03-15 19:14:33.493 [info] Getting sessions for all scopes...
2026-03-15 19:14:33.493 [info] Got 0 sessions for ...
2026-03-15 19:14:33.493 [info] Getting sessions for all scopes...
2026-03-15 19:14:33.493 [info] Got 0 sessions for ...
2026-03-15 19:14:33.493 [info] Getting sessions for all scopes...
2026-03-15 19:14:33.493 [info] Got 0 sessions for ...
2026-03-15 19:14:33.493 [info] Getting sessions for all scopes...
2026-03-15 19:14:33.493 [info] Got 0 sessions for ...
2026-03-15 19:14:33.493 [info] Getting sessions for all scopes...
2026-03-15 19:14:33.493 [info] Got 0 sessions for ...
2026-03-15 19:14:33.493 [info] Getting sessions for all scopes...
2026-03-15 19:14:33.493 [info] Got 0 sessions for ...
2026-03-15 19:14:33.495 [info] Getting sessions for user:email...
2026-03-15 19:14:33.495 [info] Got 0 sessions for user:email...
2026-03-15 19:14:33.495 [info] Getting sessions for read:user,repo,user:email,workflow...
2026-03-15 19:14:33.495 [info] Got 0 sessions for read:user,repo,user:email,workflow...
2026-03-15 19:14:33.500 [info] Getting sessions for all scopes...
2026-03-15 19:14:33.500 [info] Got 0 sessions for ...
2026-03-15 19:14:33.500 [info] Getting sessions for user:email...
2026-03-15 19:14:33.500 [info] Got 0 sessions for user:email...
2026-03-15 19:14:34.107 [info] Getting sessions for read:user,repo,user:email,workflow...
2026-03-15 19:14:34.107 [info] Got 0 sessions for read:user,repo,user:email,workflow...
2026-03-15 19:14:34.462 [info] Getting sessions for read:user,repo,user:email...
2026-03-15 19:14:34.462 [info] Got 0 sessions for read:user,repo,user:email...
2026-03-15 19:14:34.484 [info] Getting sessions for read:user,repo,user:email...
2026-03-15 19:14:34.484 [info] Got 0 sessions for read:user,repo,user:email...
2026-03-15 19:14:34.674 [info] Getting sessions for all scopes...
2026-03-15 19:14:34.674 [info] Got 0 sessions for ...
2026-03-15 19:14:34.674 [info] Getting sessions for all scopes...
2026-03-15 19:14:34.674 [info] Got 0 sessions for ...
2026-03-15 19:14:34.674 [info] Getting sessions for all scopes...
2026-03-15 19:14:34.674 [info] Got 0 sessions for ...
2026-03-15 19:14:34.675 [info] Getting sessions for user:email...
2026-03-15 19:14:34.675 [info] Got 0 sessions for user:email...
2026-03-15 19:14:34.675 [info] Getting sessions for read:user,repo,user:email,workflow...
2026-03-15 19:14:34.676 [info] Got 0 sessions for read:user,repo,user:email,workflow...
2026-03-15 19:14:34.700 [info] Getting sessions for all scopes...
2026-03-15 19:14:34.700 [info] Got 0 sessions for ...
2026-03-15 19:14:34.701 [info] Getting sessions for read:user,repo,user:email,workflow...
2026-03-15 19:14:34.701 [info] Got 0 sessions for read:user,repo,user:email,workflow...
2026-03-15 19:14:35.832 [info] Getting sessions for all scopes...
2026-03-15 19:14:35.832 [info] Got 0 sessions for ...
2026-03-15 19:17:18.714 [info] Getting sessions for all scopes...
2026-03-15 19:17:18.714 [info] Got 0 sessions for ...
2026-03-15 19:17:18.811 [info] Getting sessions for read:user,repo,user:email,workflow...
2026-03-15 19:17:18.811 [info] Got 0 sessions for read:user,repo,user:email,workflow...
2026-03-15 19:17:21.222 [info] Getting sessions for all scopes...
2026-03-15 19:17:21.222 [info] Got 0 sessions for ...
2026-03-15 19:17:21.223 [info] Getting sessions for user:email...
2026-03-15 19:17:21.223 [info] Got 0 sessions for user:email...
2026-03-15 19:17:21.320 [info] Getting sessions for all scopes...
2026-03-15 19:17:21.320 [info] Got 0 sessions for ...
2026-03-15 19:17:21.320 [info] Getting sessions for all scopes...
2026-03-15 19:17:21.320 [info] Got 0 sessions for ...
2026-03-15 19:17:23.410 [info] Getting sessions for all scopes...
2026-03-15 19:17:23.410 [info] Got 0 sessions for ...
2026-03-15 19:17:23.410 [info] Getting sessions for user:email...
2026-03-15 19:17:23.410 [info] Got 0 sessions for user:email...
2026-03-15 19:17:23.915 [info] Getting sessions for all scopes...
2026-03-15 19:17:23.915 [info] Got 0 sessions for ...
2026-03-15 19:17:23.915 [info] Getting sessions for user:email...
2026-03-15 19:17:23.915 [info] Got 0 sessions for user:email...
2026-03-15 19:17:28.921 [info] Getting sessions for all scopes...
2026-03-15 19:17:28.921 [info] Got 0 sessions for ...
2026-03-15 19:17:28.922 [info] Getting sessions for user:email...
2026-03-15 19:17:28.922 [info] Got 0 sessions for user:email...
2026-03-15 19:33:28.728 [info] Getting sessions for all scopes...
2026-03-15 19:33:28.731 [info] Got 0 sessions for ...
2026-03-15 19:33:28.732 [info] Getting sessions for read:user,repo,user:email,workflow...
2026-03-15 19:33:28.732 [info] Got 0 sessions for read:user,repo,user:email,workflow...
