Locating server…
Booting server...
Setting up server…
Listening for messages…
[Error - 10:41:14 PM] e: failed to resolve "extends":"astro/tsconfigs/strict" in /Users/kcwen/Documents/02_Projects/syncrex-site/tsconfig.json
    at F0e (/Users/kcwen/.vscode/extensions/bradlc.vscode-tailwindcss-0.14.29/dist/tailwindServer.js:3625:2655)
    at bj (/Users/kcwen/.vscode/extensions/bradlc.vscode-tailwindcss-0.14.29/dist/tailwindServer.js:3625:2093)
    at yj (/Users/kcwen/.vscode/extensions/bradlc.vscode-tailwindcss-0.14.29/dist/tailwindServer.js:3625:647)
    at async V0e (/Users/kcwen/.vscode/extensions/bradlc.vscode-tailwindcss-0.14.29/dist/tailwindServer.js:3625:5997)
    at async X0e (/Users/kcwen/.vscode/extensions/bradlc.vscode-tailwindcss-0.14.29/dist/tailwindServer.js:3625:5230)
    at async Ij (/Users/kcwen/.vscode/extensions/bradlc.vscode-tailwindcss-0.14.29/dist/tailwindServer.js:3625:7260)
    at async ND._initFolder (/Users/kcwen/.vscode/extensions/bradlc.vscode-tailwindcss-0.14.29/dist/tailwindServer.js:3625:12386)
    at async Promise.allSettled (index 0)
    at async ND._init (/Users/kcwen/.vscode/extensions/bradlc.vscode-tailwindcss-0.14.29/dist/tailwindServer.js:3625:10609)
    at async ND.init (/Users/kcwen/.vscode/extensions/bradlc.vscode-tailwindcss-0.14.29/dist/tailwindServer.js:3625:9467) {
  code: 'EXTENDS_RESOLVE',
  cause: Error: Can't resolve 'astro/tsconfigs/strict/tsconfig.json' in '/Users/kcwen/Documents/02_Projects/syncrex-site'
      at H (/Users/kcwen/.vscode/extensions/bradlc.vscode-tailwindcss-0.14.29/dist/tailwindServer.js:130:7155)
      at /Users/kcwen/.vscode/extensions/bradlc.vscode-tailwindcss-0.14.29/dist/tailwindServer.js:131:713
      at /Users/kcwen/.vscode/extensions/bradlc.vscode-tailwindcss-0.14.29/dist/tailwindServer.js:134:405
      at eval (eval at create (/Users/kcwen/.vscode/extensions/bradlc.vscode-tailwindcss-0.14.29/dist/tailwindServer.js:5:78), <anonymous>:15:1)
      at /Users/kcwen/.vscode/extensions/bradlc.vscode-tailwindcss-0.14.29/dist/tailwindServer.js:134:405
      at eval (eval at create (/Users/kcwen/.vscode/extensions/bradlc.vscode-tailwindcss-0.14.29/dist/tailwindServer.js:5:78), <anonymous>:27:1)
      at /Users/kcwen/.vscode/extensions/bradlc.vscode-tailwindcss-0.14.29/dist/tailwindServer.js:134:7916
      at /Users/kcwen/.vscode/extensions/bradlc.vscode-tailwindcss-0.14.29/dist/tailwindServer.js:134:405
      at eval (eval at create (/Users/kcwen/.vscode/extensions/bradlc.vscode-tailwindcss-0.14.29/dist/tailwindServer.js:5:78), <anonymous>:15:1)
      at /Users/kcwen/.vscode/extensions/bradlc.vscode-tailwindcss-0.14.29/dist/tailwindServer.js:134:405 {
    details: "resolve 'astro/tsconfigs/strict/tsconfig.json' in '/Users/kcwen/Documents/02_Projects/syncrex-site'\n" +
      '  Parsed request is a module\n' +
      '  using description file: /Users/kcwen/Documents/02_Projects/syncrex-site/package.json (relative path: .)\n' +
      '    resolve as module\n' +
      "      /Users/kcwen/Documents/02_Projects/syncrex-site/node_modules doesn't exist or is not a directory\n" +
      "      /Users/kcwen/Documents/02_Projects/node_modules doesn't exist or is not a directory\n" +
      "      /Users/kcwen/Documents/node_modules doesn't exist or is not a directory\n" +
      "      /Users/kcwen/node_modules doesn't exist or is not a directory\n" +
      "      /Users/node_modules doesn't exist or is not a directory\n" +
      "      /node_modules doesn't exist or is not a directory"
  },
  tsconfigFile: '/Users/kcwen/Documents/02_Projects/syncrex-site/tsconfig.json'
}
Searching for Tailwind CSS projects in the workspace's folders.
{"tailwind":{"version":"3.4.18","features":["layer:base","separator:root","content-list","jit","css-at-config-as-project","relative-content-paths","transpiled-configs"],"isDefaultVersion":true},"path":"/Users/kcwen/Documents/02_Projects/syncrex-site/tailwind.config.mjs"}
{"tailwind":{"version":"4.1.15","features":["css-at-theme","layer:base","content-list","source-inline","source-not"],"isDefaultVersion":true},"path":"/Users/kcwen/Documents/02_Projects/syncrex-site/src/styles/global.css"}
[Warn  - 10:41:14 PM] The config /Users/kcwen/Documents/02_Projects/syncrex-site/src/styles/global.css looks like it might be for a different Tailwind CSS version. Skipping.
[Global] Creating projects: [{"folder":"/Users/kcwen/Documents/02_Projects/syncrex-site","config":"/Users/kcwen/Documents/02_Projects/syncrex-site/tailwind.config.mjs","selectors":[{"pattern":"/Users/kcwen/Documents/02_Projects/syncrex-site/tailwind.config.mjs","priority":0},{"pattern":"/Users/kcwen/Documents/02_Projects/syncrex-site/**","priority":3},{"pattern":"/Users/kcwen/Documents/02_Projects/syncrex-site/**","priority":5}],"user":false,"tailwind":{"version":"3.4.18","features":["layer:base","separator:root","content-list","jit","css-at-config-as-project","relative-content-paths","transpiled-configs"],"isDefaultVersion":true}}]
[Global] Preparing projects...
[Global] Adding watch patterns: /Users/kcwen/Documents/02_Projects/syncrex-site/tailwind.config.mjs, /Users/kcwen/Documents/02_Projects/syncrex-site
[Global] Initializing projects...
[Global] Initialized 0 projects
----------
RESTARTING
----------
Searching for Tailwind CSS projects in the workspace's folders.
{"tailwind":{"version":"3.4.19","features":["layer:base","separator:root","content-list","jit","css-at-config-as-project","relative-content-paths","transpiled-configs"],"isDefaultVersion":false},"path":"/Users/kcwen/Documents/02_Projects/syncrex-site/tailwind.config.mjs"}
{"tailwind":{"version":"3.4.19","features":["layer:base","separator:root","content-list","jit","css-at-config-as-project","relative-content-paths","transpiled-configs"],"isDefaultVersion":false},"path":"/Users/kcwen/Documents/02_Projects/syncrex-site/src/styles/global.css"}
[Global] Creating projects: [{"folder":"/Users/kcwen/Documents/02_Projects/syncrex-site","config":"/Users/kcwen/Documents/02_Projects/syncrex-site/tailwind.config.mjs","selectors":[{"pattern":"/Users/kcwen/Documents/02_Projects/syncrex-site/tailwind.config.mjs","priority":0},{"pattern":"/Users/kcwen/Documents/02_Projects/syncrex-site/**","priority":3},{"pattern":"/Users/kcwen/Documents/02_Projects/syncrex-site/**","priority":5}],"user":false,"tailwind":{"version":"3.4.19","features":["layer:base","separator:root","content-list","jit","css-at-config-as-project","relative-content-paths","transpiled-configs"],"isDefaultVersion":false}}]
[Global] Preparing projects...
[Global] Adding watch patterns: /Users/kcwen/Documents/02_Projects/syncrex-site/tailwind.config.mjs, /Users/kcwen/Documents/02_Projects/syncrex-site
[Global] Initializing projects...
[Global] Initialized 0 projects
