["INFO" - 10:41:09 PM] Extension Name: esbenp.prettier-vscode.
["INFO" - 10:41:09 PM] Extension Version: 12.3.0.
["ERROR" - 10:42:06 PM] Failed to load module. If you have prettier or plugins referenced in package.json, ensure you have run `npm install` /Users/kcwen/Documents/02_Projects/syncrex-site/node_modules/prettier/package.json
["ERROR" - 10:42:07 PM] Failed to load module. If you have prettier or plugins referenced in package.json, ensure you have run `npm install` /Users/kcwen/Documents/02_Projects/syncrex-site/node_modules/prettier/package.json
["ERROR" - 10:42:07 PM] Failed to load module. If you have prettier or plugins referenced in package.json, ensure you have run `npm install` /Users/kcwen/Documents/02_Projects/syncrex-site/node_modules/prettier/package.json
["ERROR" - 10:42:07 PM] Failed to load module. If you have prettier or plugins referenced in package.json, ensure you have run `npm install` /Users/kcwen/Documents/02_Projects/syncrex-site/node_modules/prettier/package.json
["INFO" - 10:45:33 PM] Formatting vscode-userdata:/Users/kcwen/Library/Application%20Support/Code/User/settings.json
["INFO" - 10:45:33 PM] EditorConfig support is enabled, checking for .editorconfig files
["INFO" - 10:45:33 PM] No local configuration (i.e. .prettierrc or .editorconfig) detected, will fall back to VS Code configuration
["INFO" - 10:45:33 PM] PrettierInstance:
{
  "__debug": {
    "mockable": {
      "mocked": {},
      "implementations": {}
    }
  },
  "__internal": {
    "errors": {},
    "optionCategories": {
      "CATEGORY_CONFIG": "Config",
      "CATEGORY_EDITOR": "Editor",
      "CATEGORY_FORMAT": "Format",
      "CATEGORY_GLOBAL": "Global",
      "CATEGORY_OTHER": "Other",
      "CATEGORY_OUTPUT": "Output",
      "CATEGORY_SPECIAL": "Special"
    },
    "formatOptionsHiddenDefaults": {
      "astFormat": "estree",
      "printer": {},
      "locStart": null,
      "locEnd": null,
      "getVisitorKeys": null
    },
    "vnopts": {
      "apiDescriptor": {}
    },
    "picocolors": {
      "isColorSupported": false
    },
    "utilities": {}
  },
  "doc": {
    "builders": {
      "line": {
        "type": "line"
      },
      "softline": {
        "type": "line",
        "soft": true
      },
      "hardline": [
        {
          "type": "line",
          "hard": true
        },
        {
          "type": "break-parent"
        }
      ],
      "literalline": [
        {
          "type": "line",
          "hard": true,
          "literal": true
        },
        {
          "type": "break-parent"
        }
      ],
      "lineSuffixBoundary": {
        "type": "line-suffix-boundary"
      },
      "cursor": {
        "type": "cursor"
      },
      "breakParent": {
        "type": "break-parent"
      },
      "trim": {
        "type": "trim"
      },
      "hardlineWithoutBreakParent": {
        "type": "line",
        "hard": true
      },
      "literallineWithoutBreakParent": {
        "type": "line",
        "hard": true,
        "literal": true
      }
    },
    "default": {
      "builders": {
        "line": {
          "type": "line"
        },
        "softline": {
          "type": "line",
          "soft": true
        },
        "hardline": [
          {
            "type": "line",
            "hard": true
          },
          {
            "type": "break-parent"
          }
        ],
        "literalline": [
          {
            "type": "line",
            "hard": true,
            "literal": true
          },
          {
            "type": "break-parent"
          }
        ],
        "lineSuffixBoundary": {
          "type": "line-suffix-boundary"
        },
        "cursor": {
          "type": "cursor"
        },
        "breakParent": {
          "type": "break-parent"
        },
        "trim": {
          "type": "trim"
        },
        "hardlineWithoutBreakParent": {
          "type": "line",
          "hard": true
        },
        "literallineWithoutBreakParent": {
          "type": "line",
          "hard": true,
          "literal": true
        }
      },
      "printer": {},
      "utils": {}
    },
    "printer": {},
    "utils": {}
  },
  "util": {},
  "version": "3.7.4"
}
["WARN" - 10:45:33 PM] Unable to resolve ignore path: .prettierignore for /Users/kcwen/Library/Application Support/Code/User/settings.json
["INFO" - 10:45:33 PM] Resolved plugins:
[]
["WARN" - 10:45:33 PM] Parser not inferred, trying VS Code language.
["INFO" - 10:45:33 PM] Using VS Code configuration
["INFO" - 10:45:33 PM] Prettier Options:
{
  "arrowParens": "always",
  "bracketSpacing": true,
  "endOfLine": "lf",
  "htmlWhitespaceSensitivity": "css",
  "insertPragma": false,
  "singleAttributePerLine": false,
  "bracketSameLine": false,
  "jsxBracketSameLine": false,
  "jsxSingleQuote": false,
  "printWidth": 80,
  "proseWrap": "preserve",
  "quoteProps": "as-needed",
  "requirePragma": false,
  "semi": true,
  "singleQuote": false,
  "tabWidth": 2,
  "trailingComma": "all",
  "useTabs": false,
  "embeddedLanguageFormatting": "auto",
  "vueIndentScriptAndStyle": false,
  "experimentalTernaries": false,
  "objectWrap": "preserve",
  "experimentalOperatorPosition": "end",
  "filepath": "/Users/kcwen/Library/Application Support/Code/User/settings.json",
  "parser": "jsonc"
}
["ERROR" - 10:45:33 PM] Error formatting document.
["ERROR" - 10:45:33 PM] Unexpected token (16:3)
  14 |   // Editor Core
  15 |   // ==========================================
> 16 |   "editor.formatOnSave": true,
     |   ^
  17 |   "editor.wordWrap": "on",
  18 |   "files.autoSave": "onFocusChange",
  19 |   "editor.bracketPairColorization.enabled": true,
SyntaxError: Unexpected token (16:3)
  14 |   // Editor Core
  15 |   // ==========================================
> 16 |   "editor.formatOnSave": true,
     |   ^
  17 |   "editor.wordWrap": "on",
  18 |   "files.autoSave": "onFocusChange",
  19 |   "editor.bracketPairColorization.enabled": true,
    at Nr (file:///Users/kcwen/.vscode/extensions/esbenp.prettier-vscode-12.3.0/node_modules/prettier/plugins/babel.mjs:13:14626)
    at kr (file:///Users/kcwen/.vscode/extensions/esbenp.prettier-vscode-12.3.0/node_modules/prettier/plugins/babel.mjs:13:15061)
    at Be (file:///Users/kcwen/.vscode/extensions/esbenp.prettier-vscode-12.3.0/node_modules/prettier/plugins/babel.mjs:15:4618)
    at Object.parse (file:///Users/kcwen/.vscode/extensions/esbenp.prettier-vscode-12.3.0/node_modules/prettier/plugins/babel.mjs:15:6011)
    at parse5 (file:///Users/kcwen/.vscode/extensions/esbenp.prettier-vscode-12.3.0/node_modules/prettier/index.mjs:16420:24)
    at coreFormat (file:///Users/kcwen/.vscode/extensions/esbenp.prettier-vscode-12.3.0/node_modules/prettier/index.mjs:16952:7)
    at formatWithCursor (file:///Users/kcwen/.vscode/extensions/esbenp.prettier-vscode-12.3.0/node_modules/prettier/index.mjs:17172:14)
    at Object.format2 (file:///Users/kcwen/.vscode/extensions/esbenp.prettier-vscode-12.3.0/node_modules/prettier/index.mjs:18730:25)
    at PrettierEditService.format (file:///Users/kcwen/.vscode/extensions/esbenp.prettier-vscode-12.3.0/dist/extension.js:3288:29)
    at PrettierEditProvider.provideEdits (file:///Users/kcwen/.vscode/extensions/esbenp.prettier-vscode-12.3.0/dist/extension.js:3159:20)
    at QE.provideDocumentFormattingEdits (file:///Applications/Visual%20Studio%20Code.app/Contents/Resources/app/out/vs/workbench/api/node/extensionHostProcess.js:521:164242)
["INFO" - 10:45:33 PM] Formatting completed in 26ms.
["INFO" - 10:46:03 PM] Formatting vscode-userdata:/Users/kcwen/Library/Application%20Support/Code/User/settings.json
["INFO" - 10:46:03 PM] EditorConfig support is enabled, checking for .editorconfig files
["INFO" - 10:46:03 PM] No local configuration (i.e. .prettierrc or .editorconfig) detected, will fall back to VS Code configuration
["INFO" - 10:46:03 PM] PrettierInstance:
{
  "__debug": {
    "mockable": {
      "mocked": {},
      "implementations": {}
    }
  },
  "__internal": {
    "errors": {},
    "optionCategories": {
      "CATEGORY_CONFIG": "Config",
      "CATEGORY_EDITOR": "Editor",
      "CATEGORY_FORMAT": "Format",
      "CATEGORY_GLOBAL": "Global",
      "CATEGORY_OTHER": "Other",
      "CATEGORY_OUTPUT": "Output",
      "CATEGORY_SPECIAL": "Special"
    },
    "formatOptionsHiddenDefaults": {
      "astFormat": "estree",
      "printer": {},
      "locStart": null,
      "locEnd": null,
      "getVisitorKeys": null
    },
    "vnopts": {
      "apiDescriptor": {}
    },
    "picocolors": {
      "isColorSupported": false
    },
    "utilities": {}
  },
  "doc": {
    "builders": {
      "line": {
        "type": "line"
      },
      "softline": {
        "type": "line",
        "soft": true
      },
      "hardline": [
        {
          "type": "line",
          "hard": true
        },
        {
          "type": "break-parent"
        }
      ],
      "literalline": [
        {
          "type": "line",
          "hard": true,
          "literal": true
        },
        {
          "type": "break-parent"
        }
      ],
      "lineSuffixBoundary": {
        "type": "line-suffix-boundary"
      },
      "cursor": {
        "type": "cursor"
      },
      "breakParent": {
        "type": "break-parent"
      },
      "trim": {
        "type": "trim"
      },
      "hardlineWithoutBreakParent": {
        "type": "line",
        "hard": true
      },
      "literallineWithoutBreakParent": {
        "type": "line",
        "hard": true,
        "literal": true
      }
    },
    "default": {
      "builders": {
        "line": {
          "type": "line"
        },
        "softline": {
          "type": "line",
          "soft": true
        },
        "hardline": [
          {
            "type": "line",
            "hard": true
          },
          {
            "type": "break-parent"
          }
        ],
        "literalline": [
          {
            "type": "line",
            "hard": true,
            "literal": true
          },
          {
            "type": "break-parent"
          }
        ],
        "lineSuffixBoundary": {
          "type": "line-suffix-boundary"
        },
        "cursor": {
          "type": "cursor"
        },
        "breakParent": {
          "type": "break-parent"
        },
        "trim": {
          "type": "trim"
        },
        "hardlineWithoutBreakParent": {
          "type": "line",
          "hard": true
        },
        "literallineWithoutBreakParent": {
          "type": "line",
          "hard": true,
          "literal": true
        }
      },
      "printer": {},
      "utils": {}
    },
    "printer": {},
    "utils": {}
  },
  "util": {},
  "version": "3.7.4"
}
["WARN" - 10:46:03 PM] Unable to resolve ignore path: .prettierignore for /Users/kcwen/Library/Application Support/Code/User/settings.json
["INFO" - 10:46:03 PM] Resolved plugins:
[]
["WARN" - 10:46:03 PM] Parser not inferred, trying VS Code language.
["INFO" - 10:46:03 PM] Using VS Code configuration
["INFO" - 10:46:03 PM] Prettier Options:
{
  "arrowParens": "always",
  "bracketSpacing": true,
  "endOfLine": "lf",
  "htmlWhitespaceSensitivity": "css",
  "insertPragma": false,
  "singleAttributePerLine": false,
  "bracketSameLine": false,
  "jsxBracketSameLine": false,
  "jsxSingleQuote": false,
  "printWidth": 80,
  "proseWrap": "preserve",
  "quoteProps": "as-needed",
  "requirePragma": false,
  "semi": true,
  "singleQuote": false,
  "tabWidth": 2,
  "trailingComma": "all",
  "useTabs": false,
  "embeddedLanguageFormatting": "auto",
  "vueIndentScriptAndStyle": false,
  "experimentalTernaries": false,
  "objectWrap": "preserve",
  "experimentalOperatorPosition": "end",
  "filepath": "/Users/kcwen/Library/Application Support/Code/User/settings.json",
  "parser": "jsonc"
}
["INFO" - 10:46:03 PM] Formatting completed in 24ms.
["INFO" - 10:46:15 PM] Formatting vscode-userdata:/Users/kcwen/Library/Application%20Support/Code/User/settings.json
["INFO" - 10:46:15 PM] EditorConfig support is enabled, checking for .editorconfig files
["INFO" - 10:46:15 PM] No local configuration (i.e. .prettierrc or .editorconfig) detected, will fall back to VS Code configuration
["INFO" - 10:46:15 PM] PrettierInstance:
{
  "__debug": {
    "mockable": {
      "mocked": {},
      "implementations": {}
    }
  },
  "__internal": {
    "errors": {},
    "optionCategories": {
      "CATEGORY_CONFIG": "Config",
      "CATEGORY_EDITOR": "Editor",
      "CATEGORY_FORMAT": "Format",
      "CATEGORY_GLOBAL": "Global",
      "CATEGORY_OTHER": "Other",
      "CATEGORY_OUTPUT": "Output",
      "CATEGORY_SPECIAL": "Special"
    },
    "formatOptionsHiddenDefaults": {
      "astFormat": "estree",
      "printer": {},
      "locStart": null,
      "locEnd": null,
      "getVisitorKeys": null
    },
    "vnopts": {
      "apiDescriptor": {}
    },
    "picocolors": {
      "isColorSupported": false
    },
    "utilities": {}
  },
  "doc": {
    "builders": {
      "line": {
        "type": "line"
      },
      "softline": {
        "type": "line",
        "soft": true
      },
      "hardline": [
        {
          "type": "line",
          "hard": true
        },
        {
          "type": "break-parent"
        }
      ],
      "literalline": [
        {
          "type": "line",
          "hard": true,
          "literal": true
        },
        {
          "type": "break-parent"
        }
      ],
      "lineSuffixBoundary": {
        "type": "line-suffix-boundary"
      },
      "cursor": {
        "type": "cursor"
      },
      "breakParent": {
        "type": "break-parent"
      },
      "trim": {
        "type": "trim"
      },
      "hardlineWithoutBreakParent": {
        "type": "line",
        "hard": true
      },
      "literallineWithoutBreakParent": {
        "type": "line",
        "hard": true,
        "literal": true
      }
    },
    "default": {
      "builders": {
        "line": {
          "type": "line"
        },
        "softline": {
          "type": "line",
          "soft": true
        },
        "hardline": [
          {
            "type": "line",
            "hard": true
          },
          {
            "type": "break-parent"
          }
        ],
        "literalline": [
          {
            "type": "line",
            "hard": true,
            "literal": true
          },
          {
            "type": "break-parent"
          }
        ],
        "lineSuffixBoundary": {
          "type": "line-suffix-boundary"
        },
        "cursor": {
          "type": "cursor"
        },
        "breakParent": {
          "type": "break-parent"
        },
        "trim": {
          "type": "trim"
        },
        "hardlineWithoutBreakParent": {
          "type": "line",
          "hard": true
        },
        "literallineWithoutBreakParent": {
          "type": "line",
          "hard": true,
          "literal": true
        }
      },
      "printer": {},
      "utils": {}
    },
    "printer": {},
    "utils": {}
  },
  "util": {},
  "version": "3.7.4"
}
["WARN" - 10:46:15 PM] Unable to resolve ignore path: .prettierignore for /Users/kcwen/Library/Application Support/Code/User/settings.json
["INFO" - 10:46:15 PM] Resolved plugins:
[]
["WARN" - 10:46:15 PM] Parser not inferred, trying VS Code language.
["INFO" - 10:46:15 PM] Using VS Code configuration
["INFO" - 10:46:15 PM] Prettier Options:
{
  "arrowParens": "always",
  "bracketSpacing": true,
  "endOfLine": "lf",
  "htmlWhitespaceSensitivity": "css",
  "insertPragma": false,
  "singleAttributePerLine": false,
  "bracketSameLine": false,
  "jsxBracketSameLine": false,
  "jsxSingleQuote": false,
  "printWidth": 80,
  "proseWrap": "preserve",
  "quoteProps": "as-needed",
  "requirePragma": false,
  "semi": true,
  "singleQuote": false,
  "tabWidth": 2,
  "trailingComma": "all",
  "useTabs": false,
  "embeddedLanguageFormatting": "auto",
  "vueIndentScriptAndStyle": false,
  "experimentalTernaries": false,
  "objectWrap": "preserve",
  "experimentalOperatorPosition": "end",
  "filepath": "/Users/kcwen/Library/Application Support/Code/User/settings.json",
  "parser": "jsonc"
}
["INFO" - 10:46:15 PM] Formatting completed in 18ms.
["INFO" - 10:46:36 PM] Formatting vscode-userdata:/Users/kcwen/Library/Application%20Support/Code/User/settings.json
["INFO" - 10:46:36 PM] EditorConfig support is enabled, checking for .editorconfig files
["INFO" - 10:46:36 PM] No local configuration (i.e. .prettierrc or .editorconfig) detected, will fall back to VS Code configuration
["INFO" - 10:46:36 PM] PrettierInstance:
{
  "__debug": {
    "mockable": {
      "mocked": {},
      "implementations": {}
    }
  },
  "__internal": {
    "errors": {},
    "optionCategories": {
      "CATEGORY_CONFIG": "Config",
      "CATEGORY_EDITOR": "Editor",
      "CATEGORY_FORMAT": "Format",
      "CATEGORY_GLOBAL": "Global",
      "CATEGORY_OTHER": "Other",
      "CATEGORY_OUTPUT": "Output",
      "CATEGORY_SPECIAL": "Special"
    },
    "formatOptionsHiddenDefaults": {
      "astFormat": "estree",
      "printer": {},
      "locStart": null,
      "locEnd": null,
      "getVisitorKeys": null
    },
    "vnopts": {
      "apiDescriptor": {}
    },
    "picocolors": {
      "isColorSupported": false
    },
    "utilities": {}
  },
  "doc": {
    "builders": {
      "line": {
        "type": "line"
      },
      "softline": {
        "type": "line",
        "soft": true
      },
      "hardline": [
        {
          "type": "line",
          "hard": true
        },
        {
          "type": "break-parent"
        }
      ],
      "literalline": [
        {
          "type": "line",
          "hard": true,
          "literal": true
        },
        {
          "type": "break-parent"
        }
      ],
      "lineSuffixBoundary": {
        "type": "line-suffix-boundary"
      },
      "cursor": {
        "type": "cursor"
      },
      "breakParent": {
        "type": "break-parent"
      },
      "trim": {
        "type": "trim"
      },
      "hardlineWithoutBreakParent": {
        "type": "line",
        "hard": true
      },
      "literallineWithoutBreakParent": {
        "type": "line",
        "hard": true,
        "literal": true
      }
    },
    "default": {
      "builders": {
        "line": {
          "type": "line"
        },
        "softline": {
          "type": "line",
          "soft": true
        },
        "hardline": [
          {
            "type": "line",
            "hard": true
          },
          {
            "type": "break-parent"
          }
        ],
        "literalline": [
          {
            "type": "line",
            "hard": true,
            "literal": true
          },
          {
            "type": "break-parent"
          }
        ],
        "lineSuffixBoundary": {
          "type": "line-suffix-boundary"
        },
        "cursor": {
          "type": "cursor"
        },
        "breakParent": {
          "type": "break-parent"
        },
        "trim": {
          "type": "trim"
        },
        "hardlineWithoutBreakParent": {
          "type": "line",
          "hard": true
        },
        "literallineWithoutBreakParent": {
          "type": "line",
          "hard": true,
          "literal": true
        }
      },
      "printer": {},
      "utils": {}
    },
    "printer": {},
    "utils": {}
  },
  "util": {},
  "version": "3.7.4"
}
["WARN" - 10:46:36 PM] Unable to resolve ignore path: .prettierignore for /Users/kcwen/Library/Application Support/Code/User/settings.json
["INFO" - 10:46:36 PM] Resolved plugins:
[]
["WARN" - 10:46:36 PM] Parser not inferred, trying VS Code language.
["INFO" - 10:46:36 PM] Using VS Code configuration
["INFO" - 10:46:36 PM] Prettier Options:
{
  "arrowParens": "always",
  "bracketSpacing": true,
  "endOfLine": "lf",
  "htmlWhitespaceSensitivity": "css",
  "insertPragma": false,
  "singleAttributePerLine": false,
  "bracketSameLine": false,
  "jsxBracketSameLine": false,
  "jsxSingleQuote": false,
  "printWidth": 80,
  "proseWrap": "preserve",
  "quoteProps": "as-needed",
  "requirePragma": false,
  "semi": true,
  "singleQuote": false,
  "tabWidth": 2,
  "trailingComma": "all",
  "useTabs": false,
  "embeddedLanguageFormatting": "auto",
  "vueIndentScriptAndStyle": false,
  "experimentalTernaries": false,
  "objectWrap": "preserve",
  "experimentalOperatorPosition": "end",
  "filepath": "/Users/kcwen/Library/Application Support/Code/User/settings.json",
  "parser": "jsonc"
}
["INFO" - 10:46:36 PM] Formatting completed in 12ms.
