2026-03-15 19:40:43.245 [info] Reading sessions from keychain...
2026-03-15 19:40:43.245 [info] Getting sessions for all scopes...
2026-03-15 19:40:43.245 [info] Got 0 sessions for ...
2026-03-15 19:40:43.245 [info] Getting sessions for all scopes...
2026-03-15 19:40:43.245 [info] Got 0 sessions for ...
2026-03-15 19:40:43.245 [info] Getting sessions for all scopes...
2026-03-15 19:40:43.245 [info] Got 0 sessions for ...
2026-03-15 19:40:43.245 [info] Getting sessions for all scopes...
2026-03-15 19:40:43.245 [info] Got 0 sessions for ...
2026-03-15 19:40:43.245 [info] Getting sessions for all scopes...
2026-03-15 19:40:43.245 [info] Got 0 sessions for ...
2026-03-15 19:40:43.245 [info] Getting sessions for all scopes...
2026-03-15 19:40:43.245 [info] Got 0 sessions for ...
2026-03-15 19:40:43.245 [info] Getting sessions for all scopes...
2026-03-15 19:40:43.245 [info] Got 0 sessions for ...
2026-03-15 19:40:43.245 [info] Getting sessions for user:email...
2026-03-15 19:40:43.245 [info] Got 0 sessions for user:email...
2026-03-15 19:40:43.245 [info] Getting sessions for read:user,repo,user:email,workflow...
2026-03-15 19:40:43.245 [info] Got 0 sessions for read:user,repo,user:email,workflow...
2026-03-15 19:40:43.259 [info] Getting sessions for all scopes...
2026-03-15 19:40:43.259 [info] Got 0 sessions for ...
2026-03-15 19:40:43.259 [info] Getting sessions for user:email...
2026-03-15 19:40:43.259 [info] Got 0 sessions for user:email...
2026-03-15 19:40:43.889 [info] Getting sessions for read:user,repo,user:email,workflow...
2026-03-15 19:40:43.889 [info] Got 0 sessions for read:user,repo,user:email,workflow...
2026-03-15 19:40:44.248 [info] Getting sessions for read:user,repo,user:email...
2026-03-15 19:40:44.248 [info] Got 0 sessions for read:user,repo,user:email...
2026-03-15 19:40:44.271 [info] Getting sessions for read:user,repo,user:email...
2026-03-15 19:40:44.271 [info] Got 0 sessions for read:user,repo,user:email...
2026-03-15 19:40:44.457 [info] Getting sessions for all scopes...
2026-03-15 19:40:44.457 [info] Got 0 sessions for ...
2026-03-15 19:40:44.457 [info] Getting sessions for all scopes...
2026-03-15 19:40:44.457 [info] Got 0 sessions for ...
2026-03-15 19:40:44.457 [info] Getting sessions for all scopes...
2026-03-15 19:40:44.457 [info] Got 0 sessions for ...
2026-03-15 19:40:44.695 [info] Getting sessions for all scopes...
2026-03-15 19:40:44.695 [info] Got 0 sessions for ...
2026-03-15 19:40:44.696 [info] Getting sessions for user:email...
2026-03-15 19:40:44.696 [info] Got 0 sessions for user:email...
2026-03-15 19:40:44.696 [info] Getting sessions for read:user,repo,user:email,workflow...
2026-03-15 19:40:44.696 [info] Got 0 sessions for read:user,repo,user:email,workflow...
2026-03-15 19:40:44.722 [info] Getting sessions for all scopes...
2026-03-15 19:40:44.722 [info] Got 0 sessions for ...
2026-03-15 19:40:44.722 [info] Getting sessions for read:user,repo,user:email,workflow...
2026-03-15 19:40:44.722 [info] Got 0 sessions for read:user,repo,user:email,workflow...
2026-03-15 19:43:23.344 [info] Getting sessions for all scopes...
2026-03-15 19:43:23.347 [info] Got 0 sessions for ...
2026-03-15 19:43:23.348 [info] Getting sessions for read:user,repo,user:email,workflow...
2026-03-15 19:43:23.348 [info] Got 0 sessions for read:user,repo,user:email,workflow...
2026-03-15 19:45:35.426 [info] Getting sessions for all scopes...
2026-03-15 19:45:35.426 [info] Got 0 sessions for ...
2026-03-15 19:45:35.429 [info] Getting sessions for user:email...
2026-03-15 19:45:35.429 [info] Got 0 sessions for user:email...
2026-03-15 19:45:35.526 [info] Getting sessions for all scopes...
2026-03-15 19:45:35.526 [info] Got 0 sessions for ...
2026-03-15 19:45:35.526 [info] Getting sessions for all scopes...
2026-03-15 19:45:35.526 [info] Got 0 sessions for ...
2026-03-15 19:45:39.167 [info] Getting sessions for all scopes...
2026-03-15 19:45:39.167 [info] Got 0 sessions for ...
2026-03-15 19:45:39.168 [info] Getting sessions for user:email...
2026-03-15 19:45:39.168 [info] Got 0 sessions for user:email...
2026-03-15 19:45:39.317 [info] Getting sessions for all scopes...
2026-03-15 19:45:39.317 [info] Got 0 sessions for ...
2026-03-15 19:45:39.318 [info] Getting sessions for user:email...
2026-03-15 19:45:39.318 [info] Got 0 sessions for user:email...
2026-03-15 19:45:39.467 [info] Getting sessions for all scopes...
2026-03-15 19:45:39.467 [info] Got 0 sessions for ...
2026-03-15 19:45:39.467 [info] Getting sessions for user:email...
2026-03-15 19:45:39.467 [info] Got 0 sessions for user:email...
2026-03-15 19:45:39.900 [info] Getting sessions for all scopes...
2026-03-15 19:45:39.900 [info] Got 0 sessions for ...
2026-03-15 19:45:39.901 [info] Getting sessions for user:email...
2026-03-15 19:45:39.901 [info] Got 0 sessions for user:email...
2026-03-15 19:45:39.999 [info] Getting sessions for all scopes...
2026-03-15 19:45:39.999 [info] Got 0 sessions for ...
2026-03-15 19:45:39.999 [info] Getting sessions for user:email...
2026-03-15 19:45:39.999 [info] Got 0 sessions for user:email...
2026-03-15 19:45:40.058 [info] Getting sessions for all scopes...
2026-03-15 19:45:40.058 [info] Got 0 sessions for ...
2026-03-15 19:45:40.059 [info] Getting sessions for user:email...
2026-03-15 19:45:40.059 [info] Got 0 sessions for user:email...
2026-03-15 19:45:40.162 [info] Getting sessions for all scopes...
2026-03-15 19:45:40.162 [info] Got 0 sessions for ...
2026-03-15 19:45:40.162 [info] Getting sessions for user:email...
2026-03-15 19:45:40.162 [info] Got 0 sessions for user:email...
2026-03-15 19:45:40.341 [info] Getting sessions for all scopes...
2026-03-15 19:45:40.341 [info] Got 0 sessions for ...
2026-03-15 19:45:40.342 [info] Getting sessions for user:email...
2026-03-15 19:45:40.342 [info] Got 0 sessions for user:email...
2026-03-15 19:45:40.434 [info] Getting sessions for all scopes...
2026-03-15 19:45:40.434 [info] Got 0 sessions for ...
2026-03-15 19:45:40.441 [info] Getting sessions for user:email...
2026-03-15 19:45:40.441 [info] Got 0 sessions for user:email...
2026-03-15 19:45:40.527 [info] Getting sessions for all scopes...
2026-03-15 19:45:40.527 [info] Got 0 sessions for ...
2026-03-15 19:45:40.527 [info] Getting sessions for user:email...
2026-03-15 19:45:40.527 [info] Got 0 sessions for user:email...
2026-03-15 19:45:40.734 [info] Getting sessions for all scopes...
2026-03-15 19:45:40.734 [info] Got 0 sessions for ...
2026-03-15 19:45:40.735 [info] Getting sessions for user:email...
2026-03-15 19:45:40.735 [info] Got 0 sessions for user:email...
2026-03-15 19:45:40.969 [info] Getting sessions for all scopes...
2026-03-15 19:45:40.969 [info] Got 0 sessions for ...
2026-03-15 19:45:40.969 [info] Getting sessions for user:email...
2026-03-15 19:45:40.969 [info] Got 0 sessions for user:email...
2026-03-15 19:45:41.023 [info] Getting sessions for all scopes...
2026-03-15 19:45:41.023 [info] Got 0 sessions for ...
2026-03-15 19:45:41.024 [info] Getting sessions for user:email...
2026-03-15 19:45:41.024 [info] Got 0 sessions for user:email...
2026-03-15 19:45:41.308 [info] Getting sessions for all scopes...
2026-03-15 19:45:41.308 [info] Got 0 sessions for ...
2026-03-15 19:45:41.309 [info] Getting sessions for user:email...
2026-03-15 19:45:41.309 [info] Got 0 sessions for user:email...
2026-03-15 19:45:41.401 [info] Getting sessions for all scopes...
2026-03-15 19:45:41.401 [info] Got 0 sessions for ...
2026-03-15 19:45:41.402 [info] Getting sessions for user:email...
2026-03-15 19:45:41.402 [info] Got 0 sessions for user:email...
2026-03-15 19:45:41.520 [info] Getting sessions for all scopes...
2026-03-15 19:45:41.520 [info] Got 0 sessions for ...
2026-03-15 19:45:41.520 [info] Getting sessions for user:email...
2026-03-15 19:45:41.520 [info] Got 0 sessions for user:email...
2026-03-15 19:45:41.606 [info] Getting sessions for all scopes...
2026-03-15 19:45:41.606 [info] Got 0 sessions for ...
2026-03-15 19:45:41.607 [info] Getting sessions for user:email...
2026-03-15 19:45:41.607 [info] Got 0 sessions for user:email...
2026-03-15 19:45:41.788 [info] Getting sessions for all scopes...
2026-03-15 19:45:41.788 [info] Got 0 sessions for ...
2026-03-15 19:45:41.791 [info] Getting sessions for user:email...
2026-03-15 19:45:41.791 [info] Got 0 sessions for user:email...
2026-03-15 19:45:42.767 [info] Getting sessions for all scopes...
2026-03-15 19:45:42.767 [info] Got 0 sessions for ...
2026-03-15 19:45:42.768 [info] Getting sessions for user:email...
2026-03-15 19:45:42.768 [info] Got 0 sessions for user:email...
2026-03-15 19:45:42.919 [info] Getting sessions for all scopes...
2026-03-15 19:45:42.919 [info] Got 0 sessions for ...
2026-03-15 19:45:42.920 [info] Getting sessions for user:email...
2026-03-15 19:45:42.920 [info] Got 0 sessions for user:email...
2026-03-15 19:45:45.773 [info] Getting sessions for all scopes...
2026-03-15 19:45:45.773 [info] Got 0 sessions for ...
2026-03-15 19:45:45.774 [info] Getting sessions for user:email...
2026-03-15 19:45:45.774 [info] Got 0 sessions for user:email...
2026-03-15 19:45:45.979 [info] Getting sessions for all scopes...
2026-03-15 19:45:45.979 [info] Got 0 sessions for ...
2026-03-15 19:45:45.980 [info] Getting sessions for user:email...
2026-03-15 19:45:45.980 [info] Got 0 sessions for user:email...
2026-03-15 19:45:46.288 [info] Getting sessions for all scopes...
2026-03-15 19:45:46.288 [info] Got 0 sessions for ...
2026-03-15 19:45:46.288 [info] Getting sessions for user:email...
2026-03-15 19:45:46.288 [info] Got 0 sessions for user:email...
2026-03-15 19:45:46.411 [info] Getting sessions for all scopes...
2026-03-15 19:45:46.411 [info] Got 0 sessions for ...
2026-03-15 19:45:46.412 [info] Getting sessions for user:email...
2026-03-15 19:45:46.412 [info] Got 0 sessions for user:email...
2026-03-15 19:45:46.560 [info] Getting sessions for all scopes...
2026-03-15 19:45:46.560 [info] Got 0 sessions for ...
2026-03-15 19:45:46.560 [info] Getting sessions for user:email...
2026-03-15 19:45:46.560 [info] Got 0 sessions for user:email...
2026-03-15 19:45:46.674 [info] Getting sessions for all scopes...
2026-03-15 19:45:46.674 [info] Got 0 sessions for ...
2026-03-15 19:45:46.674 [info] Getting sessions for user:email...
2026-03-15 19:45:46.674 [info] Got 0 sessions for user:email...
2026-03-15 19:45:46.827 [info] Getting sessions for all scopes...
2026-03-15 19:45:46.827 [info] Got 0 sessions for ...
2026-03-15 19:45:46.828 [info] Getting sessions for user:email...
2026-03-15 19:45:46.828 [info] Got 0 sessions for user:email...
2026-03-15 19:45:48.144 [info] Getting sessions for all scopes...
2026-03-15 19:45:48.144 [info] Got 0 sessions for ...
2026-03-15 19:45:48.145 [info] Getting sessions for user:email...
2026-03-15 19:45:48.145 [info] Got 0 sessions for user:email...
2026-03-15 19:45:48.242 [info] Getting sessions for all scopes...
2026-03-15 19:45:48.242 [info] Got 0 sessions for ...
2026-03-15 19:45:48.242 [info] Getting sessions for user:email...
2026-03-15 19:45:48.243 [info] Got 0 sessions for user:email...
2026-03-15 19:45:48.344 [info] Getting sessions for all scopes...
2026-03-15 19:45:48.344 [info] Got 0 sessions for ...
2026-03-15 19:45:48.345 [info] Getting sessions for user:email...
2026-03-15 19:45:48.345 [info] Got 0 sessions for user:email...
2026-03-15 19:45:48.454 [info] Getting sessions for all scopes...
2026-03-15 19:45:48.455 [info] Got 0 sessions for ...
2026-03-15 19:45:48.456 [info] Getting sessions for user:email...
2026-03-15 19:45:48.457 [info] Got 0 sessions for user:email...
2026-03-15 19:45:48.540 [info] Getting sessions for all scopes...
2026-03-15 19:45:48.540 [info] Got 0 sessions for ...
2026-03-15 19:45:48.541 [info] Getting sessions for user:email...
2026-03-15 19:45:48.541 [info] Got 0 sessions for user:email...
2026-03-15 19:45:48.607 [info] Getting sessions for all scopes...
2026-03-15 19:45:48.607 [info] Got 0 sessions for ...
2026-03-15 19:45:48.607 [info] Getting sessions for user:email...
2026-03-15 19:45:48.607 [info] Got 0 sessions for user:email...
2026-03-15 19:45:48.767 [info] Getting sessions for all scopes...
2026-03-15 19:45:48.767 [info] Got 0 sessions for ...
2026-03-15 19:45:48.768 [info] Getting sessions for user:email...
2026-03-15 19:45:48.768 [info] Got 0 sessions for user:email...
2026-03-15 19:45:49.018 [info] Getting sessions for all scopes...
2026-03-15 19:45:49.018 [info] Got 0 sessions for ...
2026-03-15 19:45:49.019 [info] Getting sessions for user:email...
2026-03-15 19:45:49.019 [info] Got 0 sessions for user:email...
2026-03-15 19:45:49.091 [info] Getting sessions for all scopes...
2026-03-15 19:45:49.091 [info] Got 0 sessions for ...
2026-03-15 19:45:49.092 [info] Getting sessions for user:email...
2026-03-15 19:45:49.092 [info] Got 0 sessions for user:email...
2026-03-15 19:45:49.281 [info] Getting sessions for all scopes...
2026-03-15 19:45:49.281 [info] Got 0 sessions for ...
2026-03-15 19:45:49.283 [info] Getting sessions for user:email...
2026-03-15 19:45:49.283 [info] Got 0 sessions for user:email...
2026-03-15 19:45:49.405 [info] Getting sessions for all scopes...
2026-03-15 19:45:49.405 [info] Got 0 sessions for ...
2026-03-15 19:45:49.406 [info] Getting sessions for user:email...
2026-03-15 19:45:49.406 [info] Got 0 sessions for user:email...
2026-03-15 19:45:49.483 [info] Getting sessions for all scopes...
2026-03-15 19:45:49.483 [info] Got 0 sessions for ...
2026-03-15 19:45:49.483 [info] Getting sessions for user:email...
2026-03-15 19:45:49.483 [info] Got 0 sessions for user:email...
2026-03-15 19:45:49.719 [info] Getting sessions for all scopes...
2026-03-15 19:45:49.719 [info] Got 0 sessions for ...
2026-03-15 19:45:49.720 [info] Getting sessions for user:email...
2026-03-15 19:45:49.720 [info] Got 0 sessions for user:email...
2026-03-15 19:45:50.034 [info] Getting sessions for all scopes...
2026-03-15 19:45:50.034 [info] Got 0 sessions for ...
2026-03-15 19:45:50.035 [info] Getting sessions for user:email...
2026-03-15 19:45:50.035 [info] Got 0 sessions for user:email...
2026-03-15 19:45:50.069 [info] Getting sessions for all scopes...
2026-03-15 19:45:50.069 [info] Got 0 sessions for ...
2026-03-15 19:45:50.070 [info] Getting sessions for user:email...
2026-03-15 19:45:50.070 [info] Got 0 sessions for user:email...
2026-03-15 19:45:50.151 [info] Getting sessions for all scopes...
2026-03-15 19:45:50.151 [info] Got 0 sessions for ...
2026-03-15 19:45:50.152 [info] Getting sessions for user:email...
2026-03-15 19:45:50.152 [info] Got 0 sessions for user:email...
2026-03-15 19:45:50.692 [info] Getting sessions for all scopes...
2026-03-15 19:45:50.692 [info] Got 0 sessions for ...
2026-03-15 19:45:50.693 [info] Getting sessions for user:email...
2026-03-15 19:45:50.693 [info] Got 0 sessions for user:email...
2026-03-15 19:45:51.487 [info] Getting sessions for all scopes...
2026-03-15 19:45:51.488 [info] Got 0 sessions for ...
2026-03-15 19:45:51.488 [info] Getting sessions for user:email...
2026-03-15 19:45:51.488 [info] Got 0 sessions for user:email...
2026-03-15 19:45:51.624 [info] Getting sessions for all scopes...
2026-03-15 19:45:51.624 [info] Got 0 sessions for ...
2026-03-15 19:45:51.624 [info] Getting sessions for user:email...
2026-03-15 19:45:51.624 [info] Got 0 sessions for user:email...
2026-03-15 19:45:51.742 [info] Getting sessions for all scopes...
2026-03-15 19:45:51.742 [info] Got 0 sessions for ...
2026-03-15 19:45:51.743 [info] Getting sessions for user:email...
2026-03-15 19:45:51.743 [info] Got 0 sessions for user:email...
2026-03-15 19:45:52.145 [info] Getting sessions for all scopes...
2026-03-15 19:45:52.145 [info] Got 0 sessions for ...
2026-03-15 19:45:52.148 [info] Getting sessions for user:email...
2026-03-15 19:45:52.148 [info] Got 0 sessions for user:email...
2026-03-15 19:45:52.202 [info] Getting sessions for all scopes...
2026-03-15 19:45:52.202 [info] Got 0 sessions for ...
2026-03-15 19:45:52.202 [info] Getting sessions for user:email...
2026-03-15 19:45:52.202 [info] Got 0 sessions for user:email...
2026-03-15 19:45:52.616 [info] Getting sessions for all scopes...
2026-03-15 19:45:52.616 [info] Got 0 sessions for ...
2026-03-15 19:45:52.616 [info] Getting sessions for user:email...
2026-03-15 19:45:52.616 [info] Got 0 sessions for user:email...
2026-03-15 19:45:57.100 [info] Getting sessions for all scopes...
2026-03-15 19:45:57.100 [info] Got 0 sessions for ...
2026-03-15 19:45:57.101 [info] Getting sessions for user:email...
2026-03-15 19:45:57.101 [info] Got 0 sessions for user:email...
2026-03-15 19:45:57.214 [info] Getting sessions for all scopes...
2026-03-15 19:45:57.214 [info] Got 0 sessions for ...
2026-03-15 19:45:57.215 [info] Getting sessions for user:email...
2026-03-15 19:45:57.215 [info] Got 0 sessions for user:email...
2026-03-15 19:45:57.313 [info] Getting sessions for all scopes...
2026-03-15 19:45:57.313 [info] Got 0 sessions for ...
2026-03-15 19:45:57.313 [info] Getting sessions for user:email...
2026-03-15 19:45:57.313 [info] Got 0 sessions for user:email...
2026-03-15 19:45:57.410 [info] Getting sessions for all scopes...
2026-03-15 19:45:57.410 [info] Got 0 sessions for ...
2026-03-15 19:45:57.419 [info] Getting sessions for user:email...
2026-03-15 19:45:57.419 [info] Got 0 sessions for user:email...
2026-03-15 19:45:57.591 [info] Getting sessions for all scopes...
2026-03-15 19:45:57.591 [info] Got 0 sessions for ...
2026-03-15 19:45:57.591 [info] Getting sessions for user:email...
2026-03-15 19:45:57.591 [info] Got 0 sessions for user:email...
2026-03-15 19:45:57.691 [info] Getting sessions for all scopes...
2026-03-15 19:45:57.691 [info] Got 0 sessions for ...
2026-03-15 19:45:57.691 [info] Getting sessions for user:email...
2026-03-15 19:45:57.691 [info] Got 0 sessions for user:email...
2026-03-15 19:45:57.808 [info] Getting sessions for all scopes...
2026-03-15 19:45:57.808 [info] Got 0 sessions for ...
2026-03-15 19:45:57.808 [info] Getting sessions for user:email...
2026-03-15 19:45:57.808 [info] Got 0 sessions for user:email...
2026-03-15 19:45:57.985 [info] Getting sessions for all scopes...
2026-03-15 19:45:57.986 [info] Got 0 sessions for ...
2026-03-15 19:45:57.986 [info] Getting sessions for user:email...
2026-03-15 19:45:57.986 [info] Got 0 sessions for user:email...
2026-03-15 19:45:58.224 [info] Getting sessions for all scopes...
2026-03-15 19:45:58.224 [info] Got 0 sessions for ...
2026-03-15 19:45:58.225 [info] Getting sessions for user:email...
2026-03-15 19:45:58.225 [info] Got 0 sessions for user:email...
2026-03-15 19:45:58.296 [info] Getting sessions for all scopes...
2026-03-15 19:45:58.296 [info] Got 0 sessions for ...
2026-03-15 19:45:58.298 [info] Getting sessions for user:email...
2026-03-15 19:45:58.298 [info] Got 0 sessions for user:email...
2026-03-15 19:45:58.584 [info] Getting sessions for all scopes...
2026-03-15 19:45:58.584 [info] Got 0 sessions for ...
2026-03-15 19:45:58.584 [info] Getting sessions for user:email...
2026-03-15 19:45:58.584 [info] Got 0 sessions for user:email...
2026-03-15 19:45:58.674 [info] Getting sessions for all scopes...
2026-03-15 19:45:58.674 [info] Got 0 sessions for ...
2026-03-15 19:45:58.675 [info] Getting sessions for user:email...
2026-03-15 19:45:58.675 [info] Got 0 sessions for user:email...
2026-03-15 19:45:58.744 [info] Getting sessions for all scopes...
2026-03-15 19:45:58.744 [info] Got 0 sessions for ...
2026-03-15 19:45:58.745 [info] Getting sessions for user:email...
2026-03-15 19:45:58.745 [info] Got 0 sessions for user:email...
2026-03-15 19:45:59.119 [info] Getting sessions for all scopes...
2026-03-15 19:45:59.119 [info] Got 0 sessions for ...
2026-03-15 19:45:59.120 [info] Getting sessions for user:email...
2026-03-15 19:45:59.120 [info] Got 0 sessions for user:email...
2026-03-15 19:45:59.499 [info] Getting sessions for all scopes...
2026-03-15 19:45:59.499 [info] Got 0 sessions for ...
2026-03-15 19:45:59.500 [info] Getting sessions for user:email...
2026-03-15 19:45:59.500 [info] Got 0 sessions for user:email...
2026-03-15 19:45:59.566 [info] Getting sessions for all scopes...
2026-03-15 19:45:59.566 [info] Got 0 sessions for ...
2026-03-15 19:45:59.566 [info] Getting sessions for user:email...
2026-03-15 19:45:59.567 [info] Got 0 sessions for user:email...
2026-03-15 19:45:59.799 [info] Getting sessions for all scopes...
2026-03-15 19:45:59.799 [info] Got 0 sessions for ...
2026-03-15 19:45:59.800 [info] Getting sessions for user:email...
2026-03-15 19:45:59.800 [info] Got 0 sessions for user:email...
2026-03-15 19:46:00.051 [info] Getting sessions for all scopes...
2026-03-15 19:46:00.052 [info] Got 0 sessions for ...
2026-03-15 19:46:00.052 [info] Getting sessions for user:email...
2026-03-15 19:46:00.052 [info] Got 0 sessions for user:email...
2026-03-15 19:46:00.208 [info] Getting sessions for all scopes...
2026-03-15 19:46:00.208 [info] Got 0 sessions for ...
2026-03-15 19:46:00.208 [info] Getting sessions for user:email...
2026-03-15 19:46:00.208 [info] Got 0 sessions for user:email...
2026-03-15 19:46:00.432 [info] Getting sessions for all scopes...
2026-03-15 19:46:00.432 [info] Got 0 sessions for ...
2026-03-15 19:46:00.433 [info] Getting sessions for user:email...
2026-03-15 19:46:00.433 [info] Got 0 sessions for user:email...
2026-03-15 19:46:00.542 [info] Getting sessions for all scopes...
2026-03-15 19:46:00.542 [info] Got 0 sessions for ...
2026-03-15 19:46:00.543 [info] Getting sessions for user:email...
2026-03-15 19:46:00.543 [info] Got 0 sessions for user:email...
2026-03-15 19:46:00.631 [info] Getting sessions for all scopes...
2026-03-15 19:46:00.631 [info] Got 0 sessions for ...
2026-03-15 19:46:00.632 [info] Getting sessions for user:email...
2026-03-15 19:46:00.632 [info] Got 0 sessions for user:email...
2026-03-15 19:46:00.765 [info] Getting sessions for all scopes...
2026-03-15 19:46:00.765 [info] Got 0 sessions for ...
2026-03-15 19:46:00.766 [info] Getting sessions for user:email...
2026-03-15 19:46:00.766 [info] Got 0 sessions for user:email...
2026-03-15 19:46:00.848 [info] Getting sessions for all scopes...
2026-03-15 19:46:00.848 [info] Got 0 sessions for ...
2026-03-15 19:46:00.848 [info] Getting sessions for user:email...
2026-03-15 19:46:00.848 [info] Got 0 sessions for user:email...
2026-03-15 19:46:01.043 [info] Getting sessions for all scopes...
2026-03-15 19:46:01.043 [info] Got 0 sessions for ...
2026-03-15 19:46:01.044 [info] Getting sessions for user:email...
2026-03-15 19:46:01.044 [info] Got 0 sessions for user:email...
2026-03-15 19:46:01.524 [info] Getting sessions for all scopes...
2026-03-15 19:46:01.524 [info] Got 0 sessions for ...
2026-03-15 19:46:01.525 [info] Getting sessions for user:email...
2026-03-15 19:46:01.525 [info] Got 0 sessions for user:email...
2026-03-15 19:46:01.630 [info] Getting sessions for all scopes...
2026-03-15 19:46:01.630 [info] Got 0 sessions for ...
2026-03-15 19:46:01.632 [info] Getting sessions for user:email...
2026-03-15 19:46:01.632 [info] Got 0 sessions for user:email...
2026-03-15 19:46:01.765 [info] Getting sessions for all scopes...
2026-03-15 19:46:01.765 [info] Got 0 sessions for ...
2026-03-15 19:46:01.766 [info] Getting sessions for user:email...
2026-03-15 19:46:01.766 [info] Got 0 sessions for user:email...
2026-03-15 19:46:01.856 [info] Getting sessions for all scopes...
2026-03-15 19:46:01.857 [info] Got 0 sessions for ...
2026-03-15 19:46:01.857 [info] Getting sessions for user:email...
2026-03-15 19:46:01.857 [info] Got 0 sessions for user:email...
2026-03-15 19:46:01.965 [info] Getting sessions for all scopes...
2026-03-15 19:46:01.965 [info] Got 0 sessions for ...
2026-03-15 19:46:01.965 [info] Getting sessions for user:email...
2026-03-15 19:46:01.965 [info] Got 0 sessions for user:email...
2026-03-15 19:46:02.017 [info] Getting sessions for all scopes...
2026-03-15 19:46:02.017 [info] Got 0 sessions for ...
2026-03-15 19:46:02.017 [info] Getting sessions for user:email...
2026-03-15 19:46:02.017 [info] Got 0 sessions for user:email...
2026-03-15 19:46:02.259 [info] Getting sessions for all scopes...
2026-03-15 19:46:02.259 [info] Got 0 sessions for ...
2026-03-15 19:46:02.259 [info] Getting sessions for user:email...
2026-03-15 19:46:02.259 [info] Got 0 sessions for user:email...
2026-03-15 19:46:04.081 [info] Getting sessions for all scopes...
2026-03-15 19:46:04.081 [info] Got 0 sessions for ...
2026-03-15 19:46:04.082 [info] Getting sessions for user:email...
2026-03-15 19:46:04.082 [info] Got 0 sessions for user:email...
2026-03-15 19:46:04.234 [info] Getting sessions for all scopes...
2026-03-15 19:46:04.234 [info] Got 0 sessions for ...
2026-03-15 19:46:04.235 [info] Getting sessions for user:email...
2026-03-15 19:46:04.235 [info] Got 0 sessions for user:email...
2026-03-15 19:46:04.358 [info] Getting sessions for all scopes...
2026-03-15 19:46:04.358 [info] Got 0 sessions for ...
2026-03-15 19:46:04.358 [info] Getting sessions for user:email...
2026-03-15 19:46:04.358 [info] Got 0 sessions for user:email...
2026-03-15 19:46:04.785 [info] Getting sessions for all scopes...
2026-03-15 19:46:04.786 [info] Got 0 sessions for ...
2026-03-15 19:46:04.786 [info] Getting sessions for user:email...
2026-03-15 19:46:04.786 [info] Got 0 sessions for user:email...
2026-03-15 19:46:04.827 [info] Getting sessions for all scopes...
2026-03-15 19:46:04.827 [info] Got 0 sessions for ...
2026-03-15 19:46:04.828 [info] Getting sessions for user:email...
2026-03-15 19:46:04.828 [info] Got 0 sessions for user:email...
2026-03-15 19:46:04.973 [info] Getting sessions for all scopes...
2026-03-15 19:46:04.973 [info] Got 0 sessions for ...
2026-03-15 19:46:04.973 [info] Getting sessions for user:email...
2026-03-15 19:46:04.973 [info] Got 0 sessions for user:email...
2026-03-15 19:46:05.253 [info] Getting sessions for all scopes...
2026-03-15 19:46:05.253 [info] Got 0 sessions for ...
2026-03-15 19:46:05.254 [info] Getting sessions for user:email...
2026-03-15 19:46:05.254 [info] Got 0 sessions for user:email...
2026-03-15 19:46:05.376 [info] Getting sessions for all scopes...
2026-03-15 19:46:05.376 [info] Got 0 sessions for ...
2026-03-15 19:46:05.376 [info] Getting sessions for user:email...
2026-03-15 19:46:05.376 [info] Got 0 sessions for user:email...
2026-03-15 19:46:05.728 [info] Getting sessions for all scopes...
2026-03-15 19:46:05.728 [info] Got 0 sessions for ...
2026-03-15 19:46:05.728 [info] Getting sessions for user:email...
2026-03-15 19:46:05.728 [info] Got 0 sessions for user:email...
2026-03-15 19:46:05.932 [info] Getting sessions for all scopes...
2026-03-15 19:46:05.932 [info] Got 0 sessions for ...
2026-03-15 19:46:05.933 [info] Getting sessions for user:email...
2026-03-15 19:46:05.933 [info] Got 0 sessions for user:email...
2026-03-15 19:46:06.065 [info] Getting sessions for all scopes...
2026-03-15 19:46:06.065 [info] Got 0 sessions for ...
2026-03-15 19:46:06.066 [info] Getting sessions for user:email...
2026-03-15 19:46:06.066 [info] Got 0 sessions for user:email...
2026-03-15 19:46:06.177 [info] Getting sessions for all scopes...
2026-03-15 19:46:06.177 [info] Got 0 sessions for ...
2026-03-15 19:46:06.177 [info] Getting sessions for user:email...
2026-03-15 19:46:06.177 [info] Got 0 sessions for user:email...
2026-03-15 19:46:06.291 [info] Getting sessions for all scopes...
2026-03-15 19:46:06.291 [info] Got 0 sessions for ...
2026-03-15 19:46:06.291 [info] Getting sessions for user:email...
2026-03-15 19:46:06.291 [info] Got 0 sessions for user:email...
2026-03-15 19:46:06.503 [info] Getting sessions for all scopes...
2026-03-15 19:46:06.503 [info] Got 0 sessions for ...
2026-03-15 19:46:06.503 [info] Getting sessions for user:email...
2026-03-15 19:46:06.504 [info] Got 0 sessions for user:email...
2026-03-15 19:46:06.632 [info] Getting sessions for all scopes...
2026-03-15 19:46:06.632 [info] Got 0 sessions for ...
2026-03-15 19:46:06.633 [info] Getting sessions for user:email...
2026-03-15 19:46:06.633 [info] Got 0 sessions for user:email...
2026-03-15 19:46:06.709 [info] Getting sessions for all scopes...
2026-03-15 19:46:06.709 [info] Got 0 sessions for ...
2026-03-15 19:46:06.709 [info] Getting sessions for user:email...
2026-03-15 19:46:06.709 [info] Got 0 sessions for user:email...
2026-03-15 19:46:06.966 [info] Getting sessions for all scopes...
2026-03-15 19:46:06.966 [info] Got 0 sessions for ...
2026-03-15 19:46:06.966 [info] Getting sessions for user:email...
2026-03-15 19:46:06.966 [info] Got 0 sessions for user:email...
2026-03-15 19:46:07.336 [info] Getting sessions for all scopes...
2026-03-15 19:46:07.336 [info] Got 0 sessions for ...
2026-03-15 19:46:07.337 [info] Getting sessions for user:email...
2026-03-15 19:46:07.337 [info] Got 0 sessions for user:email...
2026-03-15 19:46:07.475 [info] Getting sessions for all scopes...
2026-03-15 19:46:07.475 [info] Got 0 sessions for ...
2026-03-15 19:46:07.476 [info] Getting sessions for user:email...
2026-03-15 19:46:07.476 [info] Got 0 sessions for user:email...
2026-03-15 19:46:07.608 [info] Getting sessions for all scopes...
2026-03-15 19:46:07.608 [info] Got 0 sessions for ...
2026-03-15 19:46:07.609 [info] Getting sessions for user:email...
2026-03-15 19:46:07.609 [info] Got 0 sessions for user:email...
2026-03-15 19:46:07.729 [info] Getting sessions for all scopes...
2026-03-15 19:46:07.729 [info] Got 0 sessions for ...
2026-03-15 19:46:07.729 [info] Getting sessions for user:email...
2026-03-15 19:46:07.729 [info] Got 0 sessions for user:email...
2026-03-15 19:46:08.271 [info] Getting sessions for all scopes...
2026-03-15 19:46:08.271 [info] Got 0 sessions for ...
2026-03-15 19:46:08.271 [info] Getting sessions for user:email...
2026-03-15 19:46:08.271 [info] Got 0 sessions for user:email...
2026-03-15 19:46:08.515 [info] Getting sessions for all scopes...
2026-03-15 19:46:08.515 [info] Got 0 sessions for ...
2026-03-15 19:46:08.516 [info] Getting sessions for user:email...
2026-03-15 19:46:08.516 [info] Got 0 sessions for user:email...
2026-03-15 19:46:08.592 [info] Getting sessions for all scopes...
2026-03-15 19:46:08.592 [info] Got 0 sessions for ...
2026-03-15 19:46:08.592 [info] Getting sessions for user:email...
2026-03-15 19:46:08.592 [info] Got 0 sessions for user:email...
2026-03-15 19:46:08.751 [info] Getting sessions for all scopes...
2026-03-15 19:46:08.751 [info] Got 0 sessions for ...
2026-03-15 19:46:08.751 [info] Getting sessions for user:email...
2026-03-15 19:46:08.751 [info] Got 0 sessions for user:email...
2026-03-15 19:46:08.881 [info] Getting sessions for all scopes...
2026-03-15 19:46:08.882 [info] Got 0 sessions for ...
2026-03-15 19:46:08.882 [info] Getting sessions for user:email...
2026-03-15 19:46:08.882 [info] Got 0 sessions for user:email...
2026-03-15 19:46:08.958 [info] Getting sessions for all scopes...
2026-03-15 19:46:08.958 [info] Got 0 sessions for ...
2026-03-15 19:46:08.958 [info] Getting sessions for user:email...
2026-03-15 19:46:08.959 [info] Got 0 sessions for user:email...
2026-03-15 19:46:09.225 [info] Getting sessions for all scopes...
2026-03-15 19:46:09.225 [info] Got 0 sessions for ...
2026-03-15 19:46:09.226 [info] Getting sessions for user:email...
2026-03-15 19:46:09.226 [info] Got 0 sessions for user:email...
2026-03-15 19:46:09.433 [info] Getting sessions for all scopes...
2026-03-15 19:46:09.433 [info] Got 0 sessions for ...
2026-03-15 19:46:09.434 [info] Getting sessions for user:email...
2026-03-15 19:46:09.434 [info] Got 0 sessions for user:email...
2026-03-15 19:46:09.460 [info] Getting sessions for all scopes...
2026-03-15 19:46:09.460 [info] Got 0 sessions for ...
2026-03-15 19:46:09.461 [info] Getting sessions for user:email...
2026-03-15 19:46:09.461 [info] Got 0 sessions for user:email...
2026-03-15 19:46:09.591 [info] Getting sessions for all scopes...
2026-03-15 19:46:09.592 [info] Got 0 sessions for ...
2026-03-15 19:46:09.592 [info] Getting sessions for user:email...
2026-03-15 19:46:09.592 [info] Got 0 sessions for user:email...
2026-03-15 19:46:09.716 [info] Getting sessions for all scopes...
2026-03-15 19:46:09.716 [info] Got 0 sessions for ...
2026-03-15 19:46:09.717 [info] Getting sessions for user:email...
2026-03-15 19:46:09.717 [info] Got 0 sessions for user:email...
2026-03-15 19:46:09.806 [info] Getting sessions for all scopes...
2026-03-15 19:46:09.806 [info] Got 0 sessions for ...
2026-03-15 19:46:09.807 [info] Getting sessions for user:email...
2026-03-15 19:46:09.807 [info] Got 0 sessions for user:email...
2026-03-15 19:46:09.898 [info] Getting sessions for all scopes...
2026-03-15 19:46:09.899 [info] Got 0 sessions for ...
2026-03-15 19:46:09.899 [info] Getting sessions for user:email...
2026-03-15 19:46:09.899 [info] Got 0 sessions for user:email...
2026-03-15 19:46:10.016 [info] Getting sessions for all scopes...
2026-03-15 19:46:10.016 [info] Got 0 sessions for ...
2026-03-15 19:46:10.016 [info] Getting sessions for user:email...
2026-03-15 19:46:10.016 [info] Got 0 sessions for user:email...
2026-03-15 19:46:15.021 [info] Getting sessions for all scopes...
2026-03-15 19:46:15.021 [info] Got 0 sessions for ...
2026-03-15 19:46:15.025 [info] Getting sessions for user:email...
2026-03-15 19:46:15.025 [info] Got 0 sessions for user:email...
2026-03-15 19:53:23.350 [info] Getting sessions for all scopes...
2026-03-15 19:53:23.353 [info] Got 0 sessions for ...
2026-03-15 19:53:23.354 [info] Getting sessions for read:user,repo,user:email,workflow...
2026-03-15 19:53:23.354 [info] Got 0 sessions for read:user,repo,user:email,workflow...
2026-03-15 19:53:42.785 [info] Getting sessions for all scopes...
2026-03-15 19:53:42.787 [info] Got 0 sessions for ...
2026-03-15 19:53:42.787 [info] Getting sessions for user:email...
2026-03-15 19:53:42.787 [info] Got 0 sessions for user:email...
2026-03-15 19:53:47.792 [info] Getting sessions for all scopes...
2026-03-15 19:53:47.792 [info] Got 0 sessions for ...
2026-03-15 19:53:47.793 [info] Getting sessions for user:email...
2026-03-15 19:53:47.793 [info] Got 0 sessions for user:email...
2026-03-15 19:54:14.036 [info] Getting sessions for all scopes...
2026-03-15 19:54:14.036 [info] Got 0 sessions for ...
2026-03-15 19:54:14.037 [info] Getting sessions for user:email...
2026-03-15 19:54:14.037 [info] Got 0 sessions for user:email...
2026-03-15 19:54:14.793 [info] Getting sessions for all scopes...
2026-03-15 19:54:14.793 [info] Got 0 sessions for ...
2026-03-15 19:54:14.794 [info] Getting sessions for user:email...
2026-03-15 19:54:14.794 [info] Got 0 sessions for user:email...
2026-03-15 19:54:19.795 [info] Getting sessions for all scopes...
2026-03-15 19:54:19.795 [info] Got 0 sessions for ...
2026-03-15 19:54:19.796 [info] Getting sessions for user:email...
2026-03-15 19:54:19.796 [info] Got 0 sessions for user:email...
2026-03-15 19:55:16.865 [info] Getting sessions for all scopes...
2026-03-15 19:55:16.868 [info] Got 0 sessions for ...
2026-03-15 19:55:16.869 [info] Getting sessions for user:email...
2026-03-15 19:55:16.869 [info] Got 0 sessions for user:email...
2026-03-15 19:55:21.868 [info] Getting sessions for all scopes...
2026-03-15 19:55:21.869 [info] Got 0 sessions for ...
2026-03-15 19:55:21.869 [info] Getting sessions for user:email...
2026-03-15 19:55:21.869 [info] Got 0 sessions for user:email...
2026-03-15 19:56:03.590 [info] Getting sessions for read:user,repo,user:email...
2026-03-15 19:56:03.593 [info] Got 0 sessions for read:user,repo,user:email...
2026-03-15 20:03:30.258 [info] Getting sessions for all scopes...
2026-03-15 20:03:30.261 [info] Got 0 sessions for ...
2026-03-15 20:03:30.271 [info] Getting sessions for read:user,repo,user:email,workflow...
2026-03-15 20:03:30.271 [info] Got 0 sessions for read:user,repo,user:email,workflow...
2026-03-15 20:13:59.757 [info] Getting sessions for all scopes...
2026-03-15 20:13:59.759 [info] Got 0 sessions for ...
2026-03-15 20:13:59.760 [info] Getting sessions for read:user,repo,user:email,workflow...
2026-03-15 20:13:59.760 [info] Got 0 sessions for read:user,repo,user:email,workflow...
