2026-03-15 19:40:44.258 [info] [          8ms] [/Users/kcwen/Documents/02_Projects/syncrex-site] git rev-parse --show-toplevel --git-dir --git-common-dir --show-superproject-working-tree
2026-03-15 19:40:44.272 [info] [          5ms] [/Users/kcwen/Documents/02_Projects/syncrex-site] git ls-files -- src/content/blogs/example-IllustrateBox.mdoc
2026-03-15 19:40:44.277 [info] [          5ms] [/Users/kcwen/Documents/02_Projects/syncrex-site/src/content/blogs] git ls-files -- example-IllustrateBox.mdoc
2026-03-15 19:40:44.282 [info] [         14ms] [/Users/kcwen/Documents/02_Projects/syncrex-site] git rev-parse --show-toplevel --git-dir --git-common-dir --show-superproject-working-tree
2026-03-15 19:40:44.283 [info] [         10ms] [/Users/kcwen/Documents/02_Projects/syncrex-site] git remote -v
2026-03-15 19:40:44.292 [info] [          9ms] [/Users/kcwen/Documents/02_Projects/syncrex-site/src/content/blogs] git rev-parse --show-toplevel --git-dir --git-common-dir --show-superproject-working-tree
2026-03-15 19:40:44.533 [error] [          1ms] [/Users/kcwen/Documents/02_Projects/syncrex-site] git for-each-ref --format=%1E%(HEAD)%1D%(refname)%1D%(upstream)%1D%(upstream:track)%1D%(objectname)%1D%(committerdate:iso8601)%1D%(worktreepath)%1D refs/heads/ refs/remotes/ • FAILED
Canceled: Operation cancelled; command=/opt/homebrew/bin/git -c core.quotepath=false -c color.ui=false for-each-ref --format=%1E%(HEAD)%1D%(refname)%1D%(upstream)%1D%(upstream:track)%1D%(objectname)%1D%(committerdate:iso8601)%1D%(worktreepath)%1D refs/heads/ refs/remotes/
2026-03-15 19:40:44.697 [info] [          8ms] [/Users/kcwen/Documents/02_Projects/syncrex-site] git config --get-regex -f /Users/kcwen/Documents/02_Projects/syncrex-site/.git/gk/config ^branch\..*\.gk-last-(accessed|modified)$
2026-03-15 19:40:44.698 [error] [          0ms] [/Users/kcwen/Documents/02_Projects/syncrex-site] git rev-parse --abbrev-ref --symbolic-full-name @ @{u} -- • FAILED
Canceled: Operation cancelled; command=/opt/homebrew/bin/git -c core.quotepath=false -c color.ui=false rev-parse --abbrev-ref --symbolic-full-name @ @{u} --
2026-03-15 19:40:44.705 [info] [          7ms] [/Users/kcwen/Documents/02_Projects/syncrex-site] git for-each-ref --format=%1E%(refname)%1D%(objectname)%1D%(*objectname)%1D%(creatordate:iso8601)%1D%(authordate:iso8601)%1D%(subject)%1D refs/tags/
2026-03-15 19:40:45.584 [info] [          6ms] [/Users/kcwen/Documents/02_Projects/syncrex-site] git ls-files -- src/content/blogs/20260118T1000-wsl_platform.md
2026-03-15 19:40:45.832 [info] [          4ms] [/Users/kcwen/Documents/02_Projects/syncrex-site] git config --get-regex ^user\.(name|email)$
2026-03-15 19:40:45.837 [info] [          7ms] [/Users/kcwen/Documents/02_Projects/syncrex-site] git blame --root --incremental -- src/content/blogs/20260118T1000-wsl_platform.md
2026-03-15 19:40:45.837 [info] [          5ms] [/Users/kcwen/Documents/02_Projects/syncrex-site] git check-mailmap Kangcheng Wen <kangchengwen@proton.me>
2026-03-15 19:40:45.848 [info] [          7ms] [/Users/kcwen/Documents/02_Projects/syncrex-site] git log --format=%x1E%H%x1D%aN%x1D%aE%x1D%at%x1D%cN%x1D%cE%x1D%ct%x1D%P%x1D%D%x1D%B%x1D --numstat --raw -M --use-mailmap -m --no-min-parents -n1 b9ff1029c9d04c6305a140c2dd22b6cfc11677b0 --
2026-03-15 19:40:45.849 [info] [          8ms] [/Users/kcwen/Documents/02_Projects/syncrex-site] git log --format=%x1E%H%x1D --summary -n1 b9ff1029c9d04c6305a140c2dd22b6cfc11677b0^ -- src/content/blogs/20260118T1000-wsl_platform.md
2026-03-15 19:40:47.004 [info] [          6ms] [/Users/kcwen/Documents/02_Projects/syncrex-site] git ls-files -- src/content/blogs/20260315T1903-mac_setup.mdoc
2026-03-15 19:40:47.010 [info] [          5ms] [/Users/kcwen/Documents/02_Projects/syncrex-site/src/content/blogs] git ls-files -- 20260315T1903-mac_setup.mdoc
2026-03-15 19:41:19.291 [info] [         12ms] [/Users/kcwen/Documents/02_Projects/syncrex-site] git rev-list --max-parents=0 HEAD --
2026-03-15 19:41:19.292 [info] [         12ms] [/Users/kcwen/Documents/02_Projects/syncrex-site] git shortlog -s --all --no-min-parents --since=1.year.ago
2026-03-15 19:43:14.277 [info] [         14ms] [/Users/kcwen/Documents/02_Projects/syncrex-site] git for-each-ref --format=%1E%(HEAD)%1D%(refname)%1D%(upstream)%1D%(upstream:track)%1D%(objectname)%1D%(committerdate:iso8601)%1D%(worktreepath)%1D refs/heads/ refs/remotes/
2026-03-15 19:43:14.288 [info] [          9ms] [/Users/kcwen/Documents/02_Projects/syncrex-site] git config --get -f /Users/kcwen/Documents/02_Projects/syncrex-site/.git/gk/config branch.main.gk-last-accessed
2026-03-15 19:43:14.299 [info] [          9ms] [/Users/kcwen/Documents/02_Projects/syncrex-site] git config -f /Users/kcwen/Documents/02_Projects/syncrex-site/.git/gk/config branch.main.gk-last-accessed 2026-03-15T11:43:14.278Z
2026-03-15 19:45:25.932 [info] [          5ms] [/Users/kcwen/Documents/02_Projects/syncrex-site] git ls-files -- src/content/blogs/20260315T1945-mac_setup_raw_log.mdoc
2026-03-15 19:45:25.937 [info] [          4ms] [/Users/kcwen/Documents/02_Projects/syncrex-site/src/content/blogs] git ls-files -- 20260315T1945-mac_setup_raw_log.mdoc
2026-03-15 19:53:41.526 [info] [          5ms] [/Users/kcwen/Documents/02_Projects/syncrex-site] git ls-files -- src/components/Callout.astro
2026-03-15 19:53:41.532 [info] [          5ms] [/Users/kcwen/Documents/02_Projects/syncrex-site/src/components] git ls-files -- Callout.astro
2026-03-15 19:53:41.556 [info] [         11ms] [/Users/kcwen/Documents/02_Projects/syncrex-site/src/components] git rev-parse --show-toplevel --git-dir --git-common-dir --show-superproject-working-tree
2026-03-15 19:54:07.556 [info] [          5ms] [/Users/kcwen/Documents/02_Projects/syncrex-site] git ls-files -- markdoc.config.mjs
2026-03-15 19:54:07.792 [info] [          6ms] [/Users/kcwen/Documents/02_Projects/syncrex-site] git blame --root --incremental -- markdoc.config.mjs
2026-03-15 19:54:07.813 [info] [         11ms] [/Users/kcwen/Documents/02_Projects/syncrex-site] git log --format=%x1E%H%x1D%aN%x1D%aE%x1D%at%x1D%cN%x1D%cE%x1D%ct%x1D%P%x1D%D%x1D%B%x1D --numstat --raw -M --use-mailmap -m --no-min-parents -n1 011aaa1eb6801f2eb464384dbb599515895d16de --
2026-03-15 19:54:14.026 [info] [         15ms] [/Users/kcwen/Documents/02_Projects/syncrex-site] git log --format=%x1E%H%x1D%aN%x1D%aE%x1D%at%x1D%cN%x1D%cE%x1D%ct%x1D%P%x1D%D%x1D%B%x1D --numstat --raw -M --use-mailmap -m --no-min-parents -n1 88e467e14d492ab9e2f1f309a08782460a925a17 --
2026-03-15 19:54:14.027 [info] [         17ms] [/Users/kcwen/Documents/02_Projects/syncrex-site] git log --format=%x1E%H%x1D --summary -n1 88e467e14d492ab9e2f1f309a08782460a925a17^ -- markdoc.config.mjs
2026-03-15 19:54:20.105 [info] [         14ms] [/Users/kcwen/Documents/02_Projects/syncrex-site] git blame --root --incremental --contents - -- markdoc.config.mjs
2026-03-15 19:54:20.118 [info] [         11ms] [/Users/kcwen/Documents/02_Projects/syncrex-site] git status --porcelain=v2 --branch -u --find-renames --
2026-03-15 19:54:20.126 [info] [          7ms] [/Users/kcwen/Documents/02_Projects/syncrex-site] git log --format=%x1E%H%x1D -n2 -L10,10:markdoc.config.mjs
2026-03-15 19:54:34.457 [info] [         15ms] [/Users/kcwen/Documents/02_Projects/syncrex-site] git blame --root --incremental -- markdoc.config.mjs
2026-03-15 19:54:34.469 [info] [         10ms] [/Users/kcwen/Documents/02_Projects/syncrex-site] git status --porcelain=v2 --branch -u --find-renames --
2026-03-15 19:54:34.476 [info] [          6ms] [/Users/kcwen/Documents/02_Projects/syncrex-site] git log --format=%x1E%H%x1D -n2 -L10,10:markdoc.config.mjs
2026-03-15 19:55:05.886 [info] [         14ms] [/Users/kcwen/Documents/02_Projects/syncrex-site] git ls-files -- src/content/blogs/example-Callout.astro
2026-03-15 19:55:05.893 [info] [          6ms] [/Users/kcwen/Documents/02_Projects/syncrex-site/src/content/blogs] git ls-files -- example-Callout.astro
2026-03-15 19:55:09.577 [info] [         12ms] [/Users/kcwen/Documents/02_Projects/syncrex-site] git config --get -f /Users/kcwen/Documents/02_Projects/syncrex-site/.git/gk/config branch.main.gk-last-accessed
2026-03-15 19:55:09.588 [info] [          9ms] [/Users/kcwen/Documents/02_Projects/syncrex-site] git config -f /Users/kcwen/Documents/02_Projects/syncrex-site/.git/gk/config branch.main.gk-last-accessed 2026-03-15T11:55:09.564Z
2026-03-15 19:55:09.596 [info] [          7ms] [/Users/kcwen/Documents/02_Projects/syncrex-site] git config --get -f /Users/kcwen/Documents/02_Projects/syncrex-site/.git/gk/config branch.main.gk-last-modified
2026-03-15 19:55:09.604 [info] [          7ms] [/Users/kcwen/Documents/02_Projects/syncrex-site] git config -f /Users/kcwen/Documents/02_Projects/syncrex-site/.git/gk/config branch.main.gk-last-modified 2026-03-15T11:55:09.564Z
2026-03-15 19:55:14.223 [info] [          5ms] [/Users/kcwen/Documents/02_Projects/syncrex-site] git ls-files -- src/content/blogs/example-Callout.mdoc
2026-03-15 19:55:14.227 [info] [          4ms] [/Users/kcwen/Documents/02_Projects/syncrex-site/src/content/blogs] git ls-files -- example-Callout.mdoc
2026-03-15 19:56:03.604 [info] [         10ms] [/Users/kcwen/Documents/02_Projects/syncrex-site] git remote -v
2026-03-15 19:56:15.537 [info] [         14ms] [/Users/kcwen/Documents/02_Projects/syncrex-site] git for-each-ref --format=%1E%(HEAD)%1D%(refname)%1D%(upstream)%1D%(upstream:track)%1D%(objectname)%1D%(committerdate:iso8601)%1D%(worktreepath)%1D refs/heads/ refs/remotes/
2026-03-15 19:56:15.544 [info] [         20ms] [/Users/kcwen/Documents/02_Projects/syncrex-site] git rev-parse --show-toplevel --git-dir --git-common-dir --show-superproject-working-tree
2026-03-15 19:56:15.552 [info] [          7ms] [/Users/kcwen/Documents/02_Projects/syncrex-site] git config --get-regex -f /Users/kcwen/Documents/02_Projects/syncrex-site/.git/gk/config ^branch\..*\.gk-last-(accessed|modified)$
2026-03-15 19:57:20.555 [info] [         17ms] [/Users/kcwen/Documents/02_Projects/syncrex-site] git for-each-ref --format=%1E%(HEAD)%1D%(refname)%1D%(upstream)%1D%(upstream:track)%1D%(objectname)%1D%(committerdate:iso8601)%1D%(worktreepath)%1D refs/heads/ refs/remotes/
2026-03-15 19:57:22.662 [info] [         10ms] [/Users/kcwen/Documents/02_Projects/syncrex-site] git for-each-ref --format=%1E%(HEAD)%1D%(refname)%1D%(upstream)%1D%(upstream:track)%1D%(objectname)%1D%(committerdate:iso8601)%1D%(worktreepath)%1D refs/heads/ refs/remotes/
2026-03-15 19:57:23.554 [info] [         10ms] [/Users/kcwen/Documents/02_Projects/syncrex-site] git rev-parse --verify --end-of-options 7f71f99^{commit}
2026-03-15 19:57:37.871 [info] [         10ms] [/Users/kcwen/Documents/02_Projects/syncrex-site] git rev-parse --verify --end-of-options 7f71f99^{commit}
2026-03-15 19:58:46.693 [info] [         41ms] [/Users/kcwen/Documents/02_Projects/syncrex-site] git for-each-ref --format=%1E%(HEAD)%1D%(refname)%1D%(upstream)%1D%(upstream:track)%1D%(objectname)%1D%(committerdate:iso8601)%1D%(worktreepath)%1D refs/heads/ refs/remotes/
2026-03-15 19:58:54.582 [info] [         14ms] [/Users/kcwen/Documents/02_Projects/syncrex-site] git rev-parse --verify --end-of-options 7f71f99^{commit}
2026-03-15 19:59:52.181 [info] [         11ms] [/Users/kcwen/Documents/02_Projects/syncrex-site] git config --get -f /Users/kcwen/Documents/02_Projects/syncrex-site/.git/gk/config branch.main.gk-last-accessed
2026-03-15 19:59:59.940 [info] [         20ms] [/Users/kcwen/Documents/02_Projects/syncrex-site] git rev-parse --verify --end-of-options 7f71f99^{commit}
2026-03-15 20:00:00.444 [info] [         16ms] [/Users/kcwen/Documents/02_Projects/syncrex-site] git rev-parse --verify --end-of-options 7f71f99^{commit}
2026-03-15 20:00:02.035 [info] [          6ms] [/Users/kcwen/Documents/02_Projects/syncrex-site] git ls-files -- src/content/blogs/20260315T1945-mac_setup_raw_log.mdoc
2026-03-15 20:00:02.040 [info] [          5ms] [/Users/kcwen/Documents/02_Projects/syncrex-site/src/content/blogs] git ls-files -- 20260315T1945-mac_setup_raw_log.mdoc
2026-03-15 20:00:07.994 [info] [         10ms] [/Users/kcwen/Documents/02_Projects/syncrex-site] git config --get -f /Users/kcwen/Documents/02_Projects/syncrex-site/.git/gk/config branch.main.gk-last-modified
2026-03-15 20:00:31.336 [info] [          9ms] [/Users/kcwen/Documents/02_Projects/syncrex-site] git rev-parse --verify --end-of-options 7f71f99^{commit}
2026-03-15 20:03:41.634 [info] [         16ms] [/Users/kcwen/Documents/02_Projects/syncrex-site] git rev-parse --verify --end-of-options 7f71f99^{commit}
