2026-03-15 19:03:22.721 [info] [         15ms] [/Users/kcwen/Documents/02_Projects/syncrex-site] git rev-parse --show-toplevel --git-dir --git-common-dir --show-superproject-working-tree
2026-03-15 19:03:22.739 [info] [          8ms] [/Users/kcwen/Documents/02_Projects/syncrex-site] git remote -v
2026-03-15 19:03:22.746 [info] [         17ms] [/Users/kcwen/Documents/02_Projects/syncrex-site] git rev-parse --show-toplevel --git-dir --git-common-dir --show-superproject-working-tree
2026-03-15 19:03:57.749 [info] [         13ms] [/Users/kcwen/Documents/02_Projects/syncrex-site] git rev-list --max-parents=0 HEAD --
2026-03-15 19:03:57.753 [info] [         16ms] [/Users/kcwen/Documents/02_Projects/syncrex-site] git shortlog -s --all --no-min-parents --since=1.year.ago
2026-03-15 19:04:37.336 [info] [          4ms] [/Users/kcwen/Documents/02_Projects/syncrex-site] git ls-files -- astro.config.mjs
2026-03-15 19:04:37.579 [error] [          6ms] [/Users/kcwen/Documents/02_Projects/syncrex-site] git for-each-ref --format=%1E%(HEAD)%1D%(refname)%1D%(upstream)%1D%(upstream:track)%1D%(objectname)%1D%(committerdate:iso8601)%1D%(worktreepath)%1D refs/heads/ refs/remotes/ • FAILED
Canceled: Operation cancelled; command=/opt/homebrew/bin/git -c core.quotepath=false -c color.ui=false for-each-ref --format=%1E%(HEAD)%1D%(refname)%1D%(upstream)%1D%(upstream:track)%1D%(objectname)%1D%(committerdate:iso8601)%1D%(worktreepath)%1D refs/heads/ refs/remotes/
2026-03-15 19:04:37.599 [info] [         15ms] [/Users/kcwen/Documents/02_Projects/syncrex-site] git blame --root --incremental -- astro.config.mjs
2026-03-15 19:04:37.599 [info] [         16ms] [/Users/kcwen/Documents/02_Projects/syncrex-site] git config --get-regex ^user\.(name|email)$
2026-03-15 19:04:37.620 [info] [         20ms] [/Users/kcwen/Documents/02_Projects/syncrex-site] git check-mailmap Kangcheng Wen <kangchengwen@proton.me>
2026-03-15 19:04:37.637 [info] [         40ms] [/Users/kcwen/Documents/02_Projects/syncrex-site] git config --get-regex -f /Users/kcwen/Documents/02_Projects/syncrex-site/.git/gk/config ^branch\..*\.gk-last-(accessed|modified)$
2026-03-15 19:04:37.639 [error] [          1ms] [/Users/kcwen/Documents/02_Projects/syncrex-site] git rev-parse --abbrev-ref --symbolic-full-name @ @{u} -- • FAILED
Canceled: Operation cancelled; command=/opt/homebrew/bin/git -c core.quotepath=false -c color.ui=false rev-parse --abbrev-ref --symbolic-full-name @ @{u} --
2026-03-15 19:04:37.640 [error] [          0ms] [/Users/kcwen/Documents/02_Projects/syncrex-site] git for-each-ref --format=%1E%(refname)%1D%(objectname)%1D%(*objectname)%1D%(creatordate:iso8601)%1D%(authordate:iso8601)%1D%(subject)%1D refs/tags/ • FAILED
Canceled: Operation cancelled; command=/opt/homebrew/bin/git -c core.quotepath=false -c color.ui=false for-each-ref --format=%1E%(refname)%1D%(objectname)%1D%(*objectname)%1D%(creatordate:iso8601)%1D%(authordate:iso8601)%1D%(subject)%1D refs/tags/
2026-03-15 19:04:37.641 [info] [         16ms] [/Users/kcwen/Documents/02_Projects/syncrex-site] git log --format=%x1E%H%x1D%aN%x1D%aE%x1D%at%x1D%cN%x1D%cE%x1D%ct%x1D%P%x1D%D%x1D%B%x1D --numstat --raw -M --use-mailmap -m --no-min-parents -n1 ec16eed3575974181214c27f349ed611b3c6aa73 --
2026-03-15 19:04:37.641 [info] [         17ms] [/Users/kcwen/Documents/02_Projects/syncrex-site] git log --format=%x1E%H%x1D --summary -n1 ec16eed3575974181214c27f349ed611b3c6aa73^ -- astro.config.mjs
2026-03-15 19:04:37.650 [info] [         10ms] [/Users/kcwen/Documents/02_Projects/syncrex-site] git for-each-ref --format=%1E%(HEAD)%1D%(refname)%1D%(upstream)%1D%(upstream:track)%1D%(objectname)%1D%(committerdate:iso8601)%1D%(worktreepath)%1D refs/heads/ refs/remotes/
2026-03-15 19:04:37.657 [info] [          6ms] [/Users/kcwen/Documents/02_Projects/syncrex-site] git for-each-ref --format=%1E%(refname)%1D%(objectname)%1D%(*objectname)%1D%(creatordate:iso8601)%1D%(authordate:iso8601)%1D%(subject)%1D refs/tags/
2026-03-15 19:04:40.287 [info] [          9ms] [/Users/kcwen/Documents/02_Projects/syncrex-site] git log --format=%x1E%H%x1D%aN%x1D%aE%x1D%at%x1D%cN%x1D%cE%x1D%ct%x1D%P%x1D%D%x1D%B%x1D --numstat --raw -M --use-mailmap -m --no-min-parents -n1 88e467e14d492ab9e2f1f309a08782460a925a17 --
2026-03-15 19:04:54.476 [info] [          8ms] [/Users/kcwen/Documents/02_Projects/syncrex-site] git ls-files -- src/content/blogs/20260315T1903-mac_setup.mdoc
2026-03-15 19:04:54.481 [info] [          4ms] [/Users/kcwen/Documents/02_Projects/syncrex-site/src/content/blogs] git ls-files -- 20260315T1903-mac_setup.mdoc
2026-03-15 19:04:54.523 [info] [          7ms] [/Users/kcwen/Documents/02_Projects/syncrex-site/src/content/blogs] git rev-parse --show-toplevel --git-dir --git-common-dir --show-superproject-working-tree
2026-03-15 19:04:59.043 [info] [          6ms] [/Users/kcwen/Documents/02_Projects/syncrex-site] git ls-files -- src/content/blogs/20260118T1000-wsl_platform.md
2026-03-15 19:04:59.300 [info] [          7ms] [/Users/kcwen/Documents/02_Projects/syncrex-site] git blame --root --incremental -- src/content/blogs/20260118T1000-wsl_platform.md
2026-03-15 19:04:59.306 [info] [          5ms] [/Users/kcwen/Documents/02_Projects/syncrex-site] git log --format=%x1E%H%x1D --summary -n1 b9ff1029c9d04c6305a140c2dd22b6cfc11677b0^ -- src/content/blogs/20260118T1000-wsl_platform.md
2026-03-15 19:04:59.306 [info] [          5ms] [/Users/kcwen/Documents/02_Projects/syncrex-site] git log --format=%x1E%H%x1D%aN%x1D%aE%x1D%at%x1D%cN%x1D%cE%x1D%ct%x1D%P%x1D%D%x1D%B%x1D --numstat --raw -M --use-mailmap -m --no-min-parents -n1 b9ff1029c9d04c6305a140c2dd22b6cfc11677b0 --
2026-03-15 19:05:52.737 [info] [         11ms] [/Users/kcwen/Documents/02_Projects/syncrex-site] git config --get -f /Users/kcwen/Documents/02_Projects/syncrex-site/.git/gk/config branch.main.gk-last-accessed
2026-03-15 19:05:52.744 [info] [          6ms] [/Users/kcwen/Documents/02_Projects/syncrex-site] git config -f /Users/kcwen/Documents/02_Projects/syncrex-site/.git/gk/config branch.main.gk-last-accessed 2026-03-15T11:05:52.724Z
2026-03-15 19:06:12.365 [info] [          6ms] [/Users/kcwen/Documents/02_Projects/syncrex-site] git ls-files -- src/content/blogs/20260315T1903-mac_setup.mdoc
2026-03-15 19:06:12.370 [info] [          4ms] [/Users/kcwen/Documents/02_Projects/syncrex-site/src/content/blogs] git ls-files -- 20260315T1903-mac_setup.mdoc
2026-03-15 19:06:25.297 [info] [          6ms] [/Users/kcwen/Documents/02_Projects/syncrex-site] git ls-files -- src/components/Lang.astro
2026-03-15 19:06:25.545 [info] [          5ms] [/Users/kcwen/Documents/02_Projects/syncrex-site] git blame --root --incremental -- src/components/Lang.astro
2026-03-15 19:06:25.551 [info] [          5ms] [/Users/kcwen/Documents/02_Projects/syncrex-site] git log --format=%x1E%H%x1D --summary -n1 80da128711bcc903ac1a5317ac28ea43449d9a27^ -- src/components/Lang.astro
2026-03-15 19:06:25.553 [info] [          6ms] [/Users/kcwen/Documents/02_Projects/syncrex-site] git log --format=%x1E%H%x1D%aN%x1D%aE%x1D%at%x1D%cN%x1D%cE%x1D%ct%x1D%P%x1D%D%x1D%B%x1D --numstat --raw -M --use-mailmap -m --no-min-parents -n1 80da128711bcc903ac1a5317ac28ea43449d9a27 --
2026-03-15 19:06:25.811 [info] [          6ms] [/Users/kcwen/Documents/02_Projects/syncrex-site] git ls-files -- src/components/IllustrateBox.astro
2026-03-15 19:06:26.060 [info] [          5ms] [/Users/kcwen/Documents/02_Projects/syncrex-site] git blame --root --incremental -- src/components/IllustrateBox.astro
2026-03-15 19:06:26.066 [info] [          5ms] [/Users/kcwen/Documents/02_Projects/syncrex-site] git log --format=%x1E%H%x1D --summary -n1 88e467e14d492ab9e2f1f309a08782460a925a17^ -- src/components/IllustrateBox.astro
2026-03-15 19:06:26.068 [info] [          6ms] [/Users/kcwen/Documents/02_Projects/syncrex-site] git log --format=%x1E%H%x1D%aN%x1D%aE%x1D%at%x1D%cN%x1D%cE%x1D%ct%x1D%P%x1D%D%x1D%B%x1D --numstat --raw -M --use-mailmap -m --no-min-parents -n1 88e467e14d492ab9e2f1f309a08782460a925a17 --
2026-03-15 19:06:26.280 [info] [         10ms] [/Users/kcwen/Documents/02_Projects/syncrex-site] git ls-files -- src/components/TimelineYearGroup.astro
2026-03-15 19:06:26.525 [info] [          5ms] [/Users/kcwen/Documents/02_Projects/syncrex-site] git blame --root --incremental -- src/components/TimelineYearGroup.astro
2026-03-15 19:06:26.531 [info] [          4ms] [/Users/kcwen/Documents/02_Projects/syncrex-site] git log --format=%x1E%H%x1D --summary -n1 80da128711bcc903ac1a5317ac28ea43449d9a27^ -- src/components/TimelineYearGroup.astro
2026-03-15 19:06:26.534 [info] [          7ms] [/Users/kcwen/Documents/02_Projects/syncrex-site] git log --format=%x1E%H%x1D%aN%x1D%aE%x1D%at%x1D%cN%x1D%cE%x1D%ct%x1D%P%x1D%D%x1D%B%x1D --numstat --raw -M --use-mailmap -m --no-min-parents -n1 80da128711bcc903ac1a5317ac28ea43449d9a27 --
2026-03-15 19:06:26.852 [info] [          8ms] [/Users/kcwen/Documents/02_Projects/syncrex-site] git ls-files -- src/components/UpdateBlock.astro
2026-03-15 19:06:27.101 [info] [          6ms] [/Users/kcwen/Documents/02_Projects/syncrex-site] git blame --root --incremental -- src/components/UpdateBlock.astro
2026-03-15 19:06:27.108 [info] [          5ms] [/Users/kcwen/Documents/02_Projects/syncrex-site] git log --format=%x1E%H%x1D --summary -n1 80da128711bcc903ac1a5317ac28ea43449d9a27^ -- src/components/UpdateBlock.astro
2026-03-15 19:06:27.112 [info] [          9ms] [/Users/kcwen/Documents/02_Projects/syncrex-site] git log --format=%x1E%H%x1D%aN%x1D%aE%x1D%at%x1D%cN%x1D%cE%x1D%ct%x1D%P%x1D%D%x1D%B%x1D --numstat --raw -M --use-mailmap -m --no-min-parents -n1 80da128711bcc903ac1a5317ac28ea43449d9a27 --
2026-03-15 19:06:27.311 [info] [          8ms] [/Users/kcwen/Documents/02_Projects/syncrex-site] git ls-files -- src/components/TimelineItem.astro
2026-03-15 19:06:27.559 [info] [          5ms] [/Users/kcwen/Documents/02_Projects/syncrex-site] git blame --root --incremental -- src/components/TimelineItem.astro
2026-03-15 19:06:27.564 [info] [          4ms] [/Users/kcwen/Documents/02_Projects/syncrex-site] git log --format=%x1E%H%x1D --summary -n1 80da128711bcc903ac1a5317ac28ea43449d9a27^ -- src/components/TimelineItem.astro
2026-03-15 19:06:27.568 [info] [          7ms] [/Users/kcwen/Documents/02_Projects/syncrex-site] git log --format=%x1E%H%x1D%aN%x1D%aE%x1D%at%x1D%cN%x1D%cE%x1D%ct%x1D%P%x1D%D%x1D%B%x1D --numstat --raw -M --use-mailmap -m --no-min-parents -n1 80da128711bcc903ac1a5317ac28ea43449d9a27 --
2026-03-15 19:06:27.786 [info] [          7ms] [/Users/kcwen/Documents/02_Projects/syncrex-site] git ls-files -- src/components/TableOfContents.astro
2026-03-15 19:06:28.036 [info] [          6ms] [/Users/kcwen/Documents/02_Projects/syncrex-site] git blame --root --incremental -- src/components/TableOfContents.astro
2026-03-15 19:06:28.042 [info] [          5ms] [/Users/kcwen/Documents/02_Projects/syncrex-site] git log --format=%x1E%H%x1D --summary -n1 1366b9652342de472138e3343db03bc27b75ea91^ -- src/components/TableOfContents.astro
2026-03-15 19:06:28.044 [info] [          7ms] [/Users/kcwen/Documents/02_Projects/syncrex-site] git log --format=%x1E%H%x1D%aN%x1D%aE%x1D%at%x1D%cN%x1D%cE%x1D%ct%x1D%P%x1D%D%x1D%B%x1D --numstat --raw -M --use-mailmap -m --no-min-parents -n1 1366b9652342de472138e3343db03bc27b75ea91 --
2026-03-15 19:06:28.313 [info] [          8ms] [/Users/kcwen/Documents/02_Projects/syncrex-site] git ls-files -- src/components/QuoteBlock.astro
2026-03-15 19:06:28.561 [info] [          6ms] [/Users/kcwen/Documents/02_Projects/syncrex-site] git blame --root --incremental -- src/components/QuoteBlock.astro
2026-03-15 19:06:28.568 [info] [          5ms] [/Users/kcwen/Documents/02_Projects/syncrex-site] git log --format=%x1E%H%x1D --summary -n1 80da128711bcc903ac1a5317ac28ea43449d9a27^ -- src/components/QuoteBlock.astro
2026-03-15 19:06:28.571 [info] [          7ms] [/Users/kcwen/Documents/02_Projects/syncrex-site] git log --format=%x1E%H%x1D%aN%x1D%aE%x1D%at%x1D%cN%x1D%cE%x1D%ct%x1D%P%x1D%D%x1D%B%x1D --numstat --raw -M --use-mailmap -m --no-min-parents -n1 80da128711bcc903ac1a5317ac28ea43449d9a27 --
2026-03-15 19:06:28.908 [info] [          7ms] [/Users/kcwen/Documents/02_Projects/syncrex-site] git ls-files -- src/components/LanguageToggle.astro
2026-03-15 19:06:29.155 [info] [          5ms] [/Users/kcwen/Documents/02_Projects/syncrex-site] git blame --root --incremental -- src/components/LanguageToggle.astro
2026-03-15 19:06:29.161 [info] [          4ms] [/Users/kcwen/Documents/02_Projects/syncrex-site] git log --format=%x1E%H%x1D --summary -n1 80da128711bcc903ac1a5317ac28ea43449d9a27^ -- src/components/LanguageToggle.astro
2026-03-15 19:06:29.163 [info] [          6ms] [/Users/kcwen/Documents/02_Projects/syncrex-site] git log --format=%x1E%H%x1D%aN%x1D%aE%x1D%at%x1D%cN%x1D%cE%x1D%ct%x1D%P%x1D%D%x1D%B%x1D --numstat --raw -M --use-mailmap -m --no-min-parents -n1 80da128711bcc903ac1a5317ac28ea43449d9a27 --
2026-03-15 19:06:34.542 [info] [          6ms] [/Users/kcwen/Documents/02_Projects/syncrex-site] git blame --root --incremental -- src/components/IllustrateBox.astro
2026-03-15 19:06:34.549 [info] [          6ms] [/Users/kcwen/Documents/02_Projects/syncrex-site] git log --format=%x1E%H%x1D --summary -n1 88e467e14d492ab9e2f1f309a08782460a925a17^ -- src/components/IllustrateBox.astro
2026-03-15 19:06:34.550 [info] [          6ms] [/Users/kcwen/Documents/02_Projects/syncrex-site] git log --format=%x1E%H%x1D%aN%x1D%aE%x1D%at%x1D%cN%x1D%cE%x1D%ct%x1D%P%x1D%D%x1D%B%x1D --numstat --raw -M --use-mailmap -m --no-min-parents -n1 88e467e14d492ab9e2f1f309a08782460a925a17 --
2026-03-15 19:07:57.006 [info] [          7ms] [/Users/kcwen/Documents/02_Projects/syncrex-site] git ls-files -- markdoc.config.mjs
2026-03-15 19:07:57.255 [info] [          7ms] [/Users/kcwen/Documents/02_Projects/syncrex-site] git blame --root --incremental -- markdoc.config.mjs
2026-03-15 19:07:57.261 [info] [          4ms] [/Users/kcwen/Documents/02_Projects/syncrex-site] git log --format=%x1E%H%x1D --summary -n1 88e467e14d492ab9e2f1f309a08782460a925a17^ -- markdoc.config.mjs
2026-03-15 19:07:57.263 [info] [          6ms] [/Users/kcwen/Documents/02_Projects/syncrex-site] git log --format=%x1E%H%x1D%aN%x1D%aE%x1D%at%x1D%cN%x1D%cE%x1D%ct%x1D%P%x1D%D%x1D%B%x1D --numstat --raw -M --use-mailmap -m --no-min-parents -n1 88e467e14d492ab9e2f1f309a08782460a925a17 --
2026-03-15 19:09:05.559 [info] [          7ms] [/Users/kcwen/Documents/02_Projects/syncrex-site] git ls-files -- src/content/config.ts
2026-03-15 19:09:05.809 [info] [          7ms] [/Users/kcwen/Documents/02_Projects/syncrex-site] git blame --root --incremental -- src/content/config.ts
2026-03-15 19:09:05.814 [info] [          4ms] [/Users/kcwen/Documents/02_Projects/syncrex-site] git log --format=%x1E%H%x1D --summary -n1 3469cc086b0e5098c004d80a26092fa8a1ed14db^ -- src/content/config.ts
2026-03-15 19:09:05.820 [info] [         10ms] [/Users/kcwen/Documents/02_Projects/syncrex-site] git log --format=%x1E%H%x1D%aN%x1D%aE%x1D%at%x1D%cN%x1D%cE%x1D%ct%x1D%P%x1D%D%x1D%B%x1D --numstat --raw -M --use-mailmap -m --no-min-parents -n1 3469cc086b0e5098c004d80a26092fa8a1ed14db --
2026-03-15 19:09:08.221 [info] [         14ms] [/Users/kcwen/Documents/02_Projects/syncrex-site] git log --format=%x1E%H%x1D%aN%x1D%aE%x1D%at%x1D%cN%x1D%cE%x1D%ct%x1D%P%x1D%D%x1D%B%x1D --numstat --raw -M --use-mailmap -m --no-min-parents -n1 dcbdf79775419dc14e585284b87efbf18d9603e2 --
2026-03-15 19:09:09.040 [info] [         15ms] [/Users/kcwen/Documents/02_Projects/syncrex-site] git log --format=%x1E%H%x1D%aN%x1D%aE%x1D%at%x1D%cN%x1D%cE%x1D%ct%x1D%P%x1D%D%x1D%B%x1D --numstat --raw -M --use-mailmap -m --no-min-parents -n1 7a79670edeb9a15718e7cf4e908ffb37ce4544f6 --
2026-03-15 19:09:11.382 [info] [          6ms] [/Users/kcwen/Documents/02_Projects/syncrex-site] git ls-files -- src/content/blogs/20260315T1903-mac_setup.mdoc
2026-03-15 19:09:11.387 [info] [          4ms] [/Users/kcwen/Documents/02_Projects/syncrex-site/src/content/blogs] git ls-files -- 20260315T1903-mac_setup.mdoc
2026-03-15 19:10:33.137 [info] [          7ms] [/Users/kcwen/Documents/02_Projects/syncrex-site] git ls-files -- markdoc.config.mjs
2026-03-15 19:10:33.387 [info] [          5ms] [/Users/kcwen/Documents/02_Projects/syncrex-site] git blame --root --incremental -- markdoc.config.mjs
2026-03-15 19:10:33.393 [info] [          4ms] [/Users/kcwen/Documents/02_Projects/syncrex-site] git log --format=%x1E%H%x1D --summary -n1 88e467e14d492ab9e2f1f309a08782460a925a17^ -- markdoc.config.mjs
2026-03-15 19:10:33.394 [info] [          5ms] [/Users/kcwen/Documents/02_Projects/syncrex-site] git log --format=%x1E%H%x1D%aN%x1D%aE%x1D%at%x1D%cN%x1D%cE%x1D%ct%x1D%P%x1D%D%x1D%B%x1D --numstat --raw -M --use-mailmap -m --no-min-parents -n1 88e467e14d492ab9e2f1f309a08782460a925a17 --
2026-03-15 19:10:35.783 [info] [         17ms] [/Users/kcwen/Documents/02_Projects/syncrex-site] git log --format=%x1E%H%x1D%aN%x1D%aE%x1D%at%x1D%cN%x1D%cE%x1D%ct%x1D%P%x1D%D%x1D%B%x1D --numstat --raw -M --use-mailmap -m --no-min-parents -n1 011aaa1eb6801f2eb464384dbb599515895d16de --
2026-03-15 19:11:40.789 [info] [         18ms] [/Users/kcwen/Documents/02_Projects/syncrex-site] git ls-files -- .gitignore
2026-03-15 19:11:41.029 [info] [          7ms] [/Users/kcwen/Documents/02_Projects/syncrex-site] git blame --root --incremental -- .gitignore
2026-03-15 19:11:41.035 [info] [          5ms] [/Users/kcwen/Documents/02_Projects/syncrex-site] git log --format=%x1E%H%x1D --summary -n1 ec16eed3575974181214c27f349ed611b3c6aa73^ -- .gitignore
2026-03-15 19:11:41.036 [info] [          5ms] [/Users/kcwen/Documents/02_Projects/syncrex-site] git log --format=%x1E%H%x1D%aN%x1D%aE%x1D%at%x1D%cN%x1D%cE%x1D%ct%x1D%P%x1D%D%x1D%B%x1D --numstat --raw -M --use-mailmap -m --no-min-parents -n1 ec16eed3575974181214c27f349ed611b3c6aa73 --
2026-03-15 19:12:04.112 [info] [          5ms] [/Users/kcwen/Documents/02_Projects/syncrex-site] git ls-files -- src/content/blogs/example-IllustrateBox.mdoc
2026-03-15 19:12:04.118 [info] [          5ms] [/Users/kcwen/Documents/02_Projects/syncrex-site/src/content/blogs] git ls-files -- example-IllustrateBox.mdoc
2026-03-15 19:12:47.948 [info] [          7ms] [/Users/kcwen/Documents/02_Projects/syncrex-site] git ls-files -- src/content/blogs/example-IllustrateBox.mdoc
2026-03-15 19:12:47.955 [info] [          7ms] [/Users/kcwen/Documents/02_Projects/syncrex-site/src/content/blogs] git ls-files -- example-IllustrateBox.mdoc
2026-03-15 19:14:27.212 [info] [         11ms] [/Users/kcwen/Documents/02_Projects/syncrex-site] git ls-files -- src/content/blogs/20260315T1903-mac_setup.mdoc
2026-03-15 19:14:27.217 [info] [          5ms] [/Users/kcwen/Documents/02_Projects/syncrex-site/src/content/blogs] git ls-files -- 20260315T1903-mac_setup.mdoc
2026-03-15 19:14:34.473 [info] [          9ms] [/Users/kcwen/Documents/02_Projects/syncrex-site] git rev-parse --show-toplevel --git-dir --git-common-dir --show-superproject-working-tree
2026-03-15 19:14:34.484 [info] [          5ms] [/Users/kcwen/Documents/02_Projects/syncrex-site] git ls-files -- src/content/blogs/20260315T1903-mac_setup.mdoc
2026-03-15 19:14:34.493 [info] [          9ms] [/Users/kcwen/Documents/02_Projects/syncrex-site] git rev-parse --show-toplevel --git-dir --git-common-dir --show-superproject-working-tree
2026-03-15 19:14:34.493 [info] [          9ms] [/Users/kcwen/Documents/02_Projects/syncrex-site/src/content/blogs] git ls-files -- 20260315T1903-mac_setup.mdoc
2026-03-15 19:14:34.494 [info] [          9ms] [/Users/kcwen/Documents/02_Projects/syncrex-site] git remote -v
2026-03-15 19:14:34.510 [info] [         11ms] [/Users/kcwen/Documents/02_Projects/syncrex-site/src/content/blogs] git rev-parse --show-toplevel --git-dir --git-common-dir --show-superproject-working-tree
2026-03-15 19:15:09.501 [info] [         13ms] [/Users/kcwen/Documents/02_Projects/syncrex-site] git rev-list --max-parents=0 HEAD --
2026-03-15 19:15:09.505 [info] [         15ms] [/Users/kcwen/Documents/02_Projects/syncrex-site] git shortlog -s --all --no-min-parents --since=1.year.ago
2026-03-15 19:17:04.491 [info] [         13ms] [/Users/kcwen/Documents/02_Projects/syncrex-site] git for-each-ref --format=%1E%(HEAD)%1D%(refname)%1D%(upstream)%1D%(upstream:track)%1D%(objectname)%1D%(committerdate:iso8601)%1D%(worktreepath)%1D refs/heads/ refs/remotes/
2026-03-15 19:17:04.492 [info] [         10ms] [/Users/kcwen/Documents/02_Projects/syncrex-site] git config --get-regex -f /Users/kcwen/Documents/02_Projects/syncrex-site/.git/gk/config ^branch\..*\.gk-last-(accessed|modified)$
2026-03-15 19:17:04.499 [info] [          5ms] [/Users/kcwen/Documents/02_Projects/syncrex-site] git config --get -f /Users/kcwen/Documents/02_Projects/syncrex-site/.git/gk/config branch.main.gk-last-accessed
2026-03-15 19:17:04.504 [info] [          4ms] [/Users/kcwen/Documents/02_Projects/syncrex-site] git config -f /Users/kcwen/Documents/02_Projects/syncrex-site/.git/gk/config branch.main.gk-last-accessed 2026-03-15T11:17:04.493Z
2026-03-15 19:17:18.729 [info] [          7ms] [/Users/kcwen/Documents/02_Projects/syncrex-site] git ls-files -- markdoc.config.mjs
2026-03-15 19:17:18.979 [info] [          6ms] [/Users/kcwen/Documents/02_Projects/syncrex-site] git config --get-regex ^user\.(name|email)$
2026-03-15 19:17:18.983 [info] [         10ms] [/Users/kcwen/Documents/02_Projects/syncrex-site] git blame --root --incremental -- markdoc.config.mjs
2026-03-15 19:17:18.990 [info] [         10ms] [/Users/kcwen/Documents/02_Projects/syncrex-site] git check-mailmap Kangcheng Wen <kangchengwen@proton.me>
2026-03-15 19:17:19.004 [info] [         10ms] [/Users/kcwen/Documents/02_Projects/syncrex-site] git log --format=%x1E%H%x1D --summary -n1 88e467e14d492ab9e2f1f309a08782460a925a17^ -- markdoc.config.mjs
2026-03-15 19:17:19.006 [info] [         11ms] [/Users/kcwen/Documents/02_Projects/syncrex-site] git log --format=%x1E%H%x1D%aN%x1D%aE%x1D%at%x1D%cN%x1D%cE%x1D%ct%x1D%P%x1D%D%x1D%B%x1D --numstat --raw -M --use-mailmap -m --no-min-parents -n1 88e467e14d492ab9e2f1f309a08782460a925a17 --
2026-03-15 19:17:19.821 [info] [          7ms] [/Users/kcwen/Documents/02_Projects/syncrex-site] git log --format=%x1E%H%x1D%aN%x1D%aE%x1D%at%x1D%cN%x1D%cE%x1D%ct%x1D%P%x1D%D%x1D%B%x1D --numstat --raw -M --use-mailmap -m --no-min-parents -n1 011aaa1eb6801f2eb464384dbb599515895d16de --
2026-03-15 19:17:30.037 [info] [          7ms] [/Users/kcwen/Documents/02_Projects/syncrex-site] git ls-files -- src/content/blogs/20260118T1000-wsl_platform.md
2026-03-15 19:17:30.283 [info] [          4ms] [/Users/kcwen/Documents/02_Projects/syncrex-site] git blame --root --incremental -- src/content/blogs/20260118T1000-wsl_platform.md
2026-03-15 19:17:30.288 [info] [          4ms] [/Users/kcwen/Documents/02_Projects/syncrex-site] git log --format=%x1E%H%x1D --summary -n1 b9ff1029c9d04c6305a140c2dd22b6cfc11677b0^ -- src/content/blogs/20260118T1000-wsl_platform.md
2026-03-15 19:17:30.288 [info] [          4ms] [/Users/kcwen/Documents/02_Projects/syncrex-site] git log --format=%x1E%H%x1D%aN%x1D%aE%x1D%at%x1D%cN%x1D%cE%x1D%ct%x1D%P%x1D%D%x1D%B%x1D --numstat --raw -M --use-mailmap -m --no-min-parents -n1 b9ff1029c9d04c6305a140c2dd22b6cfc11677b0 --
2026-03-15 19:17:32.121 [info] [          7ms] [/Users/kcwen/Documents/02_Projects/syncrex-site] git ls-files -- src/content/blogs/example-IllustrateBox.mdoc
2026-03-15 19:17:32.127 [info] [          5ms] [/Users/kcwen/Documents/02_Projects/syncrex-site/src/content/blogs] git ls-files -- example-IllustrateBox.mdoc
2026-03-15 19:18:22.895 [info] [          6ms] [/Users/kcwen/Documents/02_Projects/syncrex-site] git ls-files -- src/content/blogs/example-IllustrateBox.mdoc
2026-03-15 19:18:22.901 [info] [          5ms] [/Users/kcwen/Documents/02_Projects/syncrex-site/src/content/blogs] git ls-files -- example-IllustrateBox.mdoc
2026-03-15 19:18:31.512 [info] [          9ms] [/Users/kcwen/Documents/02_Projects/syncrex-site] git for-each-ref --format=%1E%(refname)%1D%(objectname)%1D%(*objectname)%1D%(creatordate:iso8601)%1D%(authordate:iso8601)%1D%(subject)%1D refs/tags/
2026-03-15 19:19:54.528 [info] [          7ms] [/Users/kcwen/Documents/02_Projects/syncrex-site] git ls-files -- src/pages/blogs/[...slug].astro
2026-03-15 19:19:54.775 [info] [          6ms] [/Users/kcwen/Documents/02_Projects/syncrex-site] git blame --root --incremental -- src/pages/blogs/[...slug].astro
2026-03-15 19:19:54.780 [info] [          4ms] [/Users/kcwen/Documents/02_Projects/syncrex-site] git log --format=%x1E%H%x1D --summary -n1 3469cc086b0e5098c004d80a26092fa8a1ed14db^ -- src/pages/blogs/[...slug].astro
2026-03-15 19:19:54.787 [info] [         10ms] [/Users/kcwen/Documents/02_Projects/syncrex-site] git log --format=%x1E%H%x1D%aN%x1D%aE%x1D%at%x1D%cN%x1D%cE%x1D%ct%x1D%P%x1D%D%x1D%B%x1D --numstat --raw -M --use-mailmap -m --no-min-parents -n1 3469cc086b0e5098c004d80a26092fa8a1ed14db --
2026-03-15 19:39:59.601 [info] [         21ms] [/Users/kcwen/Documents/02_Projects/syncrex-site] git ls-files -- src/content/blogs/example-IllustrateBox.mdoc
2026-03-15 19:39:59.608 [info] [          6ms] [/Users/kcwen/Documents/02_Projects/syncrex-site/src/content/blogs] git ls-files -- example-IllustrateBox.mdoc
