2026-03-15 19:03:21.444 [info] [aebc6443-996d-45c2-90f0-388ff96faa56] Native Broker enabled: false
2026-03-15 19:03:21.445 [info] [getSessions] [all] starting
2026-03-15 19:03:21.448 [info] [getSessions] [all] returned 0 session(s)
2026-03-15 19:03:21.448 [info] [getSessions] [all] starting
2026-03-15 19:03:21.448 [info] [getSessions] [all] returned 0 session(s)
2026-03-15 19:03:21.448 [info] [getSessions] [all] starting
2026-03-15 19:03:21.448 [info] [getSessions] [all] returned 0 session(s)
2026-03-15 19:03:21.448 [info] [getSessions] [499b84ac-1321-427f-aa17-267ca6975798/.default offline_access] starting
2026-03-15 19:03:21.448 [info] [aebc6443-996d-45c2-90f0-388ff96faa56] Native Broker enabled: false
2026-03-15 19:03:21.449 [info] [getSessions] [499b84ac-1321-427f-aa17-267ca6975798/.default offline_access] returned 0 session(s)
2026-03-15 19:03:22.480 [info] [getSessions] [all] starting
2026-03-15 19:03:22.480 [info] [getSessions] [all] returned 0 session(s)
2026-03-15 19:14:32.422 [info] Microsoft Authentication is deactivating...
2026-03-15 19:14:33.497 [info] [aebc6443-996d-45c2-90f0-388ff96faa56] Native Broker enabled: false
2026-03-15 19:14:33.498 [info] [getSessions] [all] starting
2026-03-15 19:14:33.498 [info] [getSessions] [all] returned 0 session(s)
2026-03-15 19:14:33.498 [info] [getSessions] [all] starting
2026-03-15 19:14:33.498 [info] [getSessions] [all] returned 0 session(s)
2026-03-15 19:14:33.499 [info] [getSessions] [all] starting
2026-03-15 19:14:33.499 [info] [getSessions] [all] returned 0 session(s)
2026-03-15 19:14:33.499 [info] [getSessions] [499b84ac-1321-427f-aa17-267ca6975798/.default offline_access] starting
2026-03-15 19:14:33.499 [info] [aebc6443-996d-45c2-90f0-388ff96faa56] Native Broker enabled: false
2026-03-15 19:14:33.499 [info] [getSessions] [499b84ac-1321-427f-aa17-267ca6975798/.default offline_access] returned 0 session(s)
2026-03-15 19:14:35.832 [info] [getSessions] [all] starting
2026-03-15 19:14:35.832 [info] [getSessions] [all] returned 0 session(s)
2026-03-15 19:40:38.682 [info] Microsoft Authentication is deactivating...
