2026-03-13 22:41:08.405 [info] Reading sessions from keychain...
2026-03-13 22:41:08.405 [info] Getting sessions for all scopes...
2026-03-13 22:41:08.405 [info] Got 0 sessions for ...
2026-03-13 22:41:08.405 [info] Getting sessions for all scopes...
2026-03-13 22:41:08.405 [info] Got 0 sessions for ...
2026-03-13 22:41:08.405 [info] Getting sessions for all scopes...
2026-03-13 22:41:08.405 [info] Got 0 sessions for ...
2026-03-13 22:41:08.405 [info] Getting sessions for all scopes...
2026-03-13 22:41:08.405 [info] Got 0 sessions for ...
2026-03-13 22:41:08.405 [info] Getting sessions for all scopes...
2026-03-13 22:41:08.405 [info] Got 0 sessions for ...
2026-03-13 22:41:08.405 [info] Getting sessions for all scopes...
2026-03-13 22:41:08.405 [info] Got 0 sessions for ...
2026-03-13 22:41:08.405 [info] Getting sessions for all scopes...
2026-03-13 22:41:08.405 [info] Got 0 sessions for ...
2026-03-13 22:41:08.405 [info] Getting sessions for user:email...
2026-03-13 22:41:08.405 [info] Got 0 sessions for user:email...
2026-03-13 22:41:08.405 [info] Getting sessions for read:user,repo,user:email,workflow...
2026-03-13 22:41:08.405 [info] Got 0 sessions for read:user,repo,user:email,workflow...
2026-03-13 22:41:08.409 [info] Getting sessions for all scopes...
2026-03-13 22:41:08.409 [info] Got 0 sessions for ...
2026-03-13 22:41:08.409 [info] Getting sessions for user:email...
2026-03-13 22:41:08.409 [info] Got 0 sessions for user:email...
2026-03-13 22:41:09.031 [info] Getting sessions for read:user,repo,user:email,workflow...
2026-03-13 22:41:09.031 [info] Got 0 sessions for read:user,repo,user:email,workflow...
2026-03-13 22:41:09.188 [info] Getting sessions for all scopes...
2026-03-13 22:41:09.188 [info] Got 0 sessions for ...
2026-03-13 22:41:09.188 [info] Getting sessions for all scopes...
2026-03-13 22:41:09.188 [info] Got 0 sessions for ...
2026-03-13 22:41:09.188 [info] Getting sessions for all scopes...
2026-03-13 22:41:09.188 [info] Got 0 sessions for ...
2026-03-13 22:41:09.558 [info] Getting sessions for user:email...
2026-03-13 22:41:09.558 [info] Got 0 sessions for user:email...
2026-03-13 22:41:09.558 [info] Getting sessions for read:user,repo,user:email,workflow...
2026-03-13 22:41:09.558 [info] Got 0 sessions for read:user,repo,user:email,workflow...
2026-03-13 22:41:09.618 [info] Getting sessions for all scopes...
2026-03-13 22:41:09.618 [info] Got 0 sessions for ...
2026-03-13 22:41:09.623 [info] Getting sessions for read:user,repo,user:email...
2026-03-13 22:41:09.623 [info] Got 0 sessions for read:user,repo,user:email...
2026-03-13 22:41:09.629 [info] Getting sessions for read:user,repo,user:email,workflow...
2026-03-13 22:41:09.629 [info] Got 0 sessions for read:user,repo,user:email,workflow...
2026-03-13 22:41:09.639 [info] Getting sessions for read:user,repo,user:email...
2026-03-13 22:41:09.639 [info] Got 0 sessions for read:user,repo,user:email...
2026-03-13 22:41:10.086 [info] Getting sessions for all scopes...
2026-03-13 22:41:10.086 [info] Got 0 sessions for ...
2026-03-13 22:44:53.469 [info] Getting sessions for all scopes...
2026-03-13 22:44:53.472 [info] Got 0 sessions for ...
2026-03-13 22:44:53.473 [info] Getting sessions for read:user,repo,user:email,workflow...
2026-03-13 22:44:53.473 [info] Got 0 sessions for read:user,repo,user:email,workflow...
2026-03-13 22:45:28.467 [info] Getting sessions for all scopes...
2026-03-13 22:45:28.467 [info] Got 0 sessions for ...
2026-03-13 22:45:28.470 [info] Getting sessions for user:email...
2026-03-13 22:45:28.470 [info] Got 0 sessions for user:email...
2026-03-13 22:45:28.567 [info] Getting sessions for all scopes...
2026-03-13 22:45:28.567 [info] Got 0 sessions for ...
2026-03-13 22:45:28.567 [info] Getting sessions for all scopes...
2026-03-13 22:45:28.567 [info] Got 0 sessions for ...
2026-03-13 22:45:29.218 [info] Getting sessions for all scopes...
2026-03-13 22:45:29.219 [info] Got 0 sessions for ...
2026-03-13 22:45:29.219 [info] Getting sessions for user:email...
2026-03-13 22:45:29.219 [info] Got 0 sessions for user:email...
2026-03-13 22:45:29.292 [info] Getting sessions for all scopes...
2026-03-13 22:45:29.292 [info] Got 0 sessions for ...
2026-03-13 22:45:29.292 [info] Getting sessions for user:email...
2026-03-13 22:45:29.292 [info] Got 0 sessions for user:email...
2026-03-13 22:45:30.161 [info] Getting sessions for all scopes...
2026-03-13 22:45:30.161 [info] Got 0 sessions for ...
2026-03-13 22:45:30.164 [info] Getting sessions for user:email...
2026-03-13 22:45:30.164 [info] Got 0 sessions for user:email...
2026-03-13 22:45:30.336 [info] Getting sessions for all scopes...
2026-03-13 22:45:30.336 [info] Got 0 sessions for ...
2026-03-13 22:45:30.337 [info] Getting sessions for user:email...
2026-03-13 22:45:30.337 [info] Got 0 sessions for user:email...
2026-03-13 22:45:30.439 [info] Getting sessions for all scopes...
2026-03-13 22:45:30.439 [info] Got 0 sessions for ...
2026-03-13 22:45:30.440 [info] Getting sessions for user:email...
2026-03-13 22:45:30.440 [info] Got 0 sessions for user:email...
2026-03-13 22:45:30.986 [info] Getting sessions for all scopes...
2026-03-13 22:45:30.986 [info] Got 0 sessions for ...
2026-03-13 22:45:30.986 [info] Getting sessions for user:email...
2026-03-13 22:45:30.986 [info] Got 0 sessions for user:email...
2026-03-13 22:45:31.063 [info] Getting sessions for all scopes...
2026-03-13 22:45:31.063 [info] Got 0 sessions for ...
2026-03-13 22:45:31.063 [info] Getting sessions for user:email...
2026-03-13 22:45:31.063 [info] Got 0 sessions for user:email...
2026-03-13 22:45:31.152 [info] Getting sessions for all scopes...
2026-03-13 22:45:31.152 [info] Got 0 sessions for ...
2026-03-13 22:45:31.153 [info] Getting sessions for user:email...
2026-03-13 22:45:31.153 [info] Got 0 sessions for user:email...
2026-03-13 22:45:32.472 [info] Getting sessions for all scopes...
2026-03-13 22:45:32.472 [info] Got 0 sessions for ...
2026-03-13 22:45:32.473 [info] Getting sessions for user:email...
2026-03-13 22:45:32.473 [info] Got 0 sessions for user:email...
2026-03-13 22:45:37.466 [info] Getting sessions for all scopes...
2026-03-13 22:45:37.466 [info] Got 0 sessions for ...
2026-03-13 22:45:37.467 [info] Getting sessions for user:email...
2026-03-13 22:45:37.467 [info] Got 0 sessions for user:email...
2026-03-13 22:45:37.824 [info] Getting sessions for all scopes...
2026-03-13 22:45:37.825 [info] Got 0 sessions for ...
2026-03-13 22:45:37.825 [info] Getting sessions for user:email...
2026-03-13 22:45:37.825 [info] Got 0 sessions for user:email...
2026-03-13 22:45:37.874 [info] Getting sessions for all scopes...
2026-03-13 22:45:37.874 [info] Got 0 sessions for ...
2026-03-13 22:45:37.878 [info] Getting sessions for user:email...
2026-03-13 22:45:37.878 [info] Got 0 sessions for user:email...
2026-03-13 22:45:37.928 [info] Getting sessions for all scopes...
2026-03-13 22:45:37.928 [info] Got 0 sessions for ...
2026-03-13 22:45:37.928 [info] Getting sessions for user:email...
2026-03-13 22:45:37.928 [info] Got 0 sessions for user:email...
2026-03-13 22:45:38.007 [info] Getting sessions for all scopes...
2026-03-13 22:45:38.007 [info] Got 0 sessions for ...
2026-03-13 22:45:38.007 [info] Getting sessions for user:email...
2026-03-13 22:45:38.007 [info] Got 0 sessions for user:email...
2026-03-13 22:45:38.247 [info] Getting sessions for all scopes...
2026-03-13 22:45:38.247 [info] Got 0 sessions for ...
2026-03-13 22:45:38.247 [info] Getting sessions for user:email...
2026-03-13 22:45:38.247 [info] Got 0 sessions for user:email...
2026-03-13 22:45:38.522 [info] Getting sessions for all scopes...
2026-03-13 22:45:38.522 [info] Got 0 sessions for ...
2026-03-13 22:45:38.522 [info] Getting sessions for user:email...
2026-03-13 22:45:38.522 [info] Got 0 sessions for user:email...
2026-03-13 22:45:38.735 [info] Getting sessions for all scopes...
2026-03-13 22:45:38.735 [info] Got 0 sessions for ...
2026-03-13 22:45:38.735 [info] Getting sessions for user:email...
2026-03-13 22:45:38.735 [info] Got 0 sessions for user:email...
2026-03-13 22:45:38.898 [info] Getting sessions for all scopes...
2026-03-13 22:45:38.898 [info] Got 0 sessions for ...
2026-03-13 22:45:38.899 [info] Getting sessions for user:email...
2026-03-13 22:45:38.899 [info] Got 0 sessions for user:email...
2026-03-13 22:45:40.682 [info] Getting sessions for all scopes...
2026-03-13 22:45:40.682 [info] Got 0 sessions for ...
2026-03-13 22:45:40.683 [info] Getting sessions for user:email...
2026-03-13 22:45:40.683 [info] Got 0 sessions for user:email...
2026-03-13 22:45:42.060 [info] Getting sessions for all scopes...
2026-03-13 22:45:42.060 [info] Got 0 sessions for ...
2026-03-13 22:45:42.061 [info] Getting sessions for user:email...
2026-03-13 22:45:42.061 [info] Got 0 sessions for user:email...
2026-03-13 22:45:42.565 [info] Getting sessions for all scopes...
2026-03-13 22:45:42.565 [info] Got 0 sessions for ...
2026-03-13 22:45:42.566 [info] Getting sessions for user:email...
2026-03-13 22:45:42.566 [info] Got 0 sessions for user:email...
2026-03-13 22:45:42.632 [info] Getting sessions for all scopes...
2026-03-13 22:45:42.632 [info] Got 0 sessions for ...
2026-03-13 22:45:42.632 [info] Getting sessions for user:email...
2026-03-13 22:45:42.632 [info] Got 0 sessions for user:email...
2026-03-13 22:45:42.718 [info] Getting sessions for all scopes...
2026-03-13 22:45:42.718 [info] Got 0 sessions for ...
2026-03-13 22:45:42.719 [info] Getting sessions for user:email...
2026-03-13 22:45:42.719 [info] Got 0 sessions for user:email...
2026-03-13 22:45:42.803 [info] Getting sessions for all scopes...
2026-03-13 22:45:42.803 [info] Got 0 sessions for ...
2026-03-13 22:45:42.803 [info] Getting sessions for user:email...
2026-03-13 22:45:42.803 [info] Got 0 sessions for user:email...
2026-03-13 22:45:43.048 [info] Getting sessions for all scopes...
2026-03-13 22:45:43.048 [info] Got 0 sessions for ...
2026-03-13 22:45:43.049 [info] Getting sessions for user:email...
2026-03-13 22:45:43.049 [info] Got 0 sessions for user:email...
2026-03-13 22:45:43.195 [info] Getting sessions for all scopes...
2026-03-13 22:45:43.195 [info] Got 0 sessions for ...
2026-03-13 22:45:43.196 [info] Getting sessions for user:email...
2026-03-13 22:45:43.196 [info] Got 0 sessions for user:email...
2026-03-13 22:45:43.343 [info] Getting sessions for all scopes...
2026-03-13 22:45:43.343 [info] Got 0 sessions for ...
2026-03-13 22:45:43.343 [info] Getting sessions for user:email...
2026-03-13 22:45:43.343 [info] Got 0 sessions for user:email...
2026-03-13 22:45:43.457 [info] Getting sessions for all scopes...
2026-03-13 22:45:43.458 [info] Got 0 sessions for ...
2026-03-13 22:45:43.458 [info] Getting sessions for user:email...
2026-03-13 22:45:43.458 [info] Got 0 sessions for user:email...
2026-03-13 22:45:43.637 [info] Getting sessions for all scopes...
2026-03-13 22:45:43.637 [info] Got 0 sessions for ...
2026-03-13 22:45:43.637 [info] Getting sessions for user:email...
2026-03-13 22:45:43.637 [info] Got 0 sessions for user:email...
2026-03-13 22:45:43.783 [info] Getting sessions for all scopes...
2026-03-13 22:45:43.783 [info] Got 0 sessions for ...
2026-03-13 22:45:43.784 [info] Getting sessions for user:email...
2026-03-13 22:45:43.784 [info] Got 0 sessions for user:email...
2026-03-13 22:45:43.925 [info] Getting sessions for all scopes...
2026-03-13 22:45:43.925 [info] Got 0 sessions for ...
2026-03-13 22:45:43.925 [info] Getting sessions for user:email...
2026-03-13 22:45:43.925 [info] Got 0 sessions for user:email...
2026-03-13 22:45:44.058 [info] Getting sessions for all scopes...
2026-03-13 22:45:44.058 [info] Got 0 sessions for ...
2026-03-13 22:45:44.059 [info] Getting sessions for user:email...
2026-03-13 22:45:44.059 [info] Got 0 sessions for user:email...
2026-03-13 22:45:44.187 [info] Getting sessions for all scopes...
2026-03-13 22:45:44.187 [info] Got 0 sessions for ...
2026-03-13 22:45:44.188 [info] Getting sessions for user:email...
2026-03-13 22:45:44.188 [info] Got 0 sessions for user:email...
2026-03-13 22:45:44.427 [info] Getting sessions for all scopes...
2026-03-13 22:45:44.427 [info] Got 0 sessions for ...
2026-03-13 22:45:44.427 [info] Getting sessions for user:email...
2026-03-13 22:45:44.427 [info] Got 0 sessions for user:email...
2026-03-13 22:45:44.846 [info] Getting sessions for all scopes...
2026-03-13 22:45:44.846 [info] Got 0 sessions for ...
2026-03-13 22:45:44.851 [info] Getting sessions for user:email...
2026-03-13 22:45:44.851 [info] Got 0 sessions for user:email...
2026-03-13 22:45:44.909 [info] Getting sessions for all scopes...
2026-03-13 22:45:44.909 [info] Got 0 sessions for ...
2026-03-13 22:45:44.909 [info] Getting sessions for user:email...
2026-03-13 22:45:44.909 [info] Got 0 sessions for user:email...
2026-03-13 22:45:44.942 [info] Getting sessions for all scopes...
2026-03-13 22:45:44.942 [info] Got 0 sessions for ...
2026-03-13 22:45:44.942 [info] Getting sessions for user:email...
2026-03-13 22:45:44.942 [info] Got 0 sessions for user:email...
2026-03-13 22:45:45.016 [info] Getting sessions for all scopes...
2026-03-13 22:45:45.016 [info] Got 0 sessions for ...
2026-03-13 22:45:45.016 [info] Getting sessions for user:email...
2026-03-13 22:45:45.016 [info] Got 0 sessions for user:email...
2026-03-13 22:45:45.131 [info] Getting sessions for all scopes...
2026-03-13 22:45:45.131 [info] Got 0 sessions for ...
2026-03-13 22:45:45.131 [info] Getting sessions for user:email...
2026-03-13 22:45:45.131 [info] Got 0 sessions for user:email...
2026-03-13 22:45:45.344 [info] Getting sessions for all scopes...
2026-03-13 22:45:45.344 [info] Got 0 sessions for ...
2026-03-13 22:45:45.345 [info] Getting sessions for user:email...
2026-03-13 22:45:45.345 [info] Got 0 sessions for user:email...
2026-03-13 22:45:45.507 [info] Getting sessions for all scopes...
2026-03-13 22:45:45.507 [info] Got 0 sessions for ...
2026-03-13 22:45:45.508 [info] Getting sessions for user:email...
2026-03-13 22:45:45.508 [info] Got 0 sessions for user:email...
2026-03-13 22:45:45.617 [info] Getting sessions for all scopes...
2026-03-13 22:45:45.617 [info] Got 0 sessions for ...
2026-03-13 22:45:45.618 [info] Getting sessions for user:email...
2026-03-13 22:45:45.618 [info] Got 0 sessions for user:email...
2026-03-13 22:45:45.733 [info] Getting sessions for all scopes...
2026-03-13 22:45:45.734 [info] Got 0 sessions for ...
2026-03-13 22:45:45.734 [info] Getting sessions for user:email...
2026-03-13 22:45:45.734 [info] Got 0 sessions for user:email...
2026-03-13 22:45:47.214 [info] Getting sessions for all scopes...
2026-03-13 22:45:47.214 [info] Got 0 sessions for ...
2026-03-13 22:45:47.215 [info] Getting sessions for user:email...
2026-03-13 22:45:47.215 [info] Got 0 sessions for user:email...
2026-03-13 22:45:47.935 [info] Getting sessions for all scopes...
2026-03-13 22:45:47.935 [info] Got 0 sessions for ...
2026-03-13 22:45:47.935 [info] Getting sessions for user:email...
2026-03-13 22:45:47.935 [info] Got 0 sessions for user:email...
2026-03-13 22:45:48.100 [info] Getting sessions for all scopes...
2026-03-13 22:45:48.101 [info] Got 0 sessions for ...
2026-03-13 22:45:48.101 [info] Getting sessions for user:email...
2026-03-13 22:45:48.101 [info] Got 0 sessions for user:email...
2026-03-13 22:45:48.545 [info] Getting sessions for all scopes...
2026-03-13 22:45:48.545 [info] Got 0 sessions for ...
2026-03-13 22:45:48.546 [info] Getting sessions for user:email...
2026-03-13 22:45:48.546 [info] Got 0 sessions for user:email...
2026-03-13 22:45:48.635 [info] Getting sessions for all scopes...
2026-03-13 22:45:48.635 [info] Got 0 sessions for ...
2026-03-13 22:45:48.635 [info] Getting sessions for user:email...
2026-03-13 22:45:48.635 [info] Got 0 sessions for user:email...
2026-03-13 22:45:49.341 [info] Getting sessions for all scopes...
2026-03-13 22:45:49.341 [info] Got 0 sessions for ...
2026-03-13 22:45:49.341 [info] Getting sessions for user:email...
2026-03-13 22:45:49.341 [info] Got 0 sessions for user:email...
2026-03-13 22:45:49.619 [info] Getting sessions for all scopes...
2026-03-13 22:45:49.619 [info] Got 0 sessions for ...
2026-03-13 22:45:49.619 [info] Getting sessions for user:email...
2026-03-13 22:45:49.619 [info] Got 0 sessions for user:email...
2026-03-13 22:45:49.719 [info] Getting sessions for all scopes...
2026-03-13 22:45:49.719 [info] Got 0 sessions for ...
2026-03-13 22:45:49.719 [info] Getting sessions for user:email...
2026-03-13 22:45:49.719 [info] Got 0 sessions for user:email...
2026-03-13 22:45:50.379 [info] Getting sessions for all scopes...
2026-03-13 22:45:50.379 [info] Got 0 sessions for ...
2026-03-13 22:45:50.380 [info] Getting sessions for user:email...
2026-03-13 22:45:50.380 [info] Got 0 sessions for user:email...
2026-03-13 22:45:51.043 [info] Getting sessions for all scopes...
2026-03-13 22:45:51.043 [info] Got 0 sessions for ...
2026-03-13 22:45:51.043 [info] Getting sessions for user:email...
2026-03-13 22:45:51.043 [info] Got 0 sessions for user:email...
2026-03-13 22:45:51.115 [info] Getting sessions for all scopes...
2026-03-13 22:45:51.115 [info] Got 0 sessions for ...
2026-03-13 22:45:51.116 [info] Getting sessions for user:email...
2026-03-13 22:45:51.116 [info] Got 0 sessions for user:email...
2026-03-13 22:45:51.187 [info] Getting sessions for all scopes...
2026-03-13 22:45:51.187 [info] Got 0 sessions for ...
2026-03-13 22:45:51.187 [info] Getting sessions for user:email...
2026-03-13 22:45:51.187 [info] Got 0 sessions for user:email...
2026-03-13 22:45:51.318 [info] Getting sessions for all scopes...
2026-03-13 22:45:51.318 [info] Got 0 sessions for ...
2026-03-13 22:45:51.318 [info] Getting sessions for user:email...
2026-03-13 22:45:51.318 [info] Got 0 sessions for user:email...
2026-03-13 22:45:51.433 [info] Getting sessions for all scopes...
2026-03-13 22:45:51.433 [info] Got 0 sessions for ...
2026-03-13 22:45:51.433 [info] Getting sessions for user:email...
2026-03-13 22:45:51.433 [info] Got 0 sessions for user:email...
2026-03-13 22:45:51.537 [info] Getting sessions for all scopes...
2026-03-13 22:45:51.537 [info] Got 0 sessions for ...
2026-03-13 22:45:51.537 [info] Getting sessions for user:email...
2026-03-13 22:45:51.537 [info] Got 0 sessions for user:email...
2026-03-13 22:45:52.209 [info] Getting sessions for all scopes...
2026-03-13 22:45:52.209 [info] Got 0 sessions for ...
2026-03-13 22:45:52.210 [info] Getting sessions for user:email...
2026-03-13 22:45:52.210 [info] Got 0 sessions for user:email...
2026-03-13 22:45:52.448 [info] Getting sessions for all scopes...
2026-03-13 22:45:52.448 [info] Got 0 sessions for ...
2026-03-13 22:45:52.449 [info] Getting sessions for user:email...
2026-03-13 22:45:52.449 [info] Got 0 sessions for user:email...
2026-03-13 22:45:53.646 [info] Getting sessions for all scopes...
2026-03-13 22:45:53.646 [info] Got 0 sessions for ...
2026-03-13 22:45:53.648 [info] Getting sessions for user:email...
2026-03-13 22:45:53.648 [info] Got 0 sessions for user:email...
2026-03-13 22:45:53.713 [info] Getting sessions for all scopes...
2026-03-13 22:45:53.713 [info] Got 0 sessions for ...
2026-03-13 22:45:53.716 [info] Getting sessions for user:email...
2026-03-13 22:45:53.716 [info] Got 0 sessions for user:email...
2026-03-13 22:45:53.799 [info] Getting sessions for all scopes...
2026-03-13 22:45:53.799 [info] Got 0 sessions for ...
2026-03-13 22:45:53.799 [info] Getting sessions for user:email...
2026-03-13 22:45:53.799 [info] Got 0 sessions for user:email...
2026-03-13 22:45:54.521 [info] Getting sessions for all scopes...
2026-03-13 22:45:54.521 [info] Got 0 sessions for ...
2026-03-13 22:45:54.523 [info] Getting sessions for user:email...
2026-03-13 22:45:54.523 [info] Got 0 sessions for user:email...
2026-03-13 22:45:58.290 [info] Getting sessions for all scopes...
2026-03-13 22:45:58.290 [info] Got 0 sessions for ...
2026-03-13 22:45:58.290 [info] Getting sessions for user:email...
2026-03-13 22:45:58.290 [info] Got 0 sessions for user:email...
2026-03-13 22:46:01.804 [info] Getting sessions for all scopes...
2026-03-13 22:46:01.804 [info] Got 0 sessions for ...
2026-03-13 22:46:01.806 [info] Getting sessions for user:email...
2026-03-13 22:46:01.806 [info] Got 0 sessions for user:email...
2026-03-13 22:46:06.800 [info] Getting sessions for all scopes...
2026-03-13 22:46:06.800 [info] Got 0 sessions for ...
2026-03-13 22:46:06.801 [info] Getting sessions for user:email...
2026-03-13 22:46:06.801 [info] Got 0 sessions for user:email...
2026-03-13 22:46:13.347 [info] Getting sessions for all scopes...
2026-03-13 22:46:13.347 [info] Got 0 sessions for ...
2026-03-13 22:46:13.347 [info] Getting sessions for user:email...
2026-03-13 22:46:13.347 [info] Got 0 sessions for user:email...
2026-03-13 22:46:18.344 [info] Getting sessions for all scopes...
2026-03-13 22:46:18.344 [info] Got 0 sessions for ...
2026-03-13 22:46:18.345 [info] Getting sessions for user:email...
2026-03-13 22:46:18.345 [info] Got 0 sessions for user:email...
2026-03-13 22:46:46.049 [info] Reading sessions from keychain...
2026-03-13 22:46:46.049 [info] Getting sessions for all scopes...
2026-03-13 22:46:46.049 [info] Got 0 sessions for ...
2026-03-13 22:46:46.049 [info] Getting sessions for all scopes...
2026-03-13 22:46:46.049 [info] Got 0 sessions for ...
2026-03-13 22:46:46.049 [info] Getting sessions for all scopes...
2026-03-13 22:46:46.049 [info] Got 0 sessions for ...
2026-03-13 22:46:46.049 [info] Getting sessions for all scopes...
2026-03-13 22:46:46.049 [info] Got 0 sessions for ...
2026-03-13 22:46:46.049 [info] Getting sessions for all scopes...
2026-03-13 22:46:46.049 [info] Got 0 sessions for ...
2026-03-13 22:46:46.049 [info] Getting sessions for all scopes...
2026-03-13 22:46:46.049 [info] Got 0 sessions for ...
2026-03-13 22:46:46.049 [info] Getting sessions for all scopes...
2026-03-13 22:46:46.049 [info] Got 0 sessions for ...
2026-03-13 22:46:46.053 [info] Getting sessions for user:email...
2026-03-13 22:46:46.053 [info] Got 0 sessions for user:email...
2026-03-13 22:46:46.053 [info] Getting sessions for read:user,repo,user:email,workflow...
2026-03-13 22:46:46.053 [info] Got 0 sessions for read:user,repo,user:email,workflow...
2026-03-13 22:46:46.058 [info] Getting sessions for all scopes...
2026-03-13 22:46:46.058 [info] Got 0 sessions for ...
2026-03-13 22:46:46.059 [info] Getting sessions for user:email...
2026-03-13 22:46:46.059 [info] Got 0 sessions for user:email...
2026-03-13 22:46:46.701 [info] Getting sessions for read:user,repo,user:email,workflow...
2026-03-13 22:46:46.701 [info] Got 0 sessions for read:user,repo,user:email,workflow...
2026-03-13 22:46:46.901 [info] Getting sessions for all scopes...
2026-03-13 22:46:46.901 [info] Got 0 sessions for ...
2026-03-13 22:46:46.901 [info] Getting sessions for all scopes...
2026-03-13 22:46:46.901 [info] Got 0 sessions for ...
2026-03-13 22:46:46.901 [info] Getting sessions for all scopes...
2026-03-13 22:46:46.901 [info] Got 0 sessions for ...
2026-03-13 22:46:47.287 [info] Getting sessions for user:email...
2026-03-13 22:46:47.287 [info] Got 0 sessions for user:email...
2026-03-13 22:46:47.287 [info] Getting sessions for read:user,repo,user:email,workflow...
2026-03-13 22:46:47.287 [info] Got 0 sessions for read:user,repo,user:email,workflow...
2026-03-13 22:46:47.318 [info] Getting sessions for all scopes...
2026-03-13 22:46:47.318 [info] Got 0 sessions for ...
2026-03-13 22:46:47.319 [info] Getting sessions for read:user,repo,user:email...
2026-03-13 22:46:47.319 [info] Got 0 sessions for read:user,repo,user:email...
2026-03-13 22:46:47.321 [info] Getting sessions for read:user,repo,user:email,workflow...
2026-03-13 22:46:47.321 [info] Got 0 sessions for read:user,repo,user:email,workflow...
2026-03-13 22:46:47.328 [info] Getting sessions for read:user,repo,user:email...
2026-03-13 22:46:47.328 [info] Got 0 sessions for read:user,repo,user:email...
2026-03-13 22:46:49.094 [info] Getting sessions for all scopes...
2026-03-13 22:46:49.094 [info] Got 0 sessions for ...
2026-03-13 22:47:05.920 [info] Getting sessions for all scopes...
2026-03-13 22:47:05.920 [info] Got 0 sessions for ...
2026-03-13 22:47:05.921 [info] Getting sessions for user:email...
2026-03-13 22:47:05.921 [info] Got 0 sessions for user:email...
2026-03-13 22:47:06.017 [info] Getting sessions for all scopes...
2026-03-13 22:47:06.017 [info] Got 0 sessions for ...
2026-03-13 22:47:06.018 [info] Getting sessions for all scopes...
2026-03-13 22:47:06.018 [info] Got 0 sessions for ...
2026-03-13 22:47:06.533 [info] Getting sessions for all scopes...
2026-03-13 22:47:06.533 [info] Got 0 sessions for ...
2026-03-13 22:47:06.533 [info] Getting sessions for user:email...
2026-03-13 22:47:06.533 [info] Got 0 sessions for user:email...
2026-03-13 22:47:06.587 [info] Getting sessions for all scopes...
2026-03-13 22:47:06.587 [info] Got 0 sessions for ...
2026-03-13 22:47:06.588 [info] Getting sessions for user:email...
2026-03-13 22:47:06.588 [info] Got 0 sessions for user:email...
2026-03-13 22:47:06.892 [info] Getting sessions for all scopes...
2026-03-13 22:47:06.892 [info] Got 0 sessions for ...
2026-03-13 22:47:06.893 [info] Getting sessions for user:email...
2026-03-13 22:47:06.893 [info] Got 0 sessions for user:email...
2026-03-13 22:47:07.244 [info] Getting sessions for all scopes...
2026-03-13 22:47:07.244 [info] Got 0 sessions for ...
2026-03-13 22:47:07.244 [info] Getting sessions for user:email...
2026-03-13 22:47:07.244 [info] Got 0 sessions for user:email...
2026-03-13 22:47:07.303 [info] Getting sessions for all scopes...
2026-03-13 22:47:07.304 [info] Got 0 sessions for ...
2026-03-13 22:47:07.304 [info] Getting sessions for user:email...
2026-03-13 22:47:07.304 [info] Got 0 sessions for user:email...
2026-03-13 22:47:07.941 [info] Getting sessions for all scopes...
2026-03-13 22:47:07.941 [info] Got 0 sessions for ...
2026-03-13 22:47:07.942 [info] Getting sessions for user:email...
2026-03-13 22:47:07.942 [info] Got 0 sessions for user:email...
2026-03-13 22:47:08.014 [info] Getting sessions for all scopes...
2026-03-13 22:47:08.014 [info] Got 0 sessions for ...
2026-03-13 22:47:08.015 [info] Getting sessions for user:email...
2026-03-13 22:47:08.015 [info] Got 0 sessions for user:email...
2026-03-13 22:47:08.186 [info] Getting sessions for all scopes...
2026-03-13 22:47:08.186 [info] Got 0 sessions for ...
2026-03-13 22:47:08.187 [info] Getting sessions for user:email...
2026-03-13 22:47:08.187 [info] Got 0 sessions for user:email...
2026-03-13 22:47:08.291 [info] Getting sessions for all scopes...
2026-03-13 22:47:08.291 [info] Got 0 sessions for ...
2026-03-13 22:47:08.291 [info] Getting sessions for user:email...
2026-03-13 22:47:08.291 [info] Got 0 sessions for user:email...
2026-03-13 22:47:11.629 [info] Getting sessions for all scopes...
2026-03-13 22:47:11.629 [info] Got 0 sessions for ...
2026-03-13 22:47:11.630 [info] Getting sessions for user:email...
2026-03-13 22:47:11.630 [info] Got 0 sessions for user:email...
2026-03-13 22:47:11.761 [info] Getting sessions for all scopes...
2026-03-13 22:47:11.761 [info] Got 0 sessions for ...
2026-03-13 22:47:11.762 [info] Getting sessions for user:email...
2026-03-13 22:47:11.762 [info] Got 0 sessions for user:email...
2026-03-13 22:47:11.801 [info] Getting sessions for all scopes...
2026-03-13 22:47:11.801 [info] Got 0 sessions for ...
2026-03-13 22:47:11.801 [info] Getting sessions for user:email...
2026-03-13 22:47:11.802 [info] Got 0 sessions for user:email...
2026-03-13 22:47:12.358 [info] Getting sessions for all scopes...
2026-03-13 22:47:12.358 [info] Got 0 sessions for ...
2026-03-13 22:47:12.358 [info] Getting sessions for user:email...
2026-03-13 22:47:12.358 [info] Got 0 sessions for user:email...
2026-03-13 22:47:12.512 [info] Getting sessions for all scopes...
2026-03-13 22:47:12.512 [info] Got 0 sessions for ...
2026-03-13 22:47:12.514 [info] Getting sessions for user:email...
2026-03-13 22:47:12.514 [info] Got 0 sessions for user:email...
2026-03-13 22:47:13.216 [info] Getting sessions for all scopes...
2026-03-13 22:47:13.216 [info] Got 0 sessions for ...
2026-03-13 22:47:13.217 [info] Getting sessions for user:email...
2026-03-13 22:47:13.217 [info] Got 0 sessions for user:email...
2026-03-13 22:47:13.396 [info] Getting sessions for all scopes...
2026-03-13 22:47:13.396 [info] Got 0 sessions for ...
2026-03-13 22:47:13.399 [info] Getting sessions for user:email...
2026-03-13 22:47:13.399 [info] Got 0 sessions for user:email...
2026-03-13 22:47:13.850 [info] Getting sessions for all scopes...
2026-03-13 22:47:13.850 [info] Got 0 sessions for ...
2026-03-13 22:47:13.851 [info] Getting sessions for user:email...
2026-03-13 22:47:13.851 [info] Got 0 sessions for user:email...
2026-03-13 22:47:15.086 [info] Getting sessions for all scopes...
2026-03-13 22:47:15.086 [info] Got 0 sessions for ...
2026-03-13 22:47:15.087 [info] Getting sessions for user:email...
2026-03-13 22:47:15.087 [info] Got 0 sessions for user:email...
2026-03-13 22:47:15.208 [info] Getting sessions for all scopes...
2026-03-13 22:47:15.208 [info] Got 0 sessions for ...
2026-03-13 22:47:15.208 [info] Getting sessions for user:email...
2026-03-13 22:47:15.208 [info] Got 0 sessions for user:email...
2026-03-13 22:47:15.369 [info] Getting sessions for all scopes...
2026-03-13 22:47:15.369 [info] Got 0 sessions for ...
2026-03-13 22:47:15.370 [info] Getting sessions for user:email...
2026-03-13 22:47:15.370 [info] Got 0 sessions for user:email...
2026-03-13 22:47:15.503 [info] Getting sessions for all scopes...
2026-03-13 22:47:15.503 [info] Got 0 sessions for ...
2026-03-13 22:47:15.504 [info] Getting sessions for user:email...
2026-03-13 22:47:15.504 [info] Got 0 sessions for user:email...
2026-03-13 22:47:15.684 [info] Getting sessions for all scopes...
2026-03-13 22:47:15.684 [info] Got 0 sessions for ...
2026-03-13 22:47:15.684 [info] Getting sessions for user:email...
2026-03-13 22:47:15.684 [info] Got 0 sessions for user:email...
2026-03-13 22:47:16.100 [info] Getting sessions for all scopes...
2026-03-13 22:47:16.100 [info] Got 0 sessions for ...
2026-03-13 22:47:16.101 [info] Getting sessions for user:email...
2026-03-13 22:47:16.101 [info] Got 0 sessions for user:email...
2026-03-13 22:47:17.255 [info] Getting sessions for all scopes...
2026-03-13 22:47:17.255 [info] Got 0 sessions for ...
2026-03-13 22:47:17.257 [info] Getting sessions for user:email...
2026-03-13 22:47:17.257 [info] Got 0 sessions for user:email...
2026-03-13 22:47:17.384 [info] Getting sessions for all scopes...
2026-03-13 22:47:17.384 [info] Got 0 sessions for ...
2026-03-13 22:47:17.384 [info] Getting sessions for user:email...
2026-03-13 22:47:17.384 [info] Got 0 sessions for user:email...
2026-03-13 22:47:17.634 [info] Getting sessions for all scopes...
2026-03-13 22:47:17.634 [info] Got 0 sessions for ...
2026-03-13 22:47:17.634 [info] Getting sessions for user:email...
2026-03-13 22:47:17.634 [info] Got 0 sessions for user:email...
2026-03-13 22:47:17.987 [info] Getting sessions for all scopes...
2026-03-13 22:47:17.987 [info] Got 0 sessions for ...
2026-03-13 22:47:17.992 [info] Getting sessions for user:email...
2026-03-13 22:47:17.992 [info] Got 0 sessions for user:email...
2026-03-13 22:47:23.017 [info] Getting sessions for all scopes...
2026-03-13 22:47:23.017 [info] Got 0 sessions for ...
2026-03-13 22:47:23.018 [info] Getting sessions for user:email...
2026-03-13 22:47:23.018 [info] Got 0 sessions for user:email...
2026-03-13 22:47:23.074 [info] Getting sessions for all scopes...
2026-03-13 22:47:23.074 [info] Got 0 sessions for ...
2026-03-13 22:47:23.074 [info] Getting sessions for user:email...
2026-03-13 22:47:23.074 [info] Got 0 sessions for user:email...
2026-03-13 22:47:23.094 [info] Getting sessions for all scopes...
2026-03-13 22:47:23.094 [info] Got 0 sessions for ...
2026-03-13 22:47:23.095 [info] Getting sessions for user:email...
2026-03-13 22:47:23.095 [info] Got 0 sessions for user:email...
2026-03-13 22:47:23.227 [info] Getting sessions for all scopes...
2026-03-13 22:47:23.227 [info] Got 0 sessions for ...
2026-03-13 22:47:23.228 [info] Getting sessions for user:email...
2026-03-13 22:47:23.228 [info] Got 0 sessions for user:email...
2026-03-13 22:47:23.611 [info] Getting sessions for all scopes...
2026-03-13 22:47:23.611 [info] Got 0 sessions for ...
2026-03-13 22:47:23.611 [info] Getting sessions for user:email...
2026-03-13 22:47:23.611 [info] Got 0 sessions for user:email...
2026-03-13 22:47:23.746 [info] Getting sessions for all scopes...
2026-03-13 22:47:23.746 [info] Got 0 sessions for ...
2026-03-13 22:47:23.747 [info] Getting sessions for user:email...
2026-03-13 22:47:23.747 [info] Got 0 sessions for user:email...
2026-03-13 22:47:24.018 [info] Getting sessions for all scopes...
2026-03-13 22:47:24.018 [info] Got 0 sessions for ...
2026-03-13 22:47:24.019 [info] Getting sessions for user:email...
2026-03-13 22:47:24.019 [info] Got 0 sessions for user:email...
2026-03-13 22:47:24.161 [info] Getting sessions for all scopes...
2026-03-13 22:47:24.161 [info] Got 0 sessions for ...
2026-03-13 22:47:24.162 [info] Getting sessions for user:email...
2026-03-13 22:47:24.162 [info] Got 0 sessions for user:email...
2026-03-13 22:47:25.050 [info] Getting sessions for all scopes...
2026-03-13 22:47:25.050 [info] Got 0 sessions for ...
2026-03-13 22:47:25.050 [info] Getting sessions for user:email...
2026-03-13 22:47:25.050 [info] Got 0 sessions for user:email...
2026-03-13 22:47:25.254 [info] Getting sessions for all scopes...
2026-03-13 22:47:25.254 [info] Got 0 sessions for ...
2026-03-13 22:47:25.258 [info] Getting sessions for user:email...
2026-03-13 22:47:25.258 [info] Got 0 sessions for user:email...
2026-03-13 22:47:25.634 [info] Getting sessions for all scopes...
2026-03-13 22:47:25.634 [info] Got 0 sessions for ...
2026-03-13 22:47:25.635 [info] Getting sessions for user:email...
2026-03-13 22:47:25.635 [info] Got 0 sessions for user:email...
2026-03-13 22:47:25.776 [info] Getting sessions for all scopes...
2026-03-13 22:47:25.776 [info] Got 0 sessions for ...
2026-03-13 22:47:25.777 [info] Getting sessions for user:email...
2026-03-13 22:47:25.777 [info] Got 0 sessions for user:email...
2026-03-13 22:47:26.467 [info] Getting sessions for all scopes...
2026-03-13 22:47:26.467 [info] Got 0 sessions for ...
2026-03-13 22:47:26.468 [info] Getting sessions for user:email...
2026-03-13 22:47:26.468 [info] Got 0 sessions for user:email...
2026-03-13 22:47:26.901 [info] Getting sessions for all scopes...
2026-03-13 22:47:26.901 [info] Got 0 sessions for ...
2026-03-13 22:47:26.902 [info] Getting sessions for user:email...
2026-03-13 22:47:26.902 [info] Got 0 sessions for user:email...
2026-03-13 22:47:26.961 [info] Getting sessions for all scopes...
2026-03-13 22:47:26.961 [info] Got 0 sessions for ...
2026-03-13 22:47:26.961 [info] Getting sessions for user:email...
2026-03-13 22:47:26.961 [info] Got 0 sessions for user:email...
2026-03-13 22:47:31.968 [info] Getting sessions for all scopes...
2026-03-13 22:47:31.968 [info] Got 0 sessions for ...
2026-03-13 22:47:31.969 [info] Getting sessions for user:email...
2026-03-13 22:47:31.969 [info] Got 0 sessions for user:email...
2026-03-13 22:47:36.416 [info] Getting sessions for all scopes...
2026-03-13 22:47:36.417 [info] Got 0 sessions for ...
2026-03-13 22:47:36.417 [info] Getting sessions for user:email...
2026-03-13 22:47:36.417 [info] Got 0 sessions for user:email...
2026-03-13 22:47:37.506 [info] Getting sessions for all scopes...
2026-03-13 22:47:37.506 [info] Got 0 sessions for ...
2026-03-13 22:47:37.508 [info] Getting sessions for user:email...
2026-03-13 22:47:37.508 [info] Got 0 sessions for user:email...
2026-03-13 22:47:37.568 [info] Getting sessions for all scopes...
2026-03-13 22:47:37.568 [info] Got 0 sessions for ...
2026-03-13 22:47:37.569 [info] Getting sessions for user:email...
2026-03-13 22:47:37.569 [info] Got 0 sessions for user:email...
2026-03-13 22:47:37.685 [info] Getting sessions for all scopes...
2026-03-13 22:47:37.685 [info] Got 0 sessions for ...
2026-03-13 22:47:37.685 [info] Getting sessions for user:email...
2026-03-13 22:47:37.685 [info] Got 0 sessions for user:email...
2026-03-13 22:47:37.779 [info] Getting sessions for all scopes...
2026-03-13 22:47:37.779 [info] Got 0 sessions for ...
2026-03-13 22:47:37.779 [info] Getting sessions for user:email...
2026-03-13 22:47:37.779 [info] Got 0 sessions for user:email...
2026-03-13 22:47:38.332 [info] Getting sessions for all scopes...
2026-03-13 22:47:38.332 [info] Got 0 sessions for ...
2026-03-13 22:47:38.333 [info] Getting sessions for user:email...
2026-03-13 22:47:38.333 [info] Got 0 sessions for user:email...
2026-03-13 22:47:38.387 [info] Getting sessions for all scopes...
2026-03-13 22:47:38.387 [info] Got 0 sessions for ...
2026-03-13 22:47:38.388 [info] Getting sessions for user:email...
2026-03-13 22:47:38.388 [info] Got 0 sessions for user:email...
2026-03-13 22:47:38.596 [info] Getting sessions for all scopes...
2026-03-13 22:47:38.596 [info] Got 0 sessions for ...
2026-03-13 22:47:38.596 [info] Getting sessions for user:email...
2026-03-13 22:47:38.596 [info] Got 0 sessions for user:email...
2026-03-13 22:47:40.080 [info] Getting sessions for all scopes...
2026-03-13 22:47:40.080 [info] Got 0 sessions for ...
2026-03-13 22:47:40.083 [info] Getting sessions for user:email...
2026-03-13 22:47:40.083 [info] Got 0 sessions for user:email...
2026-03-13 22:47:40.188 [info] Getting sessions for all scopes...
2026-03-13 22:47:40.188 [info] Got 0 sessions for ...
2026-03-13 22:47:40.192 [info] Getting sessions for user:email...
2026-03-13 22:47:40.192 [info] Got 0 sessions for user:email...
2026-03-13 22:47:40.334 [info] Getting sessions for all scopes...
2026-03-13 22:47:40.335 [info] Got 0 sessions for ...
2026-03-13 22:47:40.335 [info] Getting sessions for user:email...
2026-03-13 22:47:40.335 [info] Got 0 sessions for user:email...
2026-03-13 22:47:40.510 [info] Getting sessions for all scopes...
2026-03-13 22:47:40.510 [info] Got 0 sessions for ...
2026-03-13 22:47:40.510 [info] Getting sessions for user:email...
2026-03-13 22:47:40.510 [info] Got 0 sessions for user:email...
2026-03-13 22:47:40.594 [info] Getting sessions for all scopes...
2026-03-13 22:47:40.594 [info] Got 0 sessions for ...
2026-03-13 22:47:40.594 [info] Getting sessions for user:email...
2026-03-13 22:47:40.594 [info] Got 0 sessions for user:email...
2026-03-13 22:47:42.081 [info] Getting sessions for all scopes...
2026-03-13 22:47:42.081 [info] Got 0 sessions for ...
2026-03-13 22:47:42.082 [info] Getting sessions for user:email...
2026-03-13 22:47:42.082 [info] Got 0 sessions for user:email...
2026-03-13 22:47:42.164 [info] Getting sessions for all scopes...
2026-03-13 22:47:42.164 [info] Got 0 sessions for ...
2026-03-13 22:47:42.165 [info] Getting sessions for user:email...
2026-03-13 22:47:42.165 [info] Got 0 sessions for user:email...
2026-03-13 22:47:42.652 [info] Getting sessions for all scopes...
2026-03-13 22:47:42.652 [info] Got 0 sessions for ...
2026-03-13 22:47:42.652 [info] Getting sessions for user:email...
2026-03-13 22:47:42.652 [info] Got 0 sessions for user:email...
2026-03-13 22:47:42.765 [info] Getting sessions for all scopes...
2026-03-13 22:47:42.765 [info] Got 0 sessions for ...
2026-03-13 22:47:42.766 [info] Getting sessions for user:email...
2026-03-13 22:47:42.766 [info] Got 0 sessions for user:email...
2026-03-13 22:47:42.912 [info] Getting sessions for all scopes...
2026-03-13 22:47:42.912 [info] Got 0 sessions for ...
2026-03-13 22:47:42.912 [info] Getting sessions for user:email...
2026-03-13 22:47:42.912 [info] Got 0 sessions for user:email...
2026-03-13 22:47:43.046 [info] Getting sessions for all scopes...
2026-03-13 22:47:43.046 [info] Got 0 sessions for ...
2026-03-13 22:47:43.049 [info] Getting sessions for user:email...
2026-03-13 22:47:43.049 [info] Got 0 sessions for user:email...
2026-03-13 22:47:43.168 [info] Getting sessions for all scopes...
2026-03-13 22:47:43.168 [info] Got 0 sessions for ...
2026-03-13 22:47:43.168 [info] Getting sessions for user:email...
2026-03-13 22:47:43.169 [info] Got 0 sessions for user:email...
2026-03-13 22:47:43.350 [info] Getting sessions for all scopes...
2026-03-13 22:47:43.350 [info] Got 0 sessions for ...
2026-03-13 22:47:43.351 [info] Getting sessions for user:email...
2026-03-13 22:47:43.351 [info] Got 0 sessions for user:email...
2026-03-13 22:47:43.484 [info] Getting sessions for all scopes...
2026-03-13 22:47:43.484 [info] Got 0 sessions for ...
2026-03-13 22:47:43.485 [info] Getting sessions for user:email...
2026-03-13 22:47:43.485 [info] Got 0 sessions for user:email...
2026-03-13 22:47:43.548 [info] Getting sessions for all scopes...
2026-03-13 22:47:43.548 [info] Got 0 sessions for ...
2026-03-13 22:47:43.549 [info] Getting sessions for user:email...
2026-03-13 22:47:43.549 [info] Got 0 sessions for user:email...
2026-03-13 22:47:43.643 [info] Getting sessions for all scopes...
2026-03-13 22:47:43.643 [info] Got 0 sessions for ...
2026-03-13 22:47:43.643 [info] Getting sessions for user:email...
2026-03-13 22:47:43.643 [info] Got 0 sessions for user:email...
2026-03-13 22:47:44.302 [info] Getting sessions for all scopes...
2026-03-13 22:47:44.302 [info] Got 0 sessions for ...
2026-03-13 22:47:44.303 [info] Getting sessions for user:email...
2026-03-13 22:47:44.303 [info] Got 0 sessions for user:email...
2026-03-13 22:47:44.395 [info] Getting sessions for all scopes...
2026-03-13 22:47:44.395 [info] Got 0 sessions for ...
2026-03-13 22:47:44.395 [info] Getting sessions for user:email...
2026-03-13 22:47:44.395 [info] Got 0 sessions for user:email...
2026-03-13 22:47:44.508 [info] Getting sessions for all scopes...
2026-03-13 22:47:44.508 [info] Got 0 sessions for ...
2026-03-13 22:47:44.509 [info] Getting sessions for user:email...
2026-03-13 22:47:44.509 [info] Got 0 sessions for user:email...
2026-03-13 22:47:45.019 [info] Getting sessions for all scopes...
2026-03-13 22:47:45.019 [info] Got 0 sessions for ...
2026-03-13 22:47:45.020 [info] Getting sessions for user:email...
2026-03-13 22:47:45.020 [info] Got 0 sessions for user:email...
2026-03-13 22:47:45.283 [info] Getting sessions for all scopes...
2026-03-13 22:47:45.283 [info] Got 0 sessions for ...
2026-03-13 22:47:45.283 [info] Getting sessions for user:email...
2026-03-13 22:47:45.283 [info] Got 0 sessions for user:email...
2026-03-13 22:47:45.708 [info] Getting sessions for all scopes...
2026-03-13 22:47:45.708 [info] Got 0 sessions for ...
2026-03-13 22:47:45.709 [info] Getting sessions for user:email...
2026-03-13 22:47:45.709 [info] Got 0 sessions for user:email...
2026-03-13 22:47:46.210 [info] Getting sessions for all scopes...
2026-03-13 22:47:46.210 [info] Got 0 sessions for ...
2026-03-13 22:47:46.211 [info] Getting sessions for user:email...
2026-03-13 22:47:46.211 [info] Got 0 sessions for user:email...
2026-03-13 22:47:46.292 [info] Getting sessions for all scopes...
2026-03-13 22:47:46.292 [info] Got 0 sessions for ...
2026-03-13 22:47:46.292 [info] Getting sessions for user:email...
2026-03-13 22:47:46.292 [info] Got 0 sessions for user:email...
2026-03-13 22:47:46.374 [info] Getting sessions for all scopes...
2026-03-13 22:47:46.374 [info] Got 0 sessions for ...
2026-03-13 22:47:46.374 [info] Getting sessions for user:email...
2026-03-13 22:47:46.374 [info] Got 0 sessions for user:email...
2026-03-13 22:47:46.457 [info] Getting sessions for all scopes...
2026-03-13 22:47:46.457 [info] Got 0 sessions for ...
2026-03-13 22:47:46.458 [info] Getting sessions for user:email...
2026-03-13 22:47:46.458 [info] Got 0 sessions for user:email...
2026-03-13 22:47:46.540 [info] Getting sessions for all scopes...
2026-03-13 22:47:46.540 [info] Got 0 sessions for ...
2026-03-13 22:47:46.541 [info] Getting sessions for user:email...
2026-03-13 22:47:46.541 [info] Got 0 sessions for user:email...
2026-03-13 22:47:46.626 [info] Getting sessions for all scopes...
2026-03-13 22:47:46.626 [info] Got 0 sessions for ...
2026-03-13 22:47:46.626 [info] Getting sessions for user:email...
2026-03-13 22:47:46.626 [info] Got 0 sessions for user:email...
2026-03-13 22:47:46.710 [info] Getting sessions for all scopes...
2026-03-13 22:47:46.710 [info] Got 0 sessions for ...
2026-03-13 22:47:46.710 [info] Getting sessions for user:email...
2026-03-13 22:47:46.710 [info] Got 0 sessions for user:email...
2026-03-13 22:47:46.792 [info] Getting sessions for all scopes...
2026-03-13 22:47:46.792 [info] Got 0 sessions for ...
2026-03-13 22:47:46.792 [info] Getting sessions for user:email...
2026-03-13 22:47:46.792 [info] Got 0 sessions for user:email...
2026-03-13 22:47:46.878 [info] Getting sessions for all scopes...
2026-03-13 22:47:46.878 [info] Got 0 sessions for ...
2026-03-13 22:47:46.878 [info] Getting sessions for user:email...
2026-03-13 22:47:46.878 [info] Got 0 sessions for user:email...
2026-03-13 22:47:46.964 [info] Getting sessions for all scopes...
2026-03-13 22:47:46.964 [info] Got 0 sessions for ...
2026-03-13 22:47:46.965 [info] Getting sessions for user:email...
2026-03-13 22:47:46.965 [info] Got 0 sessions for user:email...
2026-03-13 22:47:47.044 [info] Getting sessions for all scopes...
2026-03-13 22:47:47.044 [info] Got 0 sessions for ...
2026-03-13 22:47:47.044 [info] Getting sessions for user:email...
2026-03-13 22:47:47.044 [info] Got 0 sessions for user:email...
2026-03-13 22:47:47.128 [info] Getting sessions for all scopes...
2026-03-13 22:47:47.129 [info] Got 0 sessions for ...
2026-03-13 22:47:47.129 [info] Getting sessions for user:email...
2026-03-13 22:47:47.129 [info] Got 0 sessions for user:email...
2026-03-13 22:47:47.899 [info] Getting sessions for all scopes...
2026-03-13 22:47:47.899 [info] Got 0 sessions for ...
2026-03-13 22:47:47.899 [info] Getting sessions for user:email...
2026-03-13 22:47:47.899 [info] Got 0 sessions for user:email...
2026-03-13 22:47:48.009 [info] Getting sessions for all scopes...
2026-03-13 22:47:48.009 [info] Got 0 sessions for ...
2026-03-13 22:47:48.010 [info] Getting sessions for user:email...
2026-03-13 22:47:48.010 [info] Got 0 sessions for user:email...
2026-03-13 22:47:48.165 [info] Getting sessions for all scopes...
2026-03-13 22:47:48.165 [info] Got 0 sessions for ...
2026-03-13 22:47:48.165 [info] Getting sessions for user:email...
2026-03-13 22:47:48.165 [info] Got 0 sessions for user:email...
2026-03-13 22:47:48.469 [info] Getting sessions for all scopes...
2026-03-13 22:47:48.469 [info] Got 0 sessions for ...
2026-03-13 22:47:48.470 [info] Getting sessions for user:email...
2026-03-13 22:47:48.470 [info] Got 0 sessions for user:email...
2026-03-13 22:47:53.477 [info] Getting sessions for all scopes...
2026-03-13 22:47:53.477 [info] Got 0 sessions for ...
2026-03-13 22:47:53.478 [info] Getting sessions for user:email...
2026-03-13 22:47:53.478 [info] Got 0 sessions for user:email...
2026-03-13 22:49:38.661 [info] Getting sessions for all scopes...
2026-03-13 22:49:38.661 [info] Got 0 sessions for ...
2026-03-13 22:49:38.662 [info] Getting sessions for read:user,repo,user:email,workflow...
2026-03-13 22:49:38.662 [info] Got 0 sessions for read:user,repo,user:email,workflow...
2026-03-13 22:54:34.705 [info] Getting sessions for all scopes...
2026-03-13 22:54:34.708 [info] Got 0 sessions for ...
2026-03-13 22:54:34.709 [info] Getting sessions for user:email...
2026-03-13 22:54:34.709 [info] Got 0 sessions for user:email...
2026-03-13 22:54:36.036 [info] Getting sessions for all scopes...
2026-03-13 22:54:36.036 [info] Got 0 sessions for ...
2026-03-13 22:54:36.043 [info] Getting sessions for user:email...
2026-03-13 22:54:36.043 [info] Got 0 sessions for user:email...
2026-03-13 22:54:36.471 [info] Getting sessions for all scopes...
2026-03-13 22:54:36.471 [info] Got 0 sessions for ...
2026-03-13 22:54:36.475 [info] Getting sessions for user:email...
2026-03-13 22:54:36.475 [info] Got 0 sessions for user:email...
2026-03-13 22:54:41.472 [info] Getting sessions for all scopes...
2026-03-13 22:54:41.472 [info] Got 0 sessions for ...
2026-03-13 22:54:41.473 [info] Getting sessions for user:email...
2026-03-13 22:54:41.473 [info] Got 0 sessions for user:email...
2026-03-13 22:54:41.904 [info] Getting sessions for all scopes...
2026-03-13 22:54:41.904 [info] Got 0 sessions for ...
2026-03-13 22:54:41.906 [info] Getting sessions for user:email...
2026-03-13 22:54:41.906 [info] Got 0 sessions for user:email...
2026-03-13 22:54:46.897 [info] Getting sessions for all scopes...
2026-03-13 22:54:46.897 [info] Got 0 sessions for ...
2026-03-13 22:54:46.898 [info] Getting sessions for user:email...
2026-03-13 22:54:46.898 [info] Got 0 sessions for user:email...
2026-03-13 22:54:49.101 [info] Getting sessions for all scopes...
2026-03-13 22:54:49.101 [info] Got 0 sessions for ...
2026-03-13 22:54:49.101 [info] Getting sessions for user:email...
2026-03-13 22:54:49.101 [info] Got 0 sessions for user:email...
2026-03-13 22:54:49.460 [info] Getting sessions for all scopes...
2026-03-13 22:54:49.460 [info] Got 0 sessions for ...
2026-03-13 22:54:49.461 [info] Getting sessions for user:email...
2026-03-13 22:54:49.461 [info] Got 0 sessions for user:email...
2026-03-13 22:54:52.314 [info] Getting sessions for all scopes...
2026-03-13 22:54:52.314 [info] Got 0 sessions for ...
2026-03-13 22:54:52.315 [info] Getting sessions for user:email...
2026-03-13 22:54:52.315 [info] Got 0 sessions for user:email...
2026-03-13 22:54:55.028 [info] Getting sessions for all scopes...
2026-03-13 22:54:55.028 [info] Got 0 sessions for ...
2026-03-13 22:54:55.031 [info] Getting sessions for user:email...
2026-03-13 22:54:55.031 [info] Got 0 sessions for user:email...
2026-03-13 22:54:57.813 [info] Getting sessions for all scopes...
2026-03-13 22:54:57.813 [info] Got 0 sessions for ...
2026-03-13 22:54:57.814 [info] Getting sessions for user:email...
2026-03-13 22:54:57.814 [info] Got 0 sessions for user:email...
2026-03-13 22:54:58.276 [info] Getting sessions for all scopes...
2026-03-13 22:54:58.276 [info] Got 0 sessions for ...
2026-03-13 22:54:58.276 [info] Getting sessions for user:email...
2026-03-13 22:54:58.276 [info] Got 0 sessions for user:email...
2026-03-13 22:55:03.279 [info] Getting sessions for all scopes...
2026-03-13 22:55:03.279 [info] Got 0 sessions for ...
2026-03-13 22:55:03.280 [info] Getting sessions for user:email...
2026-03-13 22:55:03.280 [info] Got 0 sessions for user:email...
2026-03-13 22:55:11.093 [info] Reading sessions from keychain...
2026-03-13 22:55:11.093 [info] Getting sessions for all scopes...
2026-03-13 22:55:11.093 [info] Got 0 sessions for ...
2026-03-13 22:55:11.093 [info] Getting sessions for all scopes...
2026-03-13 22:55:11.093 [info] Got 0 sessions for ...
2026-03-13 22:55:11.093 [info] Getting sessions for all scopes...
2026-03-13 22:55:11.093 [info] Got 0 sessions for ...
2026-03-13 22:55:11.093 [info] Getting sessions for all scopes...
2026-03-13 22:55:11.093 [info] Got 0 sessions for ...
2026-03-13 22:55:11.093 [info] Getting sessions for all scopes...
2026-03-13 22:55:11.093 [info] Got 0 sessions for ...
2026-03-13 22:55:11.093 [info] Getting sessions for all scopes...
2026-03-13 22:55:11.093 [info] Got 0 sessions for ...
2026-03-13 22:55:11.093 [info] Getting sessions for all scopes...
2026-03-13 22:55:11.093 [info] Got 0 sessions for ...
2026-03-13 22:55:11.095 [info] Getting sessions for user:email...
2026-03-13 22:55:11.095 [info] Got 0 sessions for user:email...
2026-03-13 22:55:11.095 [info] Getting sessions for read:user,repo,user:email,workflow...
2026-03-13 22:55:11.095 [info] Got 0 sessions for read:user,repo,user:email,workflow...
2026-03-13 22:55:11.100 [info] Getting sessions for all scopes...
2026-03-13 22:55:11.100 [info] Got 0 sessions for ...
2026-03-13 22:55:11.101 [info] Getting sessions for user:email...
2026-03-13 22:55:11.101 [info] Got 0 sessions for user:email...
2026-03-13 22:55:11.681 [info] Getting sessions for read:user,repo,user:email,workflow...
2026-03-13 22:55:11.681 [info] Got 0 sessions for read:user,repo,user:email,workflow...
2026-03-13 22:55:11.989 [info] Getting sessions for all scopes...
2026-03-13 22:55:11.989 [info] Got 0 sessions for ...
2026-03-13 22:55:11.989 [info] Getting sessions for all scopes...
2026-03-13 22:55:11.989 [info] Got 0 sessions for ...
2026-03-13 22:55:11.989 [info] Getting sessions for all scopes...
2026-03-13 22:55:11.989 [info] Got 0 sessions for ...
2026-03-13 22:55:12.263 [info] Getting sessions for user:email...
2026-03-13 22:55:12.263 [info] Got 0 sessions for user:email...
2026-03-13 22:55:12.263 [info] Getting sessions for read:user,repo,user:email,workflow...
2026-03-13 22:55:12.263 [info] Got 0 sessions for read:user,repo,user:email,workflow...
2026-03-13 22:55:12.278 [info] Getting sessions for read:user,repo,user:email...
2026-03-13 22:55:12.278 [info] Got 0 sessions for read:user,repo,user:email...
2026-03-13 22:55:12.280 [info] Getting sessions for all scopes...
2026-03-13 22:55:12.280 [info] Got 0 sessions for ...
2026-03-13 22:55:12.286 [info] Getting sessions for read:user,repo,user:email,workflow...
2026-03-13 22:55:12.286 [info] Got 0 sessions for read:user,repo,user:email,workflow...
2026-03-13 22:55:12.293 [info] Getting sessions for read:user,repo,user:email...
2026-03-13 22:55:12.293 [info] Got 0 sessions for read:user,repo,user:email...
2026-03-13 22:55:12.848 [info] Getting sessions for all scopes...
2026-03-13 22:55:12.850 [info] Got 0 sessions for ...
2026-03-13 22:55:17.408 [info] Getting sessions for all scopes...
2026-03-13 22:55:17.408 [info] Got 0 sessions for ...
2026-03-13 22:55:17.411 [info] Getting sessions for user:email...
2026-03-13 22:55:17.411 [info] Got 0 sessions for user:email...
2026-03-13 22:55:17.508 [info] Getting sessions for all scopes...
2026-03-13 22:55:17.508 [info] Got 0 sessions for ...
2026-03-13 22:55:17.508 [info] Getting sessions for all scopes...
2026-03-13 22:55:17.508 [info] Got 0 sessions for ...
2026-03-13 22:55:17.508 [info] Getting sessions for all scopes...
2026-03-13 22:55:17.508 [info] Got 0 sessions for ...
2026-03-13 22:55:17.509 [info] Getting sessions for user:email...
2026-03-13 22:55:17.509 [info] Got 0 sessions for user:email...
2026-03-13 22:55:17.644 [info] Getting sessions for all scopes...
2026-03-13 22:55:17.644 [info] Got 0 sessions for ...
2026-03-13 22:55:17.649 [info] Getting sessions for user:email...
2026-03-13 22:55:17.649 [info] Got 0 sessions for user:email...
2026-03-13 22:55:17.757 [info] Getting sessions for all scopes...
2026-03-13 22:55:17.757 [info] Got 0 sessions for ...
2026-03-13 22:55:17.757 [info] Getting sessions for user:email...
2026-03-13 22:55:17.757 [info] Got 0 sessions for user:email...
2026-03-13 22:55:22.760 [info] Getting sessions for all scopes...
2026-03-13 22:55:22.760 [info] Got 0 sessions for ...
2026-03-13 22:55:22.761 [info] Getting sessions for user:email...
2026-03-13 22:55:22.761 [info] Got 0 sessions for user:email...
2026-03-13 22:57:38.079 [info] Getting sessions for all scopes...
2026-03-13 22:57:38.079 [info] Got 0 sessions for ...
2026-03-13 22:57:38.080 [info] Getting sessions for read:user,repo,user:email,workflow...
2026-03-13 22:57:38.080 [info] Got 0 sessions for read:user,repo,user:email,workflow...
