2026-03-15 19:40:43.256 [info] [main] Log level: Info
2026-03-15 19:40:43.256 [info] [main] Validating found git in: "/opt/homebrew/bin/git"
2026-03-15 19:40:43.256 [info] [main] Using git "2.53.0" from "/opt/homebrew/bin/git"
2026-03-15 19:40:43.256 [info] [Model][doInitialScan] Initial repository scan started
2026-03-15 19:40:43.261 [info] > git rev-parse --show-toplevel [7ms]
2026-03-15 19:40:43.269 [info] > git rev-parse --git-dir --git-common-dir --show-superproject-working-tree [7ms]
2026-03-15 19:40:43.273 [info] [Model][openRepository] Opened repository (path): /Users/kcwen/Documents/02_Projects/syncrex-site
2026-03-15 19:40:43.273 [info] [Model][openRepository] Opened repository (real path): /Users/kcwen/Documents/02_Projects/syncrex-site
2026-03-15 19:40:43.273 [info] [Model][openRepository] Opened repository (kind): repository
2026-03-15 19:40:43.278 [info] > git rev-parse --show-toplevel [4ms]
2026-03-15 19:40:43.278 [info] > git config --get commit.template [5ms]
2026-03-15 19:40:43.279 [info] > git for-each-ref --format=%(refname)%00%(upstream:short)%00%(objectname)%00%(upstream:track)%00%(upstream:remotename)%00%(upstream:remoteref) --ignore-case refs/heads/main refs/remotes/main [5ms]
2026-03-15 19:40:43.279 [warning] [Git][revParse] Unable to read file: ENOENT: no such file or directory, open '/Users/kcwen/Documents/02_Projects/syncrex-site/.git/refs/remotes/origin/main'
2026-03-15 19:40:43.282 [info] > git rev-parse --show-toplevel [4ms]
2026-03-15 19:40:43.282 [info] > git rev-parse refs/remotes/origin/main [3ms]
2026-03-15 19:40:43.287 [info] > git rev-parse --show-toplevel [4ms]
2026-03-15 19:40:43.288 [info] > git for-each-ref --sort -committerdate --format %(refname)%00%(objectname)%00%(*objectname) [5ms]
2026-03-15 19:40:43.291 [info] > git rev-parse --show-toplevel [3ms]
2026-03-15 19:40:43.294 [info] > git rev-parse --show-toplevel [3ms]
2026-03-15 19:40:43.295 [info] [Model][doInitialScan] Initial repository scan completed - repositories (1), closed repositories (0), parent repositories (0), unsafe repositories (0)
2026-03-15 19:40:43.297 [info] > git status -z -uall [14ms]
2026-03-15 19:40:43.307 [info] > git for-each-ref --format=%(refname)%00%(upstream:short)%00%(objectname)%00%(upstream:track)%00%(upstream:remotename)%00%(upstream:remoteref) --ignore-case refs/heads/main refs/remotes/main [4ms]
2026-03-15 19:40:43.311 [info] > git config --get --local branch.main.vscode-merge-base [3ms]
2026-03-15 19:40:43.314 [info] > git for-each-ref --format=%(refname)%00%(upstream:short)%00%(objectname)%00%(upstream:track)%00%(upstream:remotename)%00%(upstream:remoteref) --ignore-case refs/heads/origin/main refs/remotes/origin/main [2ms]
2026-03-15 19:40:43.318 [info] > git merge-base refs/heads/main refs/remotes/origin/main [3ms]
2026-03-15 19:40:43.322 [info] > git diff --raw --numstat --diff-filter=ADMR -z --find-renames=50% 5fe143f0bd28603d2601ac0475ba50303b5fcf0d...refs/remotes/origin/main -- [3ms]
2026-03-15 19:40:43.592 [info] > git check-ignore -v -z --stdin [10ms]
2026-03-15 19:40:43.819 [info] > git check-ignore -v -z --stdin [8ms]
2026-03-15 19:40:43.871 [info] > git config --get commit.template [6ms]
2026-03-15 19:40:43.871 [info] > git for-each-ref --format=%(refname)%00%(upstream:short)%00%(objectname)%00%(upstream:track)%00%(upstream:remotename)%00%(upstream:remoteref) --ignore-case refs/heads/main refs/remotes/main [5ms]
2026-03-15 19:40:43.871 [warning] [Git][revParse] Unable to read file: ENOENT: no such file or directory, open '/Users/kcwen/Documents/02_Projects/syncrex-site/.git/refs/remotes/origin/main'
2026-03-15 19:40:43.874 [info] > git rev-parse refs/remotes/origin/main [3ms]
2026-03-15 19:40:43.879 [info] > git for-each-ref --sort -committerdate --format %(refname)%00%(objectname)%00%(*objectname) [4ms]
2026-03-15 19:40:43.888 [info] > git status -z -uall [13ms]
2026-03-15 19:40:44.248 [info] > git check-ignore -v -z --stdin [10ms]
2026-03-15 19:40:45.801 [info] > git check-ignore -v -z --stdin [22ms]
2026-03-15 19:40:45.808 [info] > git ls-files --stage -- src/content/blogs/20260118T1000-wsl_platform.md [5ms]
2026-03-15 19:40:45.809 [info] > git show --textconv :src/content/blogs/20260118T1000-wsl_platform.md [6ms]
2026-03-15 19:40:45.812 [info] > git cat-file -s ed220600c1c9233f571671f637ccddd6224886cf [4ms]
2026-03-15 19:40:45.830 [info] > git blame --root --incremental 5fe143f0bd28603d2601ac0475ba50303b5fcf0d -- src/content/blogs/20260118T1000-wsl_platform.md [8ms]
2026-03-15 19:40:46.598 [info] > git check-ignore -v -z --stdin [9ms]
2026-03-15 19:45:04.953 [info] > git check-ignore -v -z --stdin [18ms]
2026-03-15 19:45:26.140 [info] > git check-ignore -v -z --stdin [11ms]
2026-03-15 19:45:26.148 [info] > git ls-files --stage -- src/content/blogs/20260315T1945-mac_setup_raw_log.mdoc [6ms]
2026-03-15 19:45:26.149 [info] > git show --textconv :src/content/blogs/20260315T1945-mac_setup_raw_log.mdoc [7ms]
2026-03-15 19:45:26.154 [info] > git hash-object -t tree /dev/null [5ms]
2026-03-15 19:45:26.154 [warning] [GitFileSystemProvider][stat] File not found - git:/Users/kcwen/Documents/02_Projects/syncrex-site/src/content/blogs/20260315T1945-mac_setup_raw_log.mdoc.git?%7B%22path%22%3A%22%2FUsers%2Fkcwen%2FDocuments%2F02_Projects%2Fsyncrex-site%2Fsrc%2Fcontent%2Fblogs%2F20260315T1945-mac_setup_raw_log.mdoc%22%2C%22ref%22%3A%22%22%7D
2026-03-15 19:45:26.156 [info] > git hash-object -t tree /dev/null [7ms]
2026-03-15 19:45:26.156 [warning] [GitFileSystemProvider][readFile] File not found - git:/Users/kcwen/Documents/02_Projects/syncrex-site/src/content/blogs/20260315T1945-mac_setup_raw_log.mdoc.git?%7B%22path%22%3A%22%2FUsers%2Fkcwen%2FDocuments%2F02_Projects%2Fsyncrex-site%2Fsrc%2Fcontent%2Fblogs%2F20260315T1945-mac_setup_raw_log.mdoc%22%2C%22ref%22%3A%22%22%7D
2026-03-15 19:45:26.426 [info] > git check-ignore -v -z --stdin [8ms]
2026-03-15 19:45:27.048 [info] > git config --get commit.template [9ms]
2026-03-15 19:45:27.049 [info] > git for-each-ref --format=%(refname)%00%(upstream:short)%00%(objectname)%00%(upstream:track)%00%(upstream:remotename)%00%(upstream:remoteref) --ignore-case refs/heads/main refs/remotes/main [10ms]
2026-03-15 19:45:27.050 [warning] [Git][revParse] Unable to read file: ENOENT: no such file or directory, open '/Users/kcwen/Documents/02_Projects/syncrex-site/.git/refs/remotes/origin/main'
2026-03-15 19:45:27.059 [info] > git rev-parse refs/remotes/origin/main [9ms]
2026-03-15 19:45:27.068 [info] > git for-each-ref --sort -committerdate --format %(refname)%00%(objectname)%00%(*objectname) [8ms]
2026-03-15 19:45:27.093 [info] > git status -z -uall [33ms]
2026-03-15 19:46:15.668 [info] > git config --get commit.template [10ms]
2026-03-15 19:46:15.669 [info] > git for-each-ref --format=%(refname)%00%(upstream:short)%00%(objectname)%00%(upstream:track)%00%(upstream:remotename)%00%(upstream:remoteref) --ignore-case refs/heads/main refs/remotes/main [9ms]
2026-03-15 19:46:15.670 [warning] [Git][revParse] Unable to read file: ENOENT: no such file or directory, open '/Users/kcwen/Documents/02_Projects/syncrex-site/.git/refs/remotes/origin/main'
2026-03-15 19:46:15.677 [info] > git rev-parse refs/remotes/origin/main [7ms]
2026-03-15 19:46:15.686 [info] > git for-each-ref --sort -committerdate --format %(refname)%00%(objectname)%00%(*objectname) [8ms]
2026-03-15 19:46:15.702 [info] > git status -z -uall [24ms]
2026-03-15 19:52:40.576 [info] > git config --get commit.template [11ms]
2026-03-15 19:52:40.578 [info] > git for-each-ref --format=%(refname)%00%(upstream:short)%00%(objectname)%00%(upstream:track)%00%(upstream:remotename)%00%(upstream:remoteref) --ignore-case refs/heads/main refs/remotes/main [12ms]
2026-03-15 19:52:40.578 [warning] [Git][revParse] Unable to read file: ENOENT: no such file or directory, open '/Users/kcwen/Documents/02_Projects/syncrex-site/.git/refs/remotes/origin/main'
2026-03-15 19:52:40.586 [info] > git rev-parse refs/remotes/origin/main [8ms]
2026-03-15 19:52:40.594 [info] > git status -z -uall [7ms]
2026-03-15 19:52:40.594 [info] > git for-each-ref --sort -committerdate --format %(refname)%00%(objectname)%00%(*objectname) [7ms]
2026-03-15 19:53:34.522 [info] > git check-ignore -v -z --stdin [21ms]
2026-03-15 19:53:41.725 [info] > git check-ignore -v -z --stdin [4ms]
2026-03-15 19:53:41.729 [info] > git ls-files --stage -- src/components/Callout.astro [3ms]
2026-03-15 19:53:41.729 [warning] [GitFileSystemProvider][stat] File not found - git:/Users/kcwen/Documents/02_Projects/syncrex-site/src/components/Callout.astro.git?%7B%22path%22%3A%22%2FUsers%2Fkcwen%2FDocuments%2F02_Projects%2Fsyncrex-site%2Fsrc%2Fcomponents%2FCallout.astro%22%2C%22ref%22%3A%22%22%7D
2026-03-15 19:53:41.729 [info] > git show --textconv :src/components/Callout.astro [4ms]
2026-03-15 19:53:41.729 [warning] [GitFileSystemProvider][readFile] File not found - git:/Users/kcwen/Documents/02_Projects/syncrex-site/src/components/Callout.astro.git?%7B%22path%22%3A%22%2FUsers%2Fkcwen%2FDocuments%2F02_Projects%2Fsyncrex-site%2Fsrc%2Fcomponents%2FCallout.astro%22%2C%22ref%22%3A%22%22%7D
2026-03-15 19:53:42.018 [info] > git check-ignore -v -z --stdin [4ms]
2026-03-15 19:53:42.626 [info] > git config --get commit.template [4ms]
2026-03-15 19:53:42.628 [info] > git for-each-ref --format=%(refname)%00%(upstream:short)%00%(objectname)%00%(upstream:track)%00%(upstream:remotename)%00%(upstream:remoteref) --ignore-case refs/heads/main refs/remotes/main [6ms]
2026-03-15 19:53:42.628 [warning] [Git][revParse] Unable to read file: ENOENT: no such file or directory, open '/Users/kcwen/Documents/02_Projects/syncrex-site/.git/refs/remotes/origin/main'
2026-03-15 19:53:42.631 [info] > git rev-parse refs/remotes/origin/main [3ms]
2026-03-15 19:53:42.635 [info] > git for-each-ref --sort -committerdate --format %(refname)%00%(objectname)%00%(*objectname) [3ms]
2026-03-15 19:53:42.635 [info] > git status -z -uall [4ms]
2026-03-15 19:54:03.478 [info] > git config --get commit.template [24ms]
2026-03-15 19:54:03.482 [info] > git for-each-ref --format=%(refname)%00%(upstream:short)%00%(objectname)%00%(upstream:track)%00%(upstream:remotename)%00%(upstream:remoteref) --ignore-case refs/heads/main refs/remotes/main [25ms]
2026-03-15 19:54:03.483 [warning] [Git][revParse] Unable to read file: ENOENT: no such file or directory, open '/Users/kcwen/Documents/02_Projects/syncrex-site/.git/refs/remotes/origin/main'
2026-03-15 19:54:03.492 [info] > git rev-parse refs/remotes/origin/main [9ms]
2026-03-15 19:54:03.500 [info] > git for-each-ref --sort -committerdate --format %(refname)%00%(objectname)%00%(*objectname) [6ms]
2026-03-15 19:54:03.502 [info] > git status -z -uall [9ms]
2026-03-15 19:54:05.594 [info] > git check-ignore -v -z --stdin [13ms]
2026-03-15 19:54:06.833 [info] > git check-ignore -v -z --stdin [9ms]
2026-03-15 19:54:07.741 [info] > git check-ignore -v -z --stdin [6ms]
2026-03-15 19:54:07.748 [info] > git ls-files --stage -- markdoc.config.mjs [5ms]
2026-03-15 19:54:07.749 [info] > git show --textconv :markdoc.config.mjs [7ms]
2026-03-15 19:54:07.753 [info] > git cat-file -s 3e809e151066c93448bcb17ea438d7b471a1ccb6 [5ms]
2026-03-15 19:54:07.763 [info] > git blame --root --incremental 5fe143f0bd28603d2601ac0475ba50303b5fcf0d -- markdoc.config.mjs [6ms]
2026-03-15 19:54:14.235 [info] > git check-ignore -v -z --stdin [9ms]
2026-03-15 19:54:14.986 [info] > git check-ignore -v -z --stdin [6ms]
2026-03-15 19:54:35.402 [info] > git config --get commit.template [9ms]
2026-03-15 19:54:35.404 [info] > git for-each-ref --format=%(refname)%00%(upstream:short)%00%(objectname)%00%(upstream:track)%00%(upstream:remotename)%00%(upstream:remoteref) --ignore-case refs/heads/main refs/remotes/main [10ms]
2026-03-15 19:54:35.405 [warning] [Git][revParse] Unable to read file: ENOENT: no such file or directory, open '/Users/kcwen/Documents/02_Projects/syncrex-site/.git/refs/remotes/origin/main'
2026-03-15 19:54:35.409 [info] > git rev-parse refs/remotes/origin/main [4ms]
2026-03-15 19:54:35.415 [info] > git for-each-ref --sort -committerdate --format %(refname)%00%(objectname)%00%(*objectname) [5ms]
2026-03-15 19:54:35.415 [info] > git status -z -uall [5ms]
2026-03-15 19:54:35.727 [info] > git check-ignore -v -z --stdin [6ms]
2026-03-15 19:55:06.078 [info] > git check-ignore -v -z --stdin [7ms]
2026-03-15 19:55:06.377 [info] > git check-ignore -v -z --stdin [9ms]
2026-03-15 19:55:07.188 [info] > git config --get commit.template [12ms]
2026-03-15 19:55:07.191 [info] > git for-each-ref --format=%(refname)%00%(upstream:short)%00%(objectname)%00%(upstream:track)%00%(upstream:remotename)%00%(upstream:remoteref) --ignore-case refs/heads/main refs/remotes/main [14ms]
2026-03-15 19:55:07.192 [warning] [Git][revParse] Unable to read file: ENOENT: no such file or directory, open '/Users/kcwen/Documents/02_Projects/syncrex-site/.git/refs/remotes/origin/main'
2026-03-15 19:55:07.202 [info] > git rev-parse refs/remotes/origin/main [10ms]
2026-03-15 19:55:07.212 [info] > git for-each-ref --sort -committerdate --format %(refname)%00%(objectname)%00%(*objectname) [9ms]
2026-03-15 19:55:07.212 [info] > git status -z -uall [9ms]
2026-03-15 19:55:07.526 [info] > git check-ignore -v -z --stdin [8ms]
2026-03-15 19:55:14.426 [info] > git check-ignore -v -z --stdin [8ms]
2026-03-15 19:55:14.721 [info] > git check-ignore -v -z --stdin [4ms]
2026-03-15 19:55:15.284 [info] > git config --get commit.template [5ms]
2026-03-15 19:55:15.284 [info] > git for-each-ref --format=%(refname)%00%(upstream:short)%00%(objectname)%00%(upstream:track)%00%(upstream:remotename)%00%(upstream:remoteref) --ignore-case refs/heads/main refs/remotes/main [5ms]
2026-03-15 19:55:15.284 [warning] [Git][revParse] Unable to read file: ENOENT: no such file or directory, open '/Users/kcwen/Documents/02_Projects/syncrex-site/.git/refs/remotes/origin/main'
2026-03-15 19:55:15.288 [info] > git rev-parse refs/remotes/origin/main [4ms]
2026-03-15 19:55:15.293 [info] > git status -z -uall [4ms]
2026-03-15 19:55:15.293 [info] > git for-each-ref --sort -committerdate --format %(refname)%00%(objectname)%00%(*objectname) [4ms]
2026-03-15 19:55:15.610 [info] > git check-ignore -v -z --stdin [9ms]
2026-03-15 19:55:17.061 [info] > git check-ignore -v -z --stdin [9ms]
2026-03-15 19:55:23.108 [info] > git config --get commit.template [9ms]
2026-03-15 19:55:23.109 [info] > git for-each-ref --format=%(refname)%00%(upstream:short)%00%(objectname)%00%(upstream:track)%00%(upstream:remotename)%00%(upstream:remoteref) --ignore-case refs/heads/main refs/remotes/main [9ms]
2026-03-15 19:55:23.110 [warning] [Git][revParse] Unable to read file: ENOENT: no such file or directory, open '/Users/kcwen/Documents/02_Projects/syncrex-site/.git/refs/remotes/origin/main'
2026-03-15 19:55:23.117 [info] > git rev-parse refs/remotes/origin/main [7ms]
2026-03-15 19:55:23.126 [info] > git status -z -uall [8ms]
2026-03-15 19:55:23.127 [info] > git for-each-ref --sort -committerdate --format %(refname)%00%(objectname)%00%(*objectname) [9ms]
2026-03-15 19:55:23.448 [info] > git check-ignore -v -z --stdin [10ms]
2026-03-15 19:55:59.204 [info] > git config --get commit.template [33ms]
2026-03-15 19:55:59.205 [info] > git for-each-ref --format=%(refname)%00%(upstream:short)%00%(objectname)%00%(upstream:track)%00%(upstream:remotename)%00%(upstream:remoteref) --ignore-case refs/heads/main refs/remotes/main [31ms]
2026-03-15 19:55:59.206 [warning] [Git][revParse] Unable to read file: ENOENT: no such file or directory, open '/Users/kcwen/Documents/02_Projects/syncrex-site/.git/refs/remotes/origin/main'
2026-03-15 19:55:59.225 [info] > git rev-parse refs/remotes/origin/main [19ms]
2026-03-15 19:55:59.237 [info] > git status -z -uall [10ms]
2026-03-15 19:55:59.238 [info] > git for-each-ref --sort -committerdate --format %(refname)%00%(objectname)%00%(*objectname) [11ms]
2026-03-15 19:55:59.552 [info] > git check-ignore -v -z --stdin [8ms]
2026-03-15 19:56:03.156 [info] > git config --get commit.template [4ms]
2026-03-15 19:56:03.156 [info] > git for-each-ref --format=%(refname)%00%(upstream:short)%00%(objectname)%00%(upstream:track)%00%(upstream:remotename)%00%(upstream:remoteref) --ignore-case refs/heads/feat/callout-component refs/remotes/feat/callout-component [3ms]
2026-03-15 19:56:03.162 [info] > git for-each-ref --sort -committerdate --format %(refname)%00%(objectname)%00%(*objectname) [5ms]
2026-03-15 19:56:03.162 [info] > git status -z -uall [5ms]
2026-03-15 19:56:03.167 [info] > git for-each-ref --format=%(refname)%00%(upstream:short)%00%(objectname)%00%(upstream:track)%00%(upstream:remotename)%00%(upstream:remoteref) --ignore-case refs/heads/feat/callout-component refs/remotes/feat/callout-component [4ms]
2026-03-15 19:56:03.171 [info] > git config --get --local branch.feat/callout-component.vscode-merge-base [3ms]
2026-03-15 19:56:03.171 [warning] [Git][config] git config failed: Failed to execute git
2026-03-15 19:56:03.175 [info] > git reflog feat/callout-component --grep-reflog=branch: Created from *. [4ms]
2026-03-15 19:56:03.179 [info] > git reflog HEAD --grep-reflog=checkout: moving from .* to feat/callout-component [4ms]
2026-03-15 19:56:03.182 [info] > git for-each-ref --format=%(refname)%00%(upstream:short)%00%(objectname)%00%(upstream:track)%00%(upstream:remotename)%00%(upstream:remoteref) --ignore-case refs/heads/main refs/remotes/main [3ms]
2026-03-15 19:56:03.186 [info] > git for-each-ref --format=%(refname)%00%(upstream:short)%00%(objectname)%00%(upstream:track)%00%(upstream:remotename)%00%(upstream:remoteref) --ignore-case refs/remotes/origin/main [3ms]
2026-03-15 19:56:03.189 [info] > git config --add --local branch.feat/callout-component.vscode-merge-base origin/main [3ms]
2026-03-15 19:56:03.192 [info] > git config --get commit.template [2ms]
2026-03-15 19:56:03.193 [info] > git for-each-ref --format=%(refname)%00%(upstream:short)%00%(objectname)%00%(upstream:track)%00%(upstream:remotename)%00%(upstream:remoteref) --ignore-case refs/heads/feat/callout-component refs/remotes/feat/callout-component [3ms]
2026-03-15 19:56:03.197 [info] > git for-each-ref --sort -committerdate --format %(refname)%00%(objectname)%00%(*objectname) [4ms]
2026-03-15 19:56:03.197 [info] > git status -z -uall [4ms]
2026-03-15 19:56:03.518 [info] > git check-ignore -v -z --stdin [10ms]
2026-03-15 19:56:04.349 [info] > git config --get commit.template [9ms]
2026-03-15 19:56:04.350 [info] > git for-each-ref --format=%(refname)%00%(upstream:short)%00%(objectname)%00%(upstream:track)%00%(upstream:remotename)%00%(upstream:remoteref) --ignore-case refs/heads/feat/callout-component refs/remotes/feat/callout-component [9ms]
2026-03-15 19:56:04.360 [info] > git for-each-ref --sort -committerdate --format %(refname)%00%(objectname)%00%(*objectname) [9ms]
2026-03-15 19:56:04.360 [info] > git status -z -uall [10ms]
2026-03-15 19:56:04.681 [info] > git check-ignore -v -z --stdin [11ms]
2026-03-15 19:56:20.325 [info] > git config --get commit.template [4ms]
2026-03-15 19:56:20.325 [info] > git for-each-ref --format=%(refname)%00%(upstream:short)%00%(objectname)%00%(upstream:track)%00%(upstream:remotename)%00%(upstream:remoteref) --ignore-case refs/heads/feat/callout-component refs/remotes/feat/callout-component [4ms]
2026-03-15 19:56:20.330 [info] > git for-each-ref --sort -committerdate --format %(refname)%00%(objectname)%00%(*objectname) [4ms]
2026-03-15 19:56:20.330 [info] > git status -z -uall [4ms]
2026-03-15 19:56:20.651 [info] > git check-ignore -v -z --stdin [9ms]
2026-03-15 19:56:21.447 [info] > git config --get commit.template [7ms]
2026-03-15 19:56:21.447 [info] > git for-each-ref --format=%(refname)%00%(upstream:short)%00%(objectname)%00%(upstream:track)%00%(upstream:remotename)%00%(upstream:remoteref) --ignore-case refs/heads/feat/callout-component refs/remotes/feat/callout-component [7ms]
2026-03-15 19:56:21.454 [info] > git for-each-ref --sort -committerdate --format %(refname)%00%(objectname)%00%(*objectname) [5ms]
2026-03-15 19:56:21.455 [info] > git status -z -uall [7ms]
2026-03-15 19:56:21.769 [info] > git check-ignore -v -z --stdin [8ms]
2026-03-15 19:56:30.313 [info] > git config --get commit.template [4ms]
2026-03-15 19:56:30.314 [info] > git for-each-ref --format=%(refname)%00%(upstream:short)%00%(objectname)%00%(upstream:track)%00%(upstream:remotename)%00%(upstream:remoteref) --ignore-case refs/heads/feat/callout-component refs/remotes/feat/callout-component [5ms]
2026-03-15 19:56:30.318 [info] > git for-each-ref --sort -committerdate --format %(refname)%00%(objectname)%00%(*objectname) [4ms]
2026-03-15 19:56:30.319 [info] > git status -z -uall [5ms]
2026-03-15 19:56:30.637 [info] > git check-ignore -v -z --stdin [9ms]
2026-03-15 19:56:31.385 [info] > git config --get commit.template [5ms]
2026-03-15 19:56:31.385 [info] > git for-each-ref --format=%(refname)%00%(upstream:short)%00%(objectname)%00%(upstream:track)%00%(upstream:remotename)%00%(upstream:remoteref) --ignore-case refs/heads/feat/callout-component refs/remotes/feat/callout-component [5ms]
2026-03-15 19:56:31.391 [info] > git for-each-ref --sort -committerdate --format %(refname)%00%(objectname)%00%(*objectname) [5ms]
2026-03-15 19:56:31.391 [info] > git status -z -uall [5ms]
2026-03-15 19:56:31.706 [info] > git check-ignore -v -z --stdin [9ms]
2026-03-15 19:57:11.626 [info] > git config --get commit.template [4ms]
2026-03-15 19:57:11.626 [info] > git for-each-ref --format=%(refname)%00%(upstream:short)%00%(objectname)%00%(upstream:track)%00%(upstream:remotename)%00%(upstream:remoteref) --ignore-case refs/heads/feat/callout-component refs/remotes/feat/callout-component [4ms]
2026-03-15 19:57:11.631 [info] > git for-each-ref --sort -committerdate --format %(refname)%00%(objectname)%00%(*objectname) [3ms]
2026-03-15 19:57:11.631 [info] > git status -z -uall [4ms]
2026-03-15 19:57:11.950 [info] > git check-ignore -v -z --stdin [9ms]
2026-03-15 19:57:12.684 [info] > git config --get commit.template [6ms]
2026-03-15 19:57:12.684 [info] > git for-each-ref --format=%(refname)%00%(upstream:short)%00%(objectname)%00%(upstream:track)%00%(upstream:remotename)%00%(upstream:remoteref) --ignore-case refs/heads/feat/callout-component refs/remotes/feat/callout-component [5ms]
2026-03-15 19:57:12.690 [info] > git status -z -uall [6ms]
2026-03-15 19:57:12.690 [info] > git for-each-ref --sort -committerdate --format %(refname)%00%(objectname)%00%(*objectname) [5ms]
2026-03-15 19:57:13.005 [info] > git check-ignore -v -z --stdin [9ms]
2026-03-15 19:57:22.122 [info] > git config --get commit.template [5ms]
2026-03-15 19:57:22.122 [info] > git for-each-ref --format=%(refname)%00%(upstream:short)%00%(objectname)%00%(upstream:track)%00%(upstream:remotename)%00%(upstream:remoteref) --ignore-case refs/heads/main refs/remotes/main [4ms]
2026-03-15 19:57:22.122 [warning] [Git][revParse] Unable to read file: ENOENT: no such file or directory, open '/Users/kcwen/Documents/02_Projects/syncrex-site/.git/refs/remotes/origin/main'
2026-03-15 19:57:22.126 [info] > git rev-parse refs/remotes/origin/main [4ms]
2026-03-15 19:57:22.131 [info] > git for-each-ref --sort -committerdate --format %(refname)%00%(objectname)%00%(*objectname) [4ms]
2026-03-15 19:57:22.131 [info] > git status -z -uall [5ms]
2026-03-15 19:57:22.136 [info] > git for-each-ref --format=%(refname)%00%(upstream:short)%00%(objectname)%00%(upstream:track)%00%(upstream:remotename)%00%(upstream:remoteref) --ignore-case refs/heads/main refs/remotes/main [4ms]
2026-03-15 19:57:22.140 [info] > git config --get --local branch.main.vscode-merge-base [3ms]
2026-03-15 19:57:22.144 [info] > git for-each-ref --format=%(refname)%00%(upstream:short)%00%(objectname)%00%(upstream:track)%00%(upstream:remotename)%00%(upstream:remoteref) --ignore-case refs/heads/origin/main refs/remotes/origin/main [3ms]
2026-03-15 19:57:22.148 [info] > git merge-base refs/heads/main refs/remotes/origin/main [3ms]
2026-03-15 19:57:22.152 [info] > git diff --raw --numstat --diff-filter=ADMR -z --find-renames=50% 5fe143f0bd28603d2601ac0475ba50303b5fcf0d...refs/remotes/origin/main -- [4ms]
2026-03-15 19:57:22.445 [info] > git check-ignore -v -z --stdin [9ms]
2026-03-15 19:57:23.175 [info] > git config --get commit.template [4ms]
2026-03-15 19:57:23.176 [info] > git for-each-ref --format=%(refname)%00%(upstream:short)%00%(objectname)%00%(upstream:track)%00%(upstream:remotename)%00%(upstream:remoteref) --ignore-case refs/heads/main refs/remotes/main [5ms]
2026-03-15 19:57:23.176 [warning] [Git][revParse] Unable to read file: ENOENT: no such file or directory, open '/Users/kcwen/Documents/02_Projects/syncrex-site/.git/refs/remotes/origin/main'
2026-03-15 19:57:23.180 [info] > git rev-parse refs/remotes/origin/main [4ms]
2026-03-15 19:57:23.184 [info] > git status -z -uall [4ms]
2026-03-15 19:57:23.184 [info] > git for-each-ref --sort -committerdate --format %(refname)%00%(objectname)%00%(*objectname) [4ms]
2026-03-15 19:57:23.501 [info] > git check-ignore -v -z --stdin [10ms]
2026-03-15 19:57:37.927 [info] > git config --get commit.template [4ms]
2026-03-15 19:57:37.928 [info] > git for-each-ref --format=%(refname)%00%(upstream:short)%00%(objectname)%00%(upstream:track)%00%(upstream:remotename)%00%(upstream:remoteref) --ignore-case refs/heads/main refs/remotes/main [4ms]
2026-03-15 19:57:37.928 [warning] [Git][revParse] Unable to read file: ENOENT: no such file or directory, open '/Users/kcwen/Documents/02_Projects/syncrex-site/.git/refs/remotes/origin/main'
2026-03-15 19:57:37.931 [info] > git rev-parse refs/remotes/origin/main [3ms]
2026-03-15 19:57:37.936 [info] > git for-each-ref --sort -committerdate --format %(refname)%00%(objectname)%00%(*objectname) [4ms]
2026-03-15 19:57:37.936 [info] > git status -z -uall [4ms]
2026-03-15 19:57:37.941 [info] > git merge-base refs/heads/main refs/remotes/origin/main [3ms]
2026-03-15 19:57:37.945 [info] > git diff --raw --numstat --diff-filter=ADMR -z --find-renames=50% 5fe143f0bd28603d2601ac0475ba50303b5fcf0d...refs/remotes/origin/main -- [3ms]
2026-03-15 19:57:38.249 [info] > git check-ignore -v -z --stdin [9ms]
2026-03-15 19:57:38.982 [info] > git config --get commit.template [4ms]
2026-03-15 19:57:38.983 [info] > git for-each-ref --format=%(refname)%00%(upstream:short)%00%(objectname)%00%(upstream:track)%00%(upstream:remotename)%00%(upstream:remoteref) --ignore-case refs/heads/main refs/remotes/main [5ms]
2026-03-15 19:57:38.983 [warning] [Git][revParse] Unable to read file: ENOENT: no such file or directory, open '/Users/kcwen/Documents/02_Projects/syncrex-site/.git/refs/remotes/origin/main'
2026-03-15 19:57:38.987 [info] > git rev-parse refs/remotes/origin/main [4ms]
2026-03-15 19:57:38.992 [info] > git status -z -uall [5ms]
2026-03-15 19:57:38.992 [info] > git for-each-ref --sort -committerdate --format %(refname)%00%(objectname)%00%(*objectname) [4ms]
2026-03-15 19:57:39.307 [info] > git check-ignore -v -z --stdin [10ms]
