2026-03-13 22:45:23.331 [info] read schema from vscode: vscode://schemas/settings/user
2026-03-13 22:45:23.416 [info] read schema from vscode: vscode://schemas/settings/resourceLanguage
2026-03-13 22:45:23.416 [info] read schema from vscode: vscode://schemas/ignoredSettings
2026-03-13 22:45:23.423 [info] read schema from vscode: vscode://schemas/launch
2026-03-13 22:45:23.425 [info] read schema from vscode: vscode://schemas/token-styling
2026-03-13 22:45:23.425 [info] read schema from vscode: vscode://schemas/textmate-colors
2026-03-13 22:45:23.425 [info] read schema from vscode: vscode://schemas/workbench-colors
2026-03-13 22:45:23.428 [info] cancelled
2026-03-13 22:45:24.455 [info] schema change detected vscode://schemas/settings/user
2026-03-13 22:45:24.457 [info] read schema from vscode: vscode://schemas/settings/user
2026-03-13 22:45:28.484 [info] schema change detected vscode://schemas/launch
2026-03-13 22:45:28.485 [info] read schema from vscode: vscode://schemas/settings/user
2026-03-13 22:45:28.537 [info] read schema from vscode: vscode://schemas/launch
2026-03-13 22:45:34.663 [info] schema change detected vscode://schemas/settings/user
2026-03-13 22:45:34.664 [info] read schema from vscode: vscode://schemas/settings/user
2026-03-13 22:45:37.897 [info] schema change detected vscode://schemas/settings/user
2026-03-13 22:45:37.899 [info] read schema from vscode: vscode://schemas/settings/user
2026-03-13 22:45:37.991 [info] cancelled
2026-03-13 22:46:38.907 [info] schema change detected vscode://schemas/settings/user
2026-03-13 22:47:04.168 [info] read schema from vscode: vscode://schemas/settings/user
2026-03-13 22:47:04.260 [info] read schema from vscode: vscode://schemas/settings/resourceLanguage
2026-03-13 22:47:04.260 [info] read schema from vscode: vscode://schemas/ignoredSettings
2026-03-13 22:47:04.272 [info] read schema from vscode: vscode://schemas/launch
2026-03-13 22:47:04.280 [info] read schema from vscode: vscode://schemas/token-styling
2026-03-13 22:47:04.280 [info] read schema from vscode: vscode://schemas/textmate-colors
2026-03-13 22:47:04.280 [info] read schema from vscode: vscode://schemas/workbench-colors
2026-03-13 22:47:05.279 [info] schema change detected vscode://schemas/settings/user
2026-03-13 22:47:05.281 [info] read schema from vscode: vscode://schemas/settings/user
2026-03-13 22:47:20.107 [info] schema change detected vscode://schemas/settings/user
2026-03-13 22:47:20.110 [info] read schema from vscode: vscode://schemas/settings/user
2026-03-13 22:47:23.348 [info] schema change detected vscode://schemas/settings/user
2026-03-13 22:47:23.349 [info] read schema from vscode: vscode://schemas/settings/user
2026-03-13 22:47:50.752 [info] schema change detected vscode://schemas/settings/user
2026-03-13 22:47:50.754 [info] read schema from vscode: vscode://schemas/settings/user
2026-03-13 22:47:53.441 [info] schema change detected vscode://schemas/settings/user
2026-03-13 22:47:53.444 [info] read schema from vscode: vscode://schemas/settings/user
2026-03-13 22:53:48.433 [info] schema change detected vscode://schemas/settings/user
2026-03-13 22:53:48.437 [info] read schema from vscode: vscode://schemas/settings/user
2026-03-13 22:54:32.984 [info] schema change detected vscode://schemas/settings/user
2026-03-13 22:54:32.985 [info] read schema from vscode: vscode://schemas/settings/user
2026-03-13 22:55:06.727 [info] schema change detected vscode://schemas/settings/user
2026-03-13 22:55:06.736 [info] read schema from vscode: vscode://schemas/settings/user
2026-03-13 22:55:11.186 [info] read schema from vscode: vscode://schemas/settings/user
2026-03-13 22:55:11.242 [info] read schema from vscode: vscode://schemas/settings/resourceLanguage
2026-03-13 22:55:11.242 [info] read schema from vscode: vscode://schemas/ignoredSettings
2026-03-13 22:55:11.248 [info] read schema from vscode: vscode://schemas/launch
2026-03-13 22:55:11.250 [info] read schema from vscode: vscode://schemas/token-styling
2026-03-13 22:55:11.250 [info] read schema from vscode: vscode://schemas/textmate-colors
2026-03-13 22:55:11.250 [info] read schema from vscode: vscode://schemas/workbench-colors
2026-03-13 22:55:11.253 [info] schema change detected vscode://schemas/ignoredSettings
2026-03-13 22:55:11.283 [info] schema change detected vscode://schemas/ignoredSettings
2026-03-13 22:55:12.098 [info] schema change detected vscode://schemas/settings/resourceLanguage
2026-03-13 22:55:12.101 [info] schema change detected vscode://schemas/ignoredSettings
2026-03-13 22:55:12.396 [info] schema change detected vscode://schemas/launch
2026-03-13 22:55:12.407 [info] schema change detected vscode://schemas/launch
2026-03-13 22:55:12.739 [info] schema change detected vscode://schemas/settings/resourceLanguage
2026-03-13 22:55:12.745 [info] schema change detected vscode://schemas/ignoredSettings
2026-03-13 22:55:12.807 [info] schema change detected vscode://schemas/settings/user
2026-03-13 22:55:12.912 [info] schema change detected vscode://schemas/settings/user
2026-03-13 22:55:13.641 [info] schema change detected vscode://schemas/settings/user
2026-03-13 22:55:13.951 [info] schema change detected vscode://schemas/settings/user
2026-03-13 22:55:14.705 [info] schema change detected vscode://schemas/settings/user
2026-03-13 22:55:15.248 [info] read schema from vscode: vscode://schemas/settings/user
2026-03-13 22:55:15.320 [info] read schema from vscode: vscode://schemas/settings/resourceLanguage
2026-03-13 22:55:15.320 [info] read schema from vscode: vscode://schemas/ignoredSettings
2026-03-13 22:55:15.323 [info] read schema from vscode: vscode://schemas/launch
2026-03-13 22:55:15.323 [info] read schema from vscode: vscode://schemas/token-styling
2026-03-13 22:55:15.323 [info] read schema from vscode: vscode://schemas/textmate-colors
2026-03-13 22:55:15.323 [info] read schema from vscode: vscode://schemas/workbench-colors
2026-03-13 22:55:16.677 [info] schema change detected vscode://schemas/launch
2026-03-13 22:55:16.872 [info] read schema from vscode: vscode://schemas/settings/user
2026-03-13 22:55:16.929 [info] read schema from vscode: vscode://schemas/launch
2026-03-13 22:55:17.929 [info] schema change detected vscode://schemas/settings/user
2026-03-13 22:55:18.734 [info] schema change detected vscode://schemas/settings/user
2026-03-13 22:55:19.483 [info] schema change detected vscode://schemas/settings/user
2026-03-13 22:55:19.898 [info] read schema from vscode: vscode://schemas/settings/user
2026-03-13 22:55:19.968 [info] read schema from vscode: vscode://schemas/settings/resourceLanguage
2026-03-13 22:55:19.968 [info] read schema from vscode: vscode://schemas/ignoredSettings
2026-03-13 22:55:19.969 [info] read schema from vscode: vscode://schemas/launch
2026-03-13 22:55:19.969 [info] read schema from vscode: vscode://schemas/token-styling
2026-03-13 22:55:19.969 [info] read schema from vscode: vscode://schemas/textmate-colors
2026-03-13 22:55:19.969 [info] read schema from vscode: vscode://schemas/workbench-colors
2026-03-13 22:59:27.652 [info] schema change detected vscode://schemas/settings/user
