2026-03-15 19:03:21.443 [info] [main] Log level: Info
2026-03-15 19:03:21.443 [info] [main] Validating found git in: "/opt/homebrew/bin/git"
2026-03-15 19:03:21.458 [info] [main] Using git "2.53.0" from "/opt/homebrew/bin/git"
2026-03-15 19:03:21.458 [info] [Model][doInitialScan] Initial repository scan started
2026-03-15 19:03:21.464 [info] > git rev-parse --show-toplevel [5ms]
2026-03-15 19:03:21.470 [info] > git rev-parse --git-dir --git-common-dir --show-superproject-working-tree [6ms]
2026-03-15 19:03:21.474 [info] [Model][openRepository] Opened repository (path): /Users/kcwen/Documents/02_Projects/syncrex-site
2026-03-15 19:03:21.474 [info] [Model][openRepository] Opened repository (real path): /Users/kcwen/Documents/02_Projects/syncrex-site
2026-03-15 19:03:21.474 [info] [Model][openRepository] Opened repository (kind): repository
2026-03-15 19:03:21.479 [info] > git config --get commit.template [4ms]
2026-03-15 19:03:21.479 [info] > git rev-parse --show-toplevel [3ms]
2026-03-15 19:03:21.480 [info] > git for-each-ref --format=%(refname)%00%(upstream:short)%00%(objectname)%00%(upstream:track)%00%(upstream:remotename)%00%(upstream:remoteref) --ignore-case refs/heads/main refs/remotes/main [4ms]
2026-03-15 19:03:21.480 [warning] [Git][revParse] Unable to read file: ENOENT: no such file or directory, open '/Users/kcwen/Documents/02_Projects/syncrex-site/.git/refs/remotes/origin/main'
2026-03-15 19:03:21.482 [info] > git rev-parse --show-toplevel [3ms]
2026-03-15 19:03:21.483 [info] > git rev-parse refs/remotes/origin/main [3ms]
2026-03-15 19:03:21.486 [info] > git rev-parse --show-toplevel [3ms]
2026-03-15 19:03:21.489 [info] > git for-each-ref --sort -committerdate --format %(refname)%00%(objectname)%00%(*objectname) [5ms]
2026-03-15 19:03:21.489 [info] > git rev-parse --show-toplevel [3ms]
2026-03-15 19:03:21.490 [info] [Model][doInitialScan] Initial repository scan completed - repositories (1), closed repositories (0), parent repositories (0), unsafe repositories (0)
2026-03-15 19:03:21.500 [info] > git status -z -uall [16ms]
2026-03-15 19:03:21.509 [info] > git for-each-ref --format=%(refname)%00%(upstream:short)%00%(objectname)%00%(upstream:track)%00%(upstream:remotename)%00%(upstream:remoteref) --ignore-case refs/heads/main refs/remotes/main [4ms]
2026-03-15 19:03:21.513 [info] > git config --get --local branch.main.vscode-merge-base [3ms]
2026-03-15 19:03:21.516 [info] > git for-each-ref --format=%(refname)%00%(upstream:short)%00%(objectname)%00%(upstream:track)%00%(upstream:remotename)%00%(upstream:remoteref) --ignore-case refs/heads/origin/main refs/remotes/origin/main [3ms]
2026-03-15 19:03:21.520 [info] > git merge-base refs/heads/main refs/remotes/origin/main [3ms]
2026-03-15 19:03:21.524 [info] > git diff --raw --numstat --diff-filter=ADMR -z --find-renames=50% 5fe143f0bd28603d2601ac0475ba50303b5fcf0d...refs/remotes/origin/main -- [3ms]
2026-03-15 19:03:21.987 [info] > git check-ignore -v -z --stdin [8ms]
2026-03-15 19:03:22.016 [info] > git config --get commit.template [6ms]
2026-03-15 19:03:22.017 [info] > git for-each-ref --format=%(refname)%00%(upstream:short)%00%(objectname)%00%(upstream:track)%00%(upstream:remotename)%00%(upstream:remoteref) --ignore-case refs/heads/main refs/remotes/main [5ms]
2026-03-15 19:03:22.017 [warning] [Git][revParse] Unable to read file: ENOENT: no such file or directory, open '/Users/kcwen/Documents/02_Projects/syncrex-site/.git/refs/remotes/origin/main'
2026-03-15 19:03:22.020 [info] > git rev-parse refs/remotes/origin/main [3ms]
2026-03-15 19:03:22.024 [info] > git for-each-ref --sort -committerdate --format %(refname)%00%(objectname)%00%(*objectname) [3ms]
2026-03-15 19:03:22.034 [info] > git status -z -uall [14ms]
2026-03-15 19:03:24.261 [info] > git check-ignore -v -z --stdin [4ms]
2026-03-15 19:03:25.552 [info] > git check-ignore -v -z --stdin [8ms]
2026-03-15 19:03:26.766 [info] > git check-ignore -v -z --stdin [4ms]
2026-03-15 19:03:28.214 [info] > git check-ignore -v -z --stdin [9ms]
2026-03-15 19:03:35.201 [info] > git config --get commit.template [3ms]
2026-03-15 19:03:35.201 [info] > git for-each-ref --format=%(refname)%00%(upstream:short)%00%(objectname)%00%(upstream:track)%00%(upstream:remotename)%00%(upstream:remoteref) --ignore-case refs/heads/main refs/remotes/main [4ms]
2026-03-15 19:03:35.201 [warning] [Git][revParse] Unable to read file: ENOENT: no such file or directory, open '/Users/kcwen/Documents/02_Projects/syncrex-site/.git/refs/remotes/origin/main'
2026-03-15 19:03:35.205 [info] > git rev-parse refs/remotes/origin/main [4ms]
2026-03-15 19:03:35.210 [info] > git for-each-ref --sort -committerdate --format %(refname)%00%(objectname)%00%(*objectname) [5ms]
2026-03-15 19:03:35.219 [info] > git status -z -uall [14ms]
2026-03-15 19:04:01.401 [info] > git check-ignore -v -z --stdin [9ms]
2026-03-15 19:04:02.180 [info] > git check-ignore -v -z --stdin [12ms]
2026-03-15 19:04:03.832 [info] > git check-ignore -v -z --stdin [11ms]
2026-03-15 19:04:27.993 [info] > git check-ignore -v -z --stdin [10ms]
2026-03-15 19:04:37.576 [info] > git check-ignore -v -z --stdin [7ms]
2026-03-15 19:04:37.619 [info] > git show --textconv :astro.config.mjs [23ms]
2026-03-15 19:04:37.638 [info] > git ls-files --stage -- astro.config.mjs [42ms]
2026-03-15 19:04:37.646 [info] > git cat-file -s 4448da0e208f41cfb82730de0ea3c223d5156d7e [8ms]
2026-03-15 19:04:40.048 [info] > git blame --root --incremental 5fe143f0bd28603d2601ac0475ba50303b5fcf0d -- astro.config.mjs [8ms]
2026-03-15 19:04:54.677 [info] > git check-ignore -v -z --stdin [5ms]
2026-03-15 19:04:54.682 [info] > git ls-files --stage -- src/content/blogs/20260315T1903-mac_setup.mdoc [4ms]
2026-03-15 19:04:54.682 [info] > git show --textconv :src/content/blogs/20260315T1903-mac_setup.mdoc [4ms]
2026-03-15 19:04:54.685 [info] > git hash-object -t tree /dev/null [3ms]
2026-03-15 19:04:54.685 [warning] [GitFileSystemProvider][stat] File not found - git:/Users/kcwen/Documents/02_Projects/syncrex-site/src/content/blogs/20260315T1903-mac_setup.mdoc.git?%7B%22path%22%3A%22%2FUsers%2Fkcwen%2FDocuments%2F02_Projects%2Fsyncrex-site%2Fsrc%2Fcontent%2Fblogs%2F20260315T1903-mac_setup.mdoc%22%2C%22ref%22%3A%22%22%7D
2026-03-15 19:04:54.686 [info] > git hash-object -t tree /dev/null [4ms]
2026-03-15 19:04:54.686 [warning] [GitFileSystemProvider][readFile] File not found - git:/Users/kcwen/Documents/02_Projects/syncrex-site/src/content/blogs/20260315T1903-mac_setup.mdoc.git?%7B%22path%22%3A%22%2FUsers%2Fkcwen%2FDocuments%2F02_Projects%2Fsyncrex-site%2Fsrc%2Fcontent%2Fblogs%2F20260315T1903-mac_setup.mdoc%22%2C%22ref%22%3A%22%22%7D
2026-03-15 19:04:54.967 [info] > git check-ignore -v -z --stdin [9ms]
2026-03-15 19:04:55.626 [info] > git config --get commit.template [9ms]
2026-03-15 19:04:55.630 [info] > git for-each-ref --format=%(refname)%00%(upstream:short)%00%(objectname)%00%(upstream:track)%00%(upstream:remotename)%00%(upstream:remoteref) --ignore-case refs/heads/main refs/remotes/main [11ms]
2026-03-15 19:04:55.631 [warning] [Git][revParse] Unable to read file: ENOENT: no such file or directory, open '/Users/kcwen/Documents/02_Projects/syncrex-site/.git/refs/remotes/origin/main'
2026-03-15 19:04:55.639 [info] > git rev-parse refs/remotes/origin/main [8ms]
2026-03-15 19:04:55.648 [info] > git for-each-ref --sort -committerdate --format %(refname)%00%(objectname)%00%(*objectname) [7ms]
2026-03-15 19:04:55.677 [info] > git status -z -uall [37ms]
2026-03-15 19:04:59.302 [info] > git check-ignore -v -z --stdin [5ms]
2026-03-15 19:04:59.307 [info] > git show --textconv :src/content/blogs/20260118T1000-wsl_platform.md [4ms]
2026-03-15 19:04:59.308 [info] > git ls-files --stage -- src/content/blogs/20260118T1000-wsl_platform.md [5ms]
2026-03-15 19:04:59.313 [info] > git cat-file -s ed220600c1c9233f571671f637ccddd6224886cf [5ms]
2026-03-15 19:05:00.698 [info] > git config --get commit.template [9ms]
2026-03-15 19:05:00.698 [info] > git for-each-ref --format=%(refname)%00%(upstream:short)%00%(objectname)%00%(upstream:track)%00%(upstream:remotename)%00%(upstream:remoteref) --ignore-case refs/heads/main refs/remotes/main [9ms]
2026-03-15 19:05:00.699 [warning] [Git][revParse] Unable to read file: ENOENT: no such file or directory, open '/Users/kcwen/Documents/02_Projects/syncrex-site/.git/refs/remotes/origin/main'
2026-03-15 19:05:00.706 [info] > git rev-parse refs/remotes/origin/main [7ms]
2026-03-15 19:05:00.714 [info] > git for-each-ref --sort -committerdate --format %(refname)%00%(objectname)%00%(*objectname) [7ms]
2026-03-15 19:05:00.726 [info] > git status -z -uall [20ms]
2026-03-15 19:05:01.042 [info] > git check-ignore -v -z --stdin [8ms]
2026-03-15 19:05:01.442 [info] > git blame --root --incremental 5fe143f0bd28603d2601ac0475ba50303b5fcf0d -- src/content/blogs/20260118T1000-wsl_platform.md [12ms]
2026-03-15 19:05:09.101 [info] > git check-ignore -v -z --stdin [10ms]
2026-03-15 19:05:09.107 [info] > git ls-files --stage -- src/content/blogs/20260118T1000-wsl_platform.md [4ms]
2026-03-15 19:05:09.108 [info] > git show --textconv :src/content/blogs/20260118T1000-wsl_platform.md [6ms]
2026-03-15 19:05:09.112 [info] > git cat-file -s ed220600c1c9233f571671f637ccddd6224886cf [4ms]
2026-03-15 19:06:10.432 [info] > git check-ignore -v -z --stdin [5ms]
2026-03-15 19:06:10.437 [info] > git ls-files --stage -- src/content/blogs/20260118T1000-wsl_platform.md [3ms]
2026-03-15 19:06:10.438 [info] > git show --textconv :src/content/blogs/20260118T1000-wsl_platform.md [5ms]
2026-03-15 19:06:10.442 [info] > git cat-file -s ed220600c1c9233f571671f637ccddd6224886cf [4ms]
2026-03-15 19:06:11.548 [info] > git config --get commit.template [11ms]
2026-03-15 19:06:11.548 [info] > git for-each-ref --format=%(refname)%00%(upstream:short)%00%(objectname)%00%(upstream:track)%00%(upstream:remotename)%00%(upstream:remoteref) --ignore-case refs/heads/main refs/remotes/main [9ms]
2026-03-15 19:06:11.549 [warning] [Git][revParse] Unable to read file: ENOENT: no such file or directory, open '/Users/kcwen/Documents/02_Projects/syncrex-site/.git/refs/remotes/origin/main'
2026-03-15 19:06:11.558 [info] > git rev-parse refs/remotes/origin/main [9ms]
2026-03-15 19:06:11.567 [info] > git for-each-ref --sort -committerdate --format %(refname)%00%(objectname)%00%(*objectname) [8ms]
2026-03-15 19:06:11.582 [info] > git status -z -uall [24ms]
2026-03-15 19:06:11.901 [info] > git check-ignore -v -z --stdin [10ms]
2026-03-15 19:06:25.496 [info] > git check-ignore -v -z --stdin [6ms]
2026-03-15 19:06:25.501 [info] > git ls-files --stage -- src/components/Lang.astro [4ms]
2026-03-15 19:06:25.501 [info] > git show --textconv :src/components/Lang.astro [4ms]
2026-03-15 19:06:25.504 [info] > git cat-file -s e15a9728e8ec081c958c360aab50801eb756f0e6 [3ms]
2026-03-15 19:06:26.010 [info] > git check-ignore -v -z --stdin [5ms]
2026-03-15 19:06:26.015 [info] > git ls-files --stage -- src/components/IllustrateBox.astro [4ms]
2026-03-15 19:06:26.016 [info] > git show --textconv :src/components/IllustrateBox.astro [5ms]
2026-03-15 19:06:26.020 [info] > git cat-file -s 700203956bb235ae45546d1efc2a80ebfab78399 [4ms]
2026-03-15 19:06:26.476 [info] > git check-ignore -v -z --stdin [6ms]
2026-03-15 19:06:26.481 [info] > git show --textconv :src/components/TimelineYearGroup.astro [4ms]
2026-03-15 19:06:26.481 [info] > git ls-files --stage -- src/components/TimelineYearGroup.astro [4ms]
2026-03-15 19:06:26.485 [info] > git cat-file -s 29f39c54cc7b840a4ac1f7fa39da61cd3db2f68c [3ms]
2026-03-15 19:06:26.562 [info] > git config --get commit.template [4ms]
2026-03-15 19:06:26.562 [info] > git for-each-ref --format=%(refname)%00%(upstream:short)%00%(objectname)%00%(upstream:track)%00%(upstream:remotename)%00%(upstream:remoteref) --ignore-case refs/heads/main refs/remotes/main [3ms]
2026-03-15 19:06:26.563 [warning] [Git][revParse] Unable to read file: ENOENT: no such file or directory, open '/Users/kcwen/Documents/02_Projects/syncrex-site/.git/refs/remotes/origin/main'
2026-03-15 19:06:26.566 [info] > git rev-parse refs/remotes/origin/main [3ms]
2026-03-15 19:06:26.570 [info] > git for-each-ref --sort -committerdate --format %(refname)%00%(objectname)%00%(*objectname) [4ms]
2026-03-15 19:06:26.601 [info] > git status -z -uall [35ms]
2026-03-15 19:06:27.050 [info] > git check-ignore -v -z --stdin [6ms]
2026-03-15 19:06:27.056 [info] > git ls-files --stage -- src/components/UpdateBlock.astro [4ms]
2026-03-15 19:06:27.057 [info] > git show --textconv :src/components/UpdateBlock.astro [6ms]
2026-03-15 19:06:27.061 [info] > git cat-file -s b6b37cf88afd830731d7a2d1994b9b81301e7c1e [4ms]
2026-03-15 19:06:27.508 [info] > git check-ignore -v -z --stdin [5ms]
2026-03-15 19:06:27.513 [info] > git ls-files --stage -- src/components/TimelineItem.astro [3ms]
2026-03-15 19:06:27.513 [info] > git show --textconv :src/components/TimelineItem.astro [4ms]
2026-03-15 19:06:27.517 [info] > git cat-file -s 3b1e68380bd6a2c2b3f412a41d1f1727e74e6d5a [4ms]
2026-03-15 19:06:27.986 [info] > git check-ignore -v -z --stdin [4ms]
2026-03-15 19:06:27.990 [info] > git ls-files --stage -- src/components/TableOfContents.astro [3ms]
2026-03-15 19:06:27.990 [info] > git show --textconv :src/components/TableOfContents.astro [4ms]
2026-03-15 19:06:27.994 [info] > git cat-file -s b6314767d33b57bfcf36619e76dab2a7466a575c [4ms]
2026-03-15 19:06:28.514 [info] > git check-ignore -v -z --stdin [7ms]
2026-03-15 19:06:28.522 [info] > git ls-files --stage -- src/components/QuoteBlock.astro [6ms]
2026-03-15 19:06:28.523 [info] > git show --textconv :src/components/QuoteBlock.astro [7ms]
2026-03-15 19:06:28.527 [info] > git cat-file -s ff519e0ece27d4d45fabf4ff8af918fdf7adc286 [4ms]
2026-03-15 19:06:29.111 [info] > git check-ignore -v -z --stdin [11ms]
2026-03-15 19:06:29.121 [info] > git ls-files --stage -- src/components/LanguageToggle.astro [8ms]
2026-03-15 19:06:29.123 [info] > git show --textconv :src/components/LanguageToggle.astro [11ms]
2026-03-15 19:06:29.128 [info] > git cat-file -s 57151264cce1bcae6e6b617fa12c92fce4395918 [6ms]
2026-03-15 19:06:34.492 [info] > git check-ignore -v -z --stdin [7ms]
2026-03-15 19:06:34.500 [info] > git ls-files --stage -- src/components/IllustrateBox.astro [6ms]
2026-03-15 19:06:34.500 [info] > git show --textconv :src/components/IllustrateBox.astro [6ms]
2026-03-15 19:06:34.505 [info] > git cat-file -s 700203956bb235ae45546d1efc2a80ebfab78399 [5ms]
2026-03-15 19:06:43.326 [info] > git blame --root --incremental 5fe143f0bd28603d2601ac0475ba50303b5fcf0d -- src/components/IllustrateBox.astro [14ms]
2026-03-15 19:07:55.417 [info] > git check-ignore -v -z --stdin [18ms]
2026-03-15 19:07:57.204 [info] > git check-ignore -v -z --stdin [6ms]
2026-03-15 19:07:57.213 [info] > git ls-files --stage -- markdoc.config.mjs [5ms]
2026-03-15 19:07:57.217 [info] > git show --textconv :markdoc.config.mjs [9ms]
2026-03-15 19:07:57.220 [info] > git cat-file -s 3e809e151066c93448bcb17ea438d7b471a1ccb6 [5ms]
2026-03-15 19:09:05.754 [info] > git check-ignore -v -z --stdin [3ms]
2026-03-15 19:09:05.772 [info] > git ls-files --stage -- src/content/config.ts [4ms]
2026-03-15 19:09:05.772 [info] > git show --textconv :src/content/config.ts [5ms]
2026-03-15 19:09:05.775 [info] > git cat-file -s c884fbe1b7f85f3e971c8527478108ecb201d75f [3ms]
2026-03-15 19:09:07.486 [info] > git blame --root --incremental 5fe143f0bd28603d2601ac0475ba50303b5fcf0d -- src/content/config.ts [13ms]
2026-03-15 19:10:33.348 [info] > git check-ignore -v -z --stdin [5ms]
2026-03-15 19:10:33.354 [info] > git ls-files --stage -- markdoc.config.mjs [4ms]
2026-03-15 19:10:33.355 [info] > git show --textconv :markdoc.config.mjs [5ms]
2026-03-15 19:10:33.359 [info] > git cat-file -s 3e809e151066c93448bcb17ea438d7b471a1ccb6 [4ms]
2026-03-15 19:10:35.290 [info] > git blame --root --incremental 5fe143f0bd28603d2601ac0475ba50303b5fcf0d -- markdoc.config.mjs [12ms]
2026-03-15 19:11:40.983 [info] > git check-ignore -v -z --stdin [10ms]
2026-03-15 19:11:40.991 [info] > git ls-files --stage -- .gitignore [6ms]
2026-03-15 19:11:40.992 [info] > git show --textconv :.gitignore [8ms]
2026-03-15 19:11:40.996 [info] > git cat-file -s d8cd151cdc2200ded8f37645144772f03ad32d00 [5ms]
2026-03-15 19:12:04.318 [info] > git check-ignore -v -z --stdin [10ms]
2026-03-15 19:12:04.618 [info] > git check-ignore -v -z --stdin [11ms]
2026-03-15 19:12:05.240 [info] > git config --get commit.template [12ms]
2026-03-15 19:12:05.240 [info] > git for-each-ref --format=%(refname)%00%(upstream:short)%00%(objectname)%00%(upstream:track)%00%(upstream:remotename)%00%(upstream:remoteref) --ignore-case refs/heads/main refs/remotes/main [11ms]
2026-03-15 19:12:05.241 [warning] [Git][revParse] Unable to read file: ENOENT: no such file or directory, open '/Users/kcwen/Documents/02_Projects/syncrex-site/.git/refs/remotes/origin/main'
2026-03-15 19:12:05.250 [info] > git rev-parse refs/remotes/origin/main [9ms]
2026-03-15 19:12:05.259 [info] > git for-each-ref --sort -committerdate --format %(refname)%00%(objectname)%00%(*objectname) [7ms]
2026-03-15 19:12:05.283 [info] > git status -z -uall [32ms]
2026-03-15 19:12:05.602 [info] > git check-ignore -v -z --stdin [10ms]
2026-03-15 19:12:06.074 [info] > git check-ignore -v -z --stdin [11ms]
2026-03-15 19:12:40.920 [info] > git config --get commit.template [11ms]
2026-03-15 19:12:40.922 [info] > git for-each-ref --format=%(refname)%00%(upstream:short)%00%(objectname)%00%(upstream:track)%00%(upstream:remotename)%00%(upstream:remoteref) --ignore-case refs/heads/main refs/remotes/main [13ms]
2026-03-15 19:12:40.922 [warning] [Git][revParse] Unable to read file: ENOENT: no such file or directory, open '/Users/kcwen/Documents/02_Projects/syncrex-site/.git/refs/remotes/origin/main'
2026-03-15 19:12:40.928 [info] > git rev-parse refs/remotes/origin/main [6ms]
2026-03-15 19:12:40.935 [info] > git for-each-ref --sort -committerdate --format %(refname)%00%(objectname)%00%(*objectname) [6ms]
2026-03-15 19:12:40.951 [info] > git status -z -uall [22ms]
2026-03-15 19:12:41.266 [info] > git check-ignore -v -z --stdin [7ms]
2026-03-15 19:12:44.622 [info] > git check-ignore -v -z --stdin [11ms]
2026-03-15 19:12:45.538 [info] > git check-ignore -v -z --stdin [10ms]
2026-03-15 19:12:46.109 [info] > git check-ignore -v -z --stdin [9ms]
2026-03-15 19:12:46.714 [info] > git check-ignore -v -z --stdin [9ms]
2026-03-15 19:12:47.224 [info] > git check-ignore -v -z --stdin [10ms]
2026-03-15 19:14:11.421 [info] > git config --get commit.template [32ms]
2026-03-15 19:14:11.422 [info] > git for-each-ref --format=%(refname)%00%(upstream:short)%00%(objectname)%00%(upstream:track)%00%(upstream:remotename)%00%(upstream:remoteref) --ignore-case refs/heads/main refs/remotes/main [29ms]
2026-03-15 19:14:11.423 [warning] [Git][revParse] Unable to read file: ENOENT: no such file or directory, open '/Users/kcwen/Documents/02_Projects/syncrex-site/.git/refs/remotes/origin/main'
2026-03-15 19:14:11.429 [info] > git rev-parse refs/remotes/origin/main [6ms]
2026-03-15 19:14:11.435 [info] > git for-each-ref --sort -committerdate --format %(refname)%00%(objectname)%00%(*objectname) [5ms]
2026-03-15 19:14:11.459 [info] > git status -z -uall [29ms]
2026-03-15 19:14:11.776 [info] > git check-ignore -v -z --stdin [9ms]
2026-03-15 19:14:33.496 [info] [main] Log level: Info
2026-03-15 19:14:33.496 [info] [main] Validating found git in: "/opt/homebrew/bin/git"
2026-03-15 19:14:33.510 [info] [main] Using git "2.53.0" from "/opt/homebrew/bin/git"
2026-03-15 19:14:33.510 [info] [Model][doInitialScan] Initial repository scan started
2026-03-15 19:14:33.517 [info] > git rev-parse --show-toplevel [4ms]
2026-03-15 19:14:33.524 [info] > git rev-parse --git-dir --git-common-dir --show-superproject-working-tree [6ms]
2026-03-15 19:14:33.527 [info] [Model][openRepository] Opened repository (path): /Users/kcwen/Documents/02_Projects/syncrex-site
2026-03-15 19:14:33.528 [info] [Model][openRepository] Opened repository (real path): /Users/kcwen/Documents/02_Projects/syncrex-site
2026-03-15 19:14:33.528 [info] [Model][openRepository] Opened repository (kind): repository
2026-03-15 19:14:33.533 [info] > git config --get commit.template [5ms]
2026-03-15 19:14:33.533 [info] > git rev-parse --show-toplevel [4ms]
2026-03-15 19:14:33.533 [info] > git for-each-ref --format=%(refname)%00%(upstream:short)%00%(objectname)%00%(upstream:track)%00%(upstream:remotename)%00%(upstream:remoteref) --ignore-case refs/heads/main refs/remotes/main [3ms]
2026-03-15 19:14:33.534 [warning] [Git][revParse] Unable to read file: ENOENT: no such file or directory, open '/Users/kcwen/Documents/02_Projects/syncrex-site/.git/refs/remotes/origin/main'
2026-03-15 19:14:33.536 [info] > git rev-parse --show-toplevel [3ms]
2026-03-15 19:14:33.537 [info] > git rev-parse refs/remotes/origin/main [3ms]
2026-03-15 19:14:33.540 [info] > git rev-parse --show-toplevel [3ms]
2026-03-15 19:14:33.541 [info] > git for-each-ref --sort -committerdate --format %(refname)%00%(objectname)%00%(*objectname) [3ms]
2026-03-15 19:14:33.544 [info] > git rev-parse --show-toplevel [3ms]
2026-03-15 19:14:33.547 [info] > git rev-parse --show-toplevel [3ms]
2026-03-15 19:14:33.547 [info] [Model][doInitialScan] Initial repository scan completed - repositories (1), closed repositories (0), parent repositories (0), unsafe repositories (0)
2026-03-15 19:14:33.550 [info] > git status -z -uall [13ms]
2026-03-15 19:14:33.559 [info] > git for-each-ref --format=%(refname)%00%(upstream:short)%00%(objectname)%00%(upstream:track)%00%(upstream:remotename)%00%(upstream:remoteref) --ignore-case refs/heads/main refs/remotes/main [3ms]
2026-03-15 19:14:33.563 [info] > git config --get --local branch.main.vscode-merge-base [3ms]
2026-03-15 19:14:33.566 [info] > git for-each-ref --format=%(refname)%00%(upstream:short)%00%(objectname)%00%(upstream:track)%00%(upstream:remotename)%00%(upstream:remoteref) --ignore-case refs/heads/origin/main refs/remotes/origin/main [3ms]
2026-03-15 19:14:33.570 [info] > git merge-base refs/heads/main refs/remotes/origin/main [4ms]
2026-03-15 19:14:33.573 [info] > git diff --raw --numstat --diff-filter=ADMR -z --find-renames=50% 5fe143f0bd28603d2601ac0475ba50303b5fcf0d...refs/remotes/origin/main -- [3ms]
2026-03-15 19:14:34.059 [info] > git check-ignore -v -z --stdin [11ms]
2026-03-15 19:14:34.090 [info] > git config --get commit.template [6ms]
2026-03-15 19:14:34.090 [info] > git for-each-ref --format=%(refname)%00%(upstream:short)%00%(objectname)%00%(upstream:track)%00%(upstream:remotename)%00%(upstream:remoteref) --ignore-case refs/heads/main refs/remotes/main [5ms]
2026-03-15 19:14:34.090 [warning] [Git][revParse] Unable to read file: ENOENT: no such file or directory, open '/Users/kcwen/Documents/02_Projects/syncrex-site/.git/refs/remotes/origin/main'
2026-03-15 19:14:34.093 [info] > git rev-parse refs/remotes/origin/main [3ms]
2026-03-15 19:14:34.097 [info] > git for-each-ref --sort -committerdate --format %(refname)%00%(objectname)%00%(*objectname) [3ms]
2026-03-15 19:14:34.106 [info] > git status -z -uall [13ms]
2026-03-15 19:17:17.938 [info] > git check-ignore -v -z --stdin [8ms]
2026-03-15 19:17:18.926 [info] > git check-ignore -v -z --stdin [4ms]
2026-03-15 19:17:18.933 [info] > git ls-files --stage -- markdoc.config.mjs [5ms]
2026-03-15 19:17:18.934 [info] > git show --textconv :markdoc.config.mjs [6ms]
2026-03-15 19:17:18.939 [info] > git cat-file -s 3e809e151066c93448bcb17ea438d7b471a1ccb6 [6ms]
2026-03-15 19:17:18.971 [info] > git blame --root --incremental 5fe143f0bd28603d2601ac0475ba50303b5fcf0d -- markdoc.config.mjs [7ms]
2026-03-15 19:17:21.408 [info] > git check-ignore -v -z --stdin [6ms]
2026-03-15 19:17:23.612 [info] > git check-ignore -v -z --stdin [10ms]
2026-03-15 19:17:24.113 [info] > git check-ignore -v -z --stdin [7ms]
2026-03-15 19:17:26.962 [info] > git check-ignore -v -z --stdin [12ms]
2026-03-15 19:17:29.227 [info] > git config --get commit.template [7ms]
2026-03-15 19:17:29.227 [info] > git for-each-ref --format=%(refname)%00%(upstream:short)%00%(objectname)%00%(upstream:track)%00%(upstream:remotename)%00%(upstream:remoteref) --ignore-case refs/heads/main refs/remotes/main [7ms]
2026-03-15 19:17:29.228 [warning] [Git][revParse] Unable to read file: ENOENT: no such file or directory, open '/Users/kcwen/Documents/02_Projects/syncrex-site/.git/refs/remotes/origin/main'
2026-03-15 19:17:29.235 [info] > git rev-parse refs/remotes/origin/main [7ms]
2026-03-15 19:17:29.245 [info] > git for-each-ref --sort -committerdate --format %(refname)%00%(objectname)%00%(*objectname) [8ms]
2026-03-15 19:17:29.261 [info] > git status -z -uall [25ms]
2026-03-15 19:17:30.232 [info] > git check-ignore -v -z --stdin [5ms]
2026-03-15 19:17:30.238 [info] > git ls-files --stage -- src/content/blogs/20260118T1000-wsl_platform.md [5ms]
2026-03-15 19:17:30.239 [info] > git show --textconv :src/content/blogs/20260118T1000-wsl_platform.md [6ms]
2026-03-15 19:17:30.243 [info] > git cat-file -s ed220600c1c9233f571671f637ccddd6224886cf [4ms]
2026-03-15 19:17:30.255 [info] > git blame --root --incremental 5fe143f0bd28603d2601ac0475ba50303b5fcf0d -- src/content/blogs/20260118T1000-wsl_platform.md [5ms]
2026-03-15 19:17:32.318 [info] > git check-ignore -v -z --stdin [3ms]
2026-03-15 19:17:45.190 [info] > git check-ignore -v -z --stdin [12ms]
2026-03-15 19:17:47.271 [info] > git config --get commit.template [5ms]
2026-03-15 19:17:47.271 [info] > git for-each-ref --format=%(refname)%00%(upstream:short)%00%(objectname)%00%(upstream:track)%00%(upstream:remotename)%00%(upstream:remoteref) --ignore-case refs/heads/main refs/remotes/main [4ms]
2026-03-15 19:17:47.272 [warning] [Git][revParse] Unable to read file: ENOENT: no such file or directory, open '/Users/kcwen/Documents/02_Projects/syncrex-site/.git/refs/remotes/origin/main'
2026-03-15 19:17:47.276 [info] > git rev-parse refs/remotes/origin/main [4ms]
2026-03-15 19:17:47.281 [info] > git for-each-ref --sort -committerdate --format %(refname)%00%(objectname)%00%(*objectname) [5ms]
2026-03-15 19:17:47.291 [info] > git status -z -uall [15ms]
2026-03-15 19:17:47.608 [info] > git check-ignore -v -z --stdin [9ms]
2026-03-15 19:17:54.079 [info] > git config --get commit.template [10ms]
2026-03-15 19:17:54.079 [info] > git for-each-ref --format=%(refname)%00%(upstream:short)%00%(objectname)%00%(upstream:track)%00%(upstream:remotename)%00%(upstream:remoteref) --ignore-case refs/heads/main refs/remotes/main [8ms]
2026-03-15 19:17:54.080 [warning] [Git][revParse] Unable to read file: ENOENT: no such file or directory, open '/Users/kcwen/Documents/02_Projects/syncrex-site/.git/refs/remotes/origin/main'
2026-03-15 19:17:54.088 [info] > git rev-parse refs/remotes/origin/main [8ms]
2026-03-15 19:17:54.098 [info] > git for-each-ref --sort -committerdate --format %(refname)%00%(objectname)%00%(*objectname) [8ms]
2026-03-15 19:17:54.112 [info] > git status -z -uall [23ms]
2026-03-15 19:17:54.436 [info] > git check-ignore -v -z --stdin [10ms]
2026-03-15 19:18:13.028 [info] > git check-ignore -v -z --stdin [18ms]
2026-03-15 19:18:13.036 [info] > git ls-files --stage -- src/content/blogs/20260118T1000-wsl_platform.md [5ms]
2026-03-15 19:18:13.038 [info] > git show --textconv :src/content/blogs/20260118T1000-wsl_platform.md [8ms]
2026-03-15 19:18:13.042 [info] > git cat-file -s ed220600c1c9233f571671f637ccddd6224886cf [5ms]
2026-03-15 19:18:16.007 [info] > git check-ignore -v -z --stdin [8ms]
2026-03-15 19:18:21.601 [info] > git check-ignore -v -z --stdin [11ms]
2026-03-15 19:18:30.621 [info] > git config --get commit.template [10ms]
2026-03-15 19:18:30.622 [info] > git for-each-ref --format=%(refname)%00%(upstream:short)%00%(objectname)%00%(upstream:track)%00%(upstream:remotename)%00%(upstream:remoteref) --ignore-case refs/heads/main refs/remotes/main [11ms]
2026-03-15 19:18:30.623 [warning] [Git][revParse] Unable to read file: ENOENT: no such file or directory, open '/Users/kcwen/Documents/02_Projects/syncrex-site/.git/refs/remotes/origin/main'
2026-03-15 19:18:30.631 [info] > git rev-parse refs/remotes/origin/main [8ms]
2026-03-15 19:18:30.647 [info] > git for-each-ref --sort -committerdate --format %(refname)%00%(objectname)%00%(*objectname) [15ms]
2026-03-15 19:18:30.673 [info] > git status -z -uall [41ms]
2026-03-15 19:18:30.991 [info] > git check-ignore -v -z --stdin [9ms]
2026-03-15 19:18:35.997 [info] > git config --get commit.template [9ms]
2026-03-15 19:18:35.998 [info] > git for-each-ref --format=%(refname)%00%(upstream:short)%00%(objectname)%00%(upstream:track)%00%(upstream:remotename)%00%(upstream:remoteref) --ignore-case refs/heads/main refs/remotes/main [9ms]
2026-03-15 19:18:35.998 [warning] [Git][revParse] Unable to read file: ENOENT: no such file or directory, open '/Users/kcwen/Documents/02_Projects/syncrex-site/.git/refs/remotes/origin/main'
2026-03-15 19:18:36.005 [info] > git rev-parse refs/remotes/origin/main [7ms]
2026-03-15 19:18:36.013 [info] > git for-each-ref --sort -committerdate --format %(refname)%00%(objectname)%00%(*objectname) [6ms]
2026-03-15 19:18:36.027 [info] > git status -z -uall [21ms]
2026-03-15 19:18:36.339 [info] > git check-ignore -v -z --stdin [8ms]
2026-03-15 19:19:52.762 [info] > git check-ignore -v -z --stdin [11ms]
2026-03-15 19:19:54.210 [info] > git check-ignore -v -z --stdin [11ms]
2026-03-15 19:19:54.724 [info] > git check-ignore -v -z --stdin [4ms]
2026-03-15 19:19:54.729 [info] > git ls-files --stage -- src/pages/blogs/[...slug].astro [3ms]
2026-03-15 19:19:54.730 [info] > git show --textconv :src/pages/blogs/[...slug].astro [4ms]
2026-03-15 19:19:54.733 [info] > git cat-file -s ab114f5a8510e97ed96aeeb907f87da36c5fcdea [3ms]
2026-03-15 19:20:01.711 [info] > git check-ignore -v -z --stdin [7ms]
