2026-03-13 22:41:08.407 [info] [main] Log level: Info
2026-03-13 22:41:08.412 [info] [main] Validating found git in: "/usr/bin/git"
2026-03-13 22:41:08.432 [info] [main] Using git "2.50.1 (Apple Git-155)" from "/usr/bin/git"
2026-03-13 22:41:08.432 [info] [Model][doInitialScan] Initial repository scan started
2026-03-13 22:41:08.448 [info] > git rev-parse --show-toplevel [12ms]
2026-03-13 22:41:08.460 [info] > git rev-parse --git-dir --git-common-dir --show-superproject-working-tree [12ms]
2026-03-13 22:41:08.463 [info] [Model][openRepository] Opened repository (path): /Users/kcwen/Documents/02_Projects/syncrex-site
2026-03-13 22:41:08.463 [info] [Model][openRepository] Opened repository (real path): /Users/kcwen/Documents/02_Projects/syncrex-site
2026-03-13 22:41:08.464 [info] [Model][openRepository] Opened repository (kind): repository
2026-03-13 22:41:08.472 [info] > git rev-parse --show-toplevel [7ms]
2026-03-13 22:41:08.473 [info] > git config --get commit.template [9ms]
2026-03-13 22:41:08.474 [info] > git for-each-ref --format=%(refname)%00%(upstream:short)%00%(objectname)%00%(upstream:track)%00%(upstream:remotename)%00%(upstream:remoteref) --ignore-case refs/heads/main refs/remotes/main [8ms]
2026-03-13 22:41:08.475 [warning] [Git][revParse] Unable to read file: ENOENT: no such file or directory, open '/Users/kcwen/Documents/02_Projects/syncrex-site/.git/refs/remotes/origin/main'
2026-03-13 22:41:08.479 [info] > git rev-parse --show-toplevel [6ms]
2026-03-13 22:41:08.480 [info] > git rev-parse refs/remotes/origin/main [5ms]
2026-03-13 22:41:08.486 [info] > git rev-parse --show-toplevel [6ms]
2026-03-13 22:41:08.487 [info] [Model][doInitialScan] Initial repository scan completed - repositories (1), closed repositories (0), parent repositories (0), unsafe repositories (0)
2026-03-13 22:41:08.488 [info] > git for-each-ref --sort -committerdate --format %(refname)%00%(objectname)%00%(*objectname) [7ms]
2026-03-13 22:41:08.506 [info] > git status -z -uall [25ms]
2026-03-13 22:41:08.519 [info] > git for-each-ref --format=%(refname)%00%(upstream:short)%00%(objectname)%00%(upstream:track)%00%(upstream:remotename)%00%(upstream:remoteref) --ignore-case refs/heads/main refs/remotes/main [7ms]
2026-03-13 22:41:08.526 [info] > git config --get --local branch.main.vscode-merge-base [6ms]
2026-03-13 22:41:08.526 [warning] [Git][config] git config failed: Failed to execute git
2026-03-13 22:41:08.533 [info] > git reflog main --grep-reflog=branch: Created from *. [7ms]
2026-03-13 22:41:08.540 [info] > git symbolic-ref --short refs/remotes/origin/HEAD [7ms]
2026-03-13 22:41:08.546 [info] > git for-each-ref --format=%(refname)%00%(upstream:short)%00%(objectname)%00%(upstream:track)%00%(upstream:remotename)%00%(upstream:remoteref) --ignore-case refs/heads/origin/main refs/remotes/origin/main [6ms]
2026-03-13 22:41:08.553 [info] > git config --add --local branch.main.vscode-merge-base origin/main [6ms]
2026-03-13 22:41:08.560 [info] > git config --get commit.template [7ms]
2026-03-13 22:41:08.560 [info] > git for-each-ref --format=%(refname)%00%(upstream:short)%00%(objectname)%00%(upstream:track)%00%(upstream:remotename)%00%(upstream:remoteref) --ignore-case refs/heads/main refs/remotes/main [6ms]
2026-03-13 22:41:08.561 [warning] [Git][revParse] Unable to read file: ENOENT: no such file or directory, open '/Users/kcwen/Documents/02_Projects/syncrex-site/.git/refs/remotes/origin/main'
2026-03-13 22:41:08.567 [info] > git rev-parse refs/remotes/origin/main [5ms]
2026-03-13 22:41:08.574 [info] > git for-each-ref --sort -committerdate --format %(refname)%00%(objectname)%00%(*objectname) [7ms]
2026-03-13 22:41:08.583 [info] > git status -z -uall [16ms]
2026-03-13 22:41:08.592 [info] > git merge-base refs/heads/main refs/remotes/origin/main [8ms]
2026-03-13 22:41:08.593 [info] > git merge-base refs/heads/main refs/remotes/origin/main [8ms]
2026-03-13 22:41:08.603 [info] > git diff --raw --numstat --diff-filter=ADMR -z --find-renames=50% 5fe143f0bd28603d2601ac0475ba50303b5fcf0d...refs/remotes/origin/main -- [10ms]
2026-03-13 22:41:08.603 [info] > git diff --raw --numstat --diff-filter=ADMR -z --find-renames=50% 5fe143f0bd28603d2601ac0475ba50303b5fcf0d...refs/remotes/origin/main -- [10ms]
2026-03-13 22:41:08.983 [info] > git check-ignore -v -z --stdin [14ms]
2026-03-13 22:41:09.000 [info] > git config --get commit.template [9ms]
2026-03-13 22:41:09.003 [info] > git for-each-ref --format=%(refname)%00%(upstream:short)%00%(objectname)%00%(upstream:track)%00%(upstream:remotename)%00%(upstream:remoteref) --ignore-case refs/heads/main refs/remotes/main [8ms]
2026-03-13 22:41:09.005 [warning] [Git][revParse] Unable to read file: ENOENT: no such file or directory, open '/Users/kcwen/Documents/02_Projects/syncrex-site/.git/refs/remotes/origin/main'
2026-03-13 22:41:09.012 [info] > git rev-parse refs/remotes/origin/main [7ms]
2026-03-13 22:41:09.021 [info] > git for-each-ref --sort -committerdate --format %(refname)%00%(objectname)%00%(*objectname) [8ms]
2026-03-13 22:41:09.030 [info] > git status -z -uall [17ms]
2026-03-13 22:41:09.662 [info] > git config --get commit.template [7ms]
2026-03-13 22:41:09.663 [info] > git for-each-ref --format=%(refname)%00%(upstream:short)%00%(objectname)%00%(upstream:track)%00%(upstream:remotename)%00%(upstream:remoteref) --ignore-case refs/heads/main refs/remotes/main [7ms]
2026-03-13 22:41:09.663 [warning] [Git][revParse] Unable to read file: ENOENT: no such file or directory, open '/Users/kcwen/Documents/02_Projects/syncrex-site/.git/refs/remotes/origin/main'
2026-03-13 22:41:09.669 [info] > git rev-parse refs/remotes/origin/main [6ms]
2026-03-13 22:41:09.676 [info] > git for-each-ref --sort -committerdate --format %(refname)%00%(objectname)%00%(*objectname) [7ms]
2026-03-13 22:41:09.686 [info] > git status -z -uall [17ms]
2026-03-13 22:42:05.994 [info] > git check-ignore -v -z --stdin [8ms]
2026-03-13 22:42:16.023 [info] > git check-ignore -v -z --stdin [9ms]
2026-03-13 22:44:51.761 [info] > git config --get commit.template [37ms]
2026-03-13 22:44:51.763 [info] > git for-each-ref --format=%(refname)%00%(upstream:short)%00%(objectname)%00%(upstream:track)%00%(upstream:remotename)%00%(upstream:remoteref) --ignore-case refs/heads/main refs/remotes/main [39ms]
2026-03-13 22:44:51.764 [warning] [Git][revParse] Unable to read file: ENOENT: no such file or directory, open '/Users/kcwen/Documents/02_Projects/syncrex-site/.git/refs/remotes/origin/main'
2026-03-13 22:44:51.775 [info] > git rev-parse refs/remotes/origin/main [11ms]
2026-03-13 22:44:51.784 [info] > git for-each-ref --sort -committerdate --format %(refname)%00%(objectname)%00%(*objectname) [8ms]
2026-03-13 22:44:51.795 [info] > git status -z -uall [19ms]
2026-03-13 22:45:00.151 [info] > git config --get commit.template [18ms]
2026-03-13 22:45:00.153 [info] > git for-each-ref --format=%(refname)%00%(upstream:short)%00%(objectname)%00%(upstream:track)%00%(upstream:remotename)%00%(upstream:remoteref) --ignore-case refs/heads/main refs/remotes/main [18ms]
2026-03-13 22:45:00.154 [warning] [Git][revParse] Unable to read file: ENOENT: no such file or directory, open '/Users/kcwen/Documents/02_Projects/syncrex-site/.git/refs/remotes/origin/main'
2026-03-13 22:45:00.166 [info] > git rev-parse refs/remotes/origin/main [12ms]
2026-03-13 22:45:00.176 [info] > git for-each-ref --sort -committerdate --format %(refname)%00%(objectname)%00%(*objectname) [9ms]
2026-03-13 22:45:00.187 [info] > git status -z -uall [21ms]
2026-03-13 22:46:46.054 [info] [main] Log level: Info
2026-03-13 22:46:46.059 [info] [main] Validating found git in: "/usr/bin/git"
2026-03-13 22:46:46.074 [info] [main] Using git "2.50.1 (Apple Git-155)" from "/usr/bin/git"
2026-03-13 22:46:46.074 [info] [Model][doInitialScan] Initial repository scan started
2026-03-13 22:46:46.083 [info] > git rev-parse --show-toplevel [7ms]
2026-03-13 22:46:46.091 [info] > git rev-parse --git-dir --git-common-dir --show-superproject-working-tree [8ms]
2026-03-13 22:46:46.095 [info] [Model][openRepository] Opened repository (path): /Users/kcwen/Documents/02_Projects/syncrex-site
2026-03-13 22:46:46.095 [info] [Model][openRepository] Opened repository (real path): /Users/kcwen/Documents/02_Projects/syncrex-site
2026-03-13 22:46:46.095 [info] [Model][openRepository] Opened repository (kind): repository
2026-03-13 22:46:46.104 [info] > git rev-parse --show-toplevel [8ms]
2026-03-13 22:46:46.104 [info] > git config --get commit.template [8ms]
2026-03-13 22:46:46.105 [info] > git for-each-ref --format=%(refname)%00%(upstream:short)%00%(objectname)%00%(upstream:track)%00%(upstream:remotename)%00%(upstream:remoteref) --ignore-case refs/heads/main refs/remotes/main [8ms]
2026-03-13 22:46:46.105 [warning] [Git][revParse] Unable to read file: ENOENT: no such file or directory, open '/Users/kcwen/Documents/02_Projects/syncrex-site/.git/refs/remotes/origin/main'
2026-03-13 22:46:46.111 [info] > git rev-parse --show-toplevel [6ms]
2026-03-13 22:46:46.111 [info] > git rev-parse refs/remotes/origin/main [6ms]
2026-03-13 22:46:46.118 [info] > git rev-parse --show-toplevel [6ms]
2026-03-13 22:46:46.119 [info] [Model][doInitialScan] Initial repository scan completed - repositories (1), closed repositories (0), parent repositories (0), unsafe repositories (0)
2026-03-13 22:46:46.120 [info] > git for-each-ref --sort -committerdate --format %(refname)%00%(objectname)%00%(*objectname) [8ms]
2026-03-13 22:46:46.128 [info] > git status -z -uall [16ms]
2026-03-13 22:46:46.141 [info] > git for-each-ref --format=%(refname)%00%(upstream:short)%00%(objectname)%00%(upstream:track)%00%(upstream:remotename)%00%(upstream:remoteref) --ignore-case refs/heads/main refs/remotes/main [7ms]
2026-03-13 22:46:46.147 [info] > git config --get --local branch.main.vscode-merge-base [6ms]
2026-03-13 22:46:46.153 [info] > git for-each-ref --format=%(refname)%00%(upstream:short)%00%(objectname)%00%(upstream:track)%00%(upstream:remotename)%00%(upstream:remoteref) --ignore-case refs/heads/origin/main refs/remotes/origin/main [6ms]
2026-03-13 22:46:46.161 [info] > git merge-base refs/heads/main refs/remotes/origin/main [7ms]
2026-03-13 22:46:46.168 [info] > git diff --raw --numstat --diff-filter=ADMR -z --find-renames=50% 5fe143f0bd28603d2601ac0475ba50303b5fcf0d...refs/remotes/origin/main -- [7ms]
2026-03-13 22:46:46.644 [info] > git check-ignore -v -z --stdin [12ms]
2026-03-13 22:46:46.676 [info] > git config --get commit.template [7ms]
2026-03-13 22:46:46.676 [info] > git for-each-ref --format=%(refname)%00%(upstream:short)%00%(objectname)%00%(upstream:track)%00%(upstream:remotename)%00%(upstream:remoteref) --ignore-case refs/heads/main refs/remotes/main [7ms]
2026-03-13 22:46:46.676 [warning] [Git][revParse] Unable to read file: ENOENT: no such file or directory, open '/Users/kcwen/Documents/02_Projects/syncrex-site/.git/refs/remotes/origin/main'
2026-03-13 22:46:46.683 [info] > git rev-parse refs/remotes/origin/main [7ms]
2026-03-13 22:46:46.691 [info] > git for-each-ref --sort -committerdate --format %(refname)%00%(objectname)%00%(*objectname) [8ms]
2026-03-13 22:46:46.700 [info] > git status -z -uall [17ms]
2026-03-13 22:55:11.096 [info] [main] Log level: Info
2026-03-13 22:55:11.104 [info] [main] Validating found git in: "/usr/bin/git"
2026-03-13 22:55:11.119 [info] [main] Using git "2.50.1 (Apple Git-155)" from "/usr/bin/git"
2026-03-13 22:55:11.119 [info] [Model][doInitialScan] Initial repository scan started
2026-03-13 22:55:11.127 [info] > git rev-parse --show-toplevel [7ms]
2026-03-13 22:55:11.137 [info] > git rev-parse --git-dir --git-common-dir --show-superproject-working-tree [9ms]
2026-03-13 22:55:11.142 [info] [Model][openRepository] Opened repository (path): /Users/kcwen/Documents/02_Projects/syncrex-site
2026-03-13 22:55:11.142 [info] [Model][openRepository] Opened repository (real path): /Users/kcwen/Documents/02_Projects/syncrex-site
2026-03-13 22:55:11.142 [info] [Model][openRepository] Opened repository (kind): repository
2026-03-13 22:55:11.152 [info] > git rev-parse --show-toplevel [8ms]
2026-03-13 22:55:11.153 [info] > git config --get commit.template [9ms]
2026-03-13 22:55:11.153 [info] > git for-each-ref --format=%(refname)%00%(upstream:short)%00%(objectname)%00%(upstream:track)%00%(upstream:remotename)%00%(upstream:remoteref) --ignore-case refs/heads/main refs/remotes/main [8ms]
2026-03-13 22:55:11.154 [warning] [Git][revParse] Unable to read file: ENOENT: no such file or directory, open '/Users/kcwen/Documents/02_Projects/syncrex-site/.git/refs/remotes/origin/main'
2026-03-13 22:55:11.160 [info] > git rev-parse --show-toplevel [7ms]
2026-03-13 22:55:11.160 [info] > git rev-parse refs/remotes/origin/main [6ms]
2026-03-13 22:55:11.168 [info] > git rev-parse --show-toplevel [7ms]
2026-03-13 22:55:11.169 [info] [Model][doInitialScan] Initial repository scan completed - repositories (1), closed repositories (0), parent repositories (0), unsafe repositories (0)
2026-03-13 22:55:11.169 [info] > git for-each-ref --sort -committerdate --format %(refname)%00%(objectname)%00%(*objectname) [8ms]
2026-03-13 22:55:11.179 [info] > git status -z -uall [18ms]
2026-03-13 22:55:11.193 [info] > git for-each-ref --format=%(refname)%00%(upstream:short)%00%(objectname)%00%(upstream:track)%00%(upstream:remotename)%00%(upstream:remoteref) --ignore-case refs/heads/main refs/remotes/main [8ms]
2026-03-13 22:55:11.201 [info] > git config --get --local branch.main.vscode-merge-base [7ms]
2026-03-13 22:55:11.208 [info] > git for-each-ref --format=%(refname)%00%(upstream:short)%00%(objectname)%00%(upstream:track)%00%(upstream:remotename)%00%(upstream:remoteref) --ignore-case refs/heads/origin/main refs/remotes/origin/main [7ms]
2026-03-13 22:55:11.219 [info] > git merge-base refs/heads/main refs/remotes/origin/main [10ms]
2026-03-13 22:55:11.227 [info] > git diff --raw --numstat --diff-filter=ADMR -z --find-renames=50% 5fe143f0bd28603d2601ac0475ba50303b5fcf0d...refs/remotes/origin/main -- [8ms]
2026-03-13 22:55:11.654 [info] > git config --get commit.template [9ms]
2026-03-13 22:55:11.655 [info] > git for-each-ref --format=%(refname)%00%(upstream:short)%00%(objectname)%00%(upstream:track)%00%(upstream:remotename)%00%(upstream:remoteref) --ignore-case refs/heads/main refs/remotes/main [8ms]
2026-03-13 22:55:11.655 [warning] [Git][revParse] Unable to read file: ENOENT: no such file or directory, open '/Users/kcwen/Documents/02_Projects/syncrex-site/.git/refs/remotes/origin/main'
2026-03-13 22:55:11.662 [info] > git rev-parse refs/remotes/origin/main [7ms]
2026-03-13 22:55:11.670 [info] > git for-each-ref --sort -committerdate --format %(refname)%00%(objectname)%00%(*objectname) [7ms]
2026-03-13 22:55:11.680 [info] > git status -z -uall [18ms]
2026-03-13 22:55:12.919 [info] > git check-ignore -v -z --stdin [7ms]
2026-03-13 22:59:38.930 [info] > git check-ignore -v -z --stdin [20ms]
2026-03-13 22:59:39.349 [info] > git config --get commit.template [16ms]
2026-03-13 22:59:39.351 [info] > git for-each-ref --format=%(refname)%00%(upstream:short)%00%(objectname)%00%(upstream:track)%00%(upstream:remotename)%00%(upstream:remoteref) --ignore-case refs/heads/main refs/remotes/main [17ms]
2026-03-13 22:59:39.352 [warning] [Git][revParse] Unable to read file: ENOENT: no such file or directory, open '/Users/kcwen/Documents/02_Projects/syncrex-site/.git/refs/remotes/origin/main'
2026-03-13 22:59:39.363 [info] > git rev-parse refs/remotes/origin/main [11ms]
2026-03-13 22:59:39.374 [info] > git for-each-ref --sort -committerdate --format %(refname)%00%(objectname)%00%(*objectname) [9ms]
2026-03-13 22:59:39.387 [info] > git status -z -uall [23ms]
